ARM GAS  C:\Users\rdeiaco\AppData\Local\Temp\ccQ2klAO.s 			page 1


   1              		.cpu cortex-m0
   2              		.fpu softvfp
   3              		.eabi_attribute 20, 1
   4              		.eabi_attribute 21, 1
   5              		.eabi_attribute 23, 3
   6              		.eabi_attribute 24, 1
   7              		.eabi_attribute 25, 1
   8              		.eabi_attribute 26, 1
   9              		.eabi_attribute 30, 6
  10              		.eabi_attribute 34, 0
  11              		.eabi_attribute 18, 4
  12              		.code	16
  13              		.file	"cyfitter_cfg.c"
  14              		.text
  15              	.Ltext0:
  16              		.cfi_sections	.debug_frame
  17              		.section	.text.CYMEMZERO,"ax",%progbits
  18              		.align	2
  19              		.code	16
  20              		.thumb_func
  21              		.type	CYMEMZERO, %function
  22              	CYMEMZERO:
  23              	.LFB2:
  24              		.file 1 "Generated_Source\\PSoC4\\cyfitter_cfg.c"
   1:Generated_Source\PSoC4/cyfitter_cfg.c **** /*******************************************************************************
   2:Generated_Source\PSoC4/cyfitter_cfg.c **** * File Name: cyfitter_cfg.c
   3:Generated_Source\PSoC4/cyfitter_cfg.c **** * 
   4:Generated_Source\PSoC4/cyfitter_cfg.c **** * PSoC Creator  4.0
   5:Generated_Source\PSoC4/cyfitter_cfg.c **** *
   6:Generated_Source\PSoC4/cyfitter_cfg.c **** * Description:
   7:Generated_Source\PSoC4/cyfitter_cfg.c **** * This file contains device initialization code.
   8:Generated_Source\PSoC4/cyfitter_cfg.c **** * Except for the user defined sections in CyClockStartupError(), this file should not be modified.
   9:Generated_Source\PSoC4/cyfitter_cfg.c **** * This file is automatically generated by PSoC Creator.
  10:Generated_Source\PSoC4/cyfitter_cfg.c **** *
  11:Generated_Source\PSoC4/cyfitter_cfg.c **** ********************************************************************************
  12:Generated_Source\PSoC4/cyfitter_cfg.c **** * Copyright (c) 2007-2016 Cypress Semiconductor.  All rights reserved.
  13:Generated_Source\PSoC4/cyfitter_cfg.c **** * You may use this file only in accordance with the license, terms, conditions, 
  14:Generated_Source\PSoC4/cyfitter_cfg.c **** * disclaimers, and limitations in the end user license agreement accompanying 
  15:Generated_Source\PSoC4/cyfitter_cfg.c **** * the software package with which this file was provided.
  16:Generated_Source\PSoC4/cyfitter_cfg.c **** ********************************************************************************/
  17:Generated_Source\PSoC4/cyfitter_cfg.c **** 
  18:Generated_Source\PSoC4/cyfitter_cfg.c **** #include <string.h>
  19:Generated_Source\PSoC4/cyfitter_cfg.c **** #include "cytypes.h"
  20:Generated_Source\PSoC4/cyfitter_cfg.c **** #include "cydevice_trm.h"
  21:Generated_Source\PSoC4/cyfitter_cfg.c **** #include "cyfitter.h"
  22:Generated_Source\PSoC4/cyfitter_cfg.c **** #include "CyLib.h"
  23:Generated_Source\PSoC4/cyfitter_cfg.c **** #include "cyfitter_cfg.h"
  24:Generated_Source\PSoC4/cyfitter_cfg.c **** #include "cyapicallbacks.h"
  25:Generated_Source\PSoC4/cyfitter_cfg.c **** 
  26:Generated_Source\PSoC4/cyfitter_cfg.c **** 
  27:Generated_Source\PSoC4/cyfitter_cfg.c **** #if defined(__GNUC__) || defined(__ARMCC_VERSION)
  28:Generated_Source\PSoC4/cyfitter_cfg.c ****     #define CYPACKED 
  29:Generated_Source\PSoC4/cyfitter_cfg.c ****     #define CYPACKED_ATTR __attribute__ ((packed))
  30:Generated_Source\PSoC4/cyfitter_cfg.c ****     #define CYALIGNED __attribute__ ((aligned))
  31:Generated_Source\PSoC4/cyfitter_cfg.c ****     #define CY_CFG_UNUSED __attribute__ ((unused))
  32:Generated_Source\PSoC4/cyfitter_cfg.c ****     #ifndef CY_CFG_SECTION
  33:Generated_Source\PSoC4/cyfitter_cfg.c ****         #define CY_CFG_SECTION __attribute__ ((section(".psocinit")))
ARM GAS  C:\Users\rdeiaco\AppData\Local\Temp\ccQ2klAO.s 			page 2


  34:Generated_Source\PSoC4/cyfitter_cfg.c ****     #endif
  35:Generated_Source\PSoC4/cyfitter_cfg.c ****     
  36:Generated_Source\PSoC4/cyfitter_cfg.c ****     #if defined(__ARMCC_VERSION)
  37:Generated_Source\PSoC4/cyfitter_cfg.c ****         #define CY_CFG_MEMORY_BARRIER() __memory_changed()
  38:Generated_Source\PSoC4/cyfitter_cfg.c ****     #else
  39:Generated_Source\PSoC4/cyfitter_cfg.c ****         #define CY_CFG_MEMORY_BARRIER() __sync_synchronize()
  40:Generated_Source\PSoC4/cyfitter_cfg.c ****     #endif
  41:Generated_Source\PSoC4/cyfitter_cfg.c ****     
  42:Generated_Source\PSoC4/cyfitter_cfg.c **** #elif defined(__ICCARM__)
  43:Generated_Source\PSoC4/cyfitter_cfg.c ****     #include <intrinsics.h>
  44:Generated_Source\PSoC4/cyfitter_cfg.c **** 
  45:Generated_Source\PSoC4/cyfitter_cfg.c ****     #define CYPACKED __packed
  46:Generated_Source\PSoC4/cyfitter_cfg.c ****     #define CYPACKED_ATTR 
  47:Generated_Source\PSoC4/cyfitter_cfg.c ****     #define CYALIGNED _Pragma("data_alignment=4")
  48:Generated_Source\PSoC4/cyfitter_cfg.c ****     #define CY_CFG_UNUSED _Pragma("diag_suppress=Pe177")
  49:Generated_Source\PSoC4/cyfitter_cfg.c ****     #define CY_CFG_SECTION _Pragma("location=\".psocinit\"")
  50:Generated_Source\PSoC4/cyfitter_cfg.c ****     
  51:Generated_Source\PSoC4/cyfitter_cfg.c ****     #define CY_CFG_MEMORY_BARRIER() __DMB()
  52:Generated_Source\PSoC4/cyfitter_cfg.c ****     
  53:Generated_Source\PSoC4/cyfitter_cfg.c **** #else
  54:Generated_Source\PSoC4/cyfitter_cfg.c ****     #error Unsupported toolchain
  55:Generated_Source\PSoC4/cyfitter_cfg.c **** #endif
  56:Generated_Source\PSoC4/cyfitter_cfg.c **** 
  57:Generated_Source\PSoC4/cyfitter_cfg.c **** 
  58:Generated_Source\PSoC4/cyfitter_cfg.c **** CY_CFG_UNUSED
  59:Generated_Source\PSoC4/cyfitter_cfg.c **** static void CYMEMZERO(void *s, size_t n);
  60:Generated_Source\PSoC4/cyfitter_cfg.c **** CY_CFG_UNUSED
  61:Generated_Source\PSoC4/cyfitter_cfg.c **** static void CYMEMZERO(void *s, size_t n)
  62:Generated_Source\PSoC4/cyfitter_cfg.c **** {
  25              		.loc 1 62 0
  26              		.cfi_startproc
  27 0000 80B5     		push	{r7, lr}
  28              		.cfi_def_cfa_offset 8
  29              		.cfi_offset 7, -8
  30              		.cfi_offset 14, -4
  31 0002 82B0     		sub	sp, sp, #8
  32              		.cfi_def_cfa_offset 16
  33 0004 00AF     		add	r7, sp, #0
  34              		.cfi_def_cfa_register 7
  35 0006 7860     		str	r0, [r7, #4]
  36 0008 3960     		str	r1, [r7]
  63:Generated_Source\PSoC4/cyfitter_cfg.c **** 	(void)memset(s, 0, n);
  37              		.loc 1 63 0
  38 000a 7A68     		ldr	r2, [r7, #4]
  39 000c 3B68     		ldr	r3, [r7]
  40 000e 101C     		mov	r0, r2
  41 0010 0021     		mov	r1, #0
  42 0012 1A1C     		mov	r2, r3
  43 0014 FFF7FEFF 		bl	memset
  64:Generated_Source\PSoC4/cyfitter_cfg.c **** }
  44              		.loc 1 64 0
  45 0018 BD46     		mov	sp, r7
  46 001a 02B0     		add	sp, sp, #8
  47              		@ sp needed
  48 001c 80BD     		pop	{r7, pc}
  49              		.cfi_endproc
  50              	.LFE2:
ARM GAS  C:\Users\rdeiaco\AppData\Local\Temp\ccQ2klAO.s 			page 3


  51              		.size	CYMEMZERO, .-CYMEMZERO
  52 001e C046     		.section	.text.CYCONFIGCPY,"ax",%progbits
  53              		.align	2
  54              		.code	16
  55              		.thumb_func
  56              		.type	CYCONFIGCPY, %function
  57              	CYCONFIGCPY:
  58              	.LFB3:
  65:Generated_Source\PSoC4/cyfitter_cfg.c **** CY_CFG_UNUSED
  66:Generated_Source\PSoC4/cyfitter_cfg.c **** static void CYCONFIGCPY(void *dest, const void *src, size_t n);
  67:Generated_Source\PSoC4/cyfitter_cfg.c **** CY_CFG_UNUSED
  68:Generated_Source\PSoC4/cyfitter_cfg.c **** static void CYCONFIGCPY(void *dest, const void *src, size_t n)
  69:Generated_Source\PSoC4/cyfitter_cfg.c **** {
  59              		.loc 1 69 0
  60              		.cfi_startproc
  61 0000 80B5     		push	{r7, lr}
  62              		.cfi_def_cfa_offset 8
  63              		.cfi_offset 7, -8
  64              		.cfi_offset 14, -4
  65 0002 84B0     		sub	sp, sp, #16
  66              		.cfi_def_cfa_offset 24
  67 0004 00AF     		add	r7, sp, #0
  68              		.cfi_def_cfa_register 7
  69 0006 F860     		str	r0, [r7, #12]
  70 0008 B960     		str	r1, [r7, #8]
  71 000a 7A60     		str	r2, [r7, #4]
  70:Generated_Source\PSoC4/cyfitter_cfg.c **** 	(void)memcpy(dest, src, n);
  72              		.loc 1 70 0
  73 000c F968     		ldr	r1, [r7, #12]
  74 000e BA68     		ldr	r2, [r7, #8]
  75 0010 7B68     		ldr	r3, [r7, #4]
  76 0012 081C     		mov	r0, r1
  77 0014 111C     		mov	r1, r2
  78 0016 1A1C     		mov	r2, r3
  79 0018 FFF7FEFF 		bl	memcpy
  71:Generated_Source\PSoC4/cyfitter_cfg.c **** }
  80              		.loc 1 71 0
  81 001c BD46     		mov	sp, r7
  82 001e 04B0     		add	sp, sp, #16
  83              		@ sp needed
  84 0020 80BD     		pop	{r7, pc}
  85              		.cfi_endproc
  86              	.LFE3:
  87              		.size	CYCONFIGCPY, .-CYCONFIGCPY
  88 0022 C046     		.section	.text.CYCONFIGCPYCODE,"ax",%progbits
  89              		.align	2
  90              		.code	16
  91              		.thumb_func
  92              		.type	CYCONFIGCPYCODE, %function
  93              	CYCONFIGCPYCODE:
  94              	.LFB4:
  72:Generated_Source\PSoC4/cyfitter_cfg.c **** CY_CFG_UNUSED
  73:Generated_Source\PSoC4/cyfitter_cfg.c **** static void CYCONFIGCPYCODE(void *dest, const void *src, size_t n);
  74:Generated_Source\PSoC4/cyfitter_cfg.c **** CY_CFG_UNUSED
  75:Generated_Source\PSoC4/cyfitter_cfg.c **** static void CYCONFIGCPYCODE(void *dest, const void *src, size_t n)
  76:Generated_Source\PSoC4/cyfitter_cfg.c **** {
  95              		.loc 1 76 0
ARM GAS  C:\Users\rdeiaco\AppData\Local\Temp\ccQ2klAO.s 			page 4


  96              		.cfi_startproc
  97 0000 80B5     		push	{r7, lr}
  98              		.cfi_def_cfa_offset 8
  99              		.cfi_offset 7, -8
 100              		.cfi_offset 14, -4
 101 0002 84B0     		sub	sp, sp, #16
 102              		.cfi_def_cfa_offset 24
 103 0004 00AF     		add	r7, sp, #0
 104              		.cfi_def_cfa_register 7
 105 0006 F860     		str	r0, [r7, #12]
 106 0008 B960     		str	r1, [r7, #8]
 107 000a 7A60     		str	r2, [r7, #4]
  77:Generated_Source\PSoC4/cyfitter_cfg.c **** 	(void)memcpy(dest, src, n);
 108              		.loc 1 77 0
 109 000c F968     		ldr	r1, [r7, #12]
 110 000e BA68     		ldr	r2, [r7, #8]
 111 0010 7B68     		ldr	r3, [r7, #4]
 112 0012 081C     		mov	r0, r1
 113 0014 111C     		mov	r1, r2
 114 0016 1A1C     		mov	r2, r3
 115 0018 FFF7FEFF 		bl	memcpy
  78:Generated_Source\PSoC4/cyfitter_cfg.c **** }
 116              		.loc 1 78 0
 117 001c BD46     		mov	sp, r7
 118 001e 04B0     		add	sp, sp, #16
 119              		@ sp needed
 120 0020 80BD     		pop	{r7, pc}
 121              		.cfi_endproc
 122              	.LFE4:
 123              		.size	CYCONFIGCPYCODE, .-CYCONFIGCPYCODE
 124 0022 C046     		.section	.psocinit,"ax",%progbits
 125              		.align	2
 126              		.code	16
 127              		.thumb_func
 128              		.type	ClockSetup, %function
 129              	ClockSetup:
 130              	.LFB5:
  79:Generated_Source\PSoC4/cyfitter_cfg.c **** 
  80:Generated_Source\PSoC4/cyfitter_cfg.c **** 
  81:Generated_Source\PSoC4/cyfitter_cfg.c **** 
  82:Generated_Source\PSoC4/cyfitter_cfg.c **** 
  83:Generated_Source\PSoC4/cyfitter_cfg.c **** /* Clock startup error codes                                                   */
  84:Generated_Source\PSoC4/cyfitter_cfg.c **** #define CYCLOCKSTART_NO_ERROR    0u
  85:Generated_Source\PSoC4/cyfitter_cfg.c **** #define CYCLOCKSTART_XTAL_ERROR  1u
  86:Generated_Source\PSoC4/cyfitter_cfg.c **** #define CYCLOCKSTART_32KHZ_ERROR 2u
  87:Generated_Source\PSoC4/cyfitter_cfg.c **** #define CYCLOCKSTART_PLL_ERROR   3u
  88:Generated_Source\PSoC4/cyfitter_cfg.c **** 
  89:Generated_Source\PSoC4/cyfitter_cfg.c **** 
  90:Generated_Source\PSoC4/cyfitter_cfg.c **** #ifdef CY_NEED_CYCLOCKSTARTUPERROR
  91:Generated_Source\PSoC4/cyfitter_cfg.c **** /*******************************************************************************
  92:Generated_Source\PSoC4/cyfitter_cfg.c **** * Function Name: CyClockStartupError
  93:Generated_Source\PSoC4/cyfitter_cfg.c **** ********************************************************************************
  94:Generated_Source\PSoC4/cyfitter_cfg.c **** * Summary:
  95:Generated_Source\PSoC4/cyfitter_cfg.c **** *  If an error is encountered during clock configuration (crystal startup error,
  96:Generated_Source\PSoC4/cyfitter_cfg.c **** *  PLL lock error, etc.), the system will end up here.  Unless reimplemented by
  97:Generated_Source\PSoC4/cyfitter_cfg.c **** *  the customer, this function will stop in an infinite loop.
  98:Generated_Source\PSoC4/cyfitter_cfg.c **** *
ARM GAS  C:\Users\rdeiaco\AppData\Local\Temp\ccQ2klAO.s 			page 5


  99:Generated_Source\PSoC4/cyfitter_cfg.c **** * Parameters:
 100:Generated_Source\PSoC4/cyfitter_cfg.c **** *   void
 101:Generated_Source\PSoC4/cyfitter_cfg.c **** *
 102:Generated_Source\PSoC4/cyfitter_cfg.c **** * Return:
 103:Generated_Source\PSoC4/cyfitter_cfg.c **** *   void
 104:Generated_Source\PSoC4/cyfitter_cfg.c **** *
 105:Generated_Source\PSoC4/cyfitter_cfg.c **** *******************************************************************************/
 106:Generated_Source\PSoC4/cyfitter_cfg.c **** CY_CFG_UNUSED
 107:Generated_Source\PSoC4/cyfitter_cfg.c **** static void CyClockStartupError(uint8 errorCode);
 108:Generated_Source\PSoC4/cyfitter_cfg.c **** CY_CFG_UNUSED
 109:Generated_Source\PSoC4/cyfitter_cfg.c **** static void CyClockStartupError(uint8 errorCode)
 110:Generated_Source\PSoC4/cyfitter_cfg.c **** {
 111:Generated_Source\PSoC4/cyfitter_cfg.c ****     /* To remove the compiler warning if errorCode not used.                */
 112:Generated_Source\PSoC4/cyfitter_cfg.c ****     errorCode = errorCode;
 113:Generated_Source\PSoC4/cyfitter_cfg.c **** 
 114:Generated_Source\PSoC4/cyfitter_cfg.c ****     /* If we have a clock startup error (bad MHz crystal, PLL lock, etc.),  */
 115:Generated_Source\PSoC4/cyfitter_cfg.c ****     /* we will end up here to allow the customer to implement something to  */
 116:Generated_Source\PSoC4/cyfitter_cfg.c ****     /* deal with the clock condition.                                       */
 117:Generated_Source\PSoC4/cyfitter_cfg.c **** 
 118:Generated_Source\PSoC4/cyfitter_cfg.c **** #ifdef CY_CFG_CLOCK_STARTUP_ERROR_CALLBACK
 119:Generated_Source\PSoC4/cyfitter_cfg.c **** 	CY_CFG_Clock_Startup_ErrorCallback();
 120:Generated_Source\PSoC4/cyfitter_cfg.c **** #else
 121:Generated_Source\PSoC4/cyfitter_cfg.c **** 	/*  If not using CY_CFG_CLOCK_STARTUP_ERROR_CALLBACK, place your clock startup code here. */
 122:Generated_Source\PSoC4/cyfitter_cfg.c ****     /* `#START CyClockStartupError` */
 123:Generated_Source\PSoC4/cyfitter_cfg.c **** 
 124:Generated_Source\PSoC4/cyfitter_cfg.c **** 
 125:Generated_Source\PSoC4/cyfitter_cfg.c **** 
 126:Generated_Source\PSoC4/cyfitter_cfg.c ****     /* `#END` */
 127:Generated_Source\PSoC4/cyfitter_cfg.c **** 
 128:Generated_Source\PSoC4/cyfitter_cfg.c ****     /* If nothing else, stop here since the clocks have not started         */
 129:Generated_Source\PSoC4/cyfitter_cfg.c ****     /* correctly.                                                           */
 130:Generated_Source\PSoC4/cyfitter_cfg.c ****     while(1) {}
 131:Generated_Source\PSoC4/cyfitter_cfg.c **** #endif /* CY_CFG_CLOCK_STARTUP_ERROR_CALLBACK */ 
 132:Generated_Source\PSoC4/cyfitter_cfg.c **** }
 133:Generated_Source\PSoC4/cyfitter_cfg.c **** #endif
 134:Generated_Source\PSoC4/cyfitter_cfg.c **** 
 135:Generated_Source\PSoC4/cyfitter_cfg.c **** 
 136:Generated_Source\PSoC4/cyfitter_cfg.c **** 
 137:Generated_Source\PSoC4/cyfitter_cfg.c **** /*******************************************************************************
 138:Generated_Source\PSoC4/cyfitter_cfg.c **** * Function Name: ClockSetup
 139:Generated_Source\PSoC4/cyfitter_cfg.c **** ********************************************************************************
 140:Generated_Source\PSoC4/cyfitter_cfg.c **** *
 141:Generated_Source\PSoC4/cyfitter_cfg.c **** * Summary:
 142:Generated_Source\PSoC4/cyfitter_cfg.c **** *   Performs the initialization of all of the clocks in the device based on the
 143:Generated_Source\PSoC4/cyfitter_cfg.c **** *   settings in the Clock tab of the DWR.  This includes enabling the requested
 144:Generated_Source\PSoC4/cyfitter_cfg.c **** *   clocks and setting the necessary dividers to produce the desired frequency. 
 145:Generated_Source\PSoC4/cyfitter_cfg.c **** *
 146:Generated_Source\PSoC4/cyfitter_cfg.c **** * Parameters:
 147:Generated_Source\PSoC4/cyfitter_cfg.c **** *   void
 148:Generated_Source\PSoC4/cyfitter_cfg.c **** *
 149:Generated_Source\PSoC4/cyfitter_cfg.c **** * Return:
 150:Generated_Source\PSoC4/cyfitter_cfg.c **** *   void
 151:Generated_Source\PSoC4/cyfitter_cfg.c **** *
 152:Generated_Source\PSoC4/cyfitter_cfg.c **** *******************************************************************************/
 153:Generated_Source\PSoC4/cyfitter_cfg.c **** static void ClockSetup(void);
 154:Generated_Source\PSoC4/cyfitter_cfg.c **** CY_CFG_SECTION
 155:Generated_Source\PSoC4/cyfitter_cfg.c **** static void ClockSetup(void)
ARM GAS  C:\Users\rdeiaco\AppData\Local\Temp\ccQ2klAO.s 			page 6


 156:Generated_Source\PSoC4/cyfitter_cfg.c **** {
 131              		.loc 1 156 0
 132              		.cfi_startproc
 133 0000 80B5     		push	{r7, lr}
 134              		.cfi_def_cfa_offset 8
 135              		.cfi_offset 7, -8
 136              		.cfi_offset 14, -4
 137 0002 00AF     		add	r7, sp, #0
 138              		.cfi_def_cfa_register 7
 157:Generated_Source\PSoC4/cyfitter_cfg.c **** 
 158:Generated_Source\PSoC4/cyfitter_cfg.c **** 	/* Set Flash Cycles based on max possible frequency in case a glitch occurs during ClockSetup(). *
 159:Generated_Source\PSoC4/cyfitter_cfg.c **** 	CY_SET_REG32((void CYXDATA *)(CYREG_CPUSS_FLASH_CTL), (0x0012u));
 139              		.loc 1 159 0
 140 0004 204B     		ldr	r3, .L5
 141 0006 1222     		mov	r2, #18
 142 0008 1A60     		str	r2, [r3]
 160:Generated_Source\PSoC4/cyfitter_cfg.c **** 
 161:Generated_Source\PSoC4/cyfitter_cfg.c **** 	/* Start the WCO */
 162:Generated_Source\PSoC4/cyfitter_cfg.c **** 	CySysClkWcoStart();
 143              		.loc 1 162 0
 144 000a FFF7FEFF 		bl	CySysClkWcoStart
 163:Generated_Source\PSoC4/cyfitter_cfg.c **** 	(void)CySysClkWcoSetPowerMode(CY_SYS_CLK_WCO_LPM);    /* Switch to the low power mode */
 145              		.loc 1 163 0
 146 000e 0120     		mov	r0, #1
 147 0010 FFF7FEFF 		bl	CySysClkWcoSetPowerMode
 164:Generated_Source\PSoC4/cyfitter_cfg.c **** 
 165:Generated_Source\PSoC4/cyfitter_cfg.c **** 	/* Setup and trim IMO based on desired frequency. */
 166:Generated_Source\PSoC4/cyfitter_cfg.c **** 	CySysClkWriteImoFreq(24u);
 148              		.loc 1 166 0
 149 0014 1820     		mov	r0, #24
 150 0016 FFF7FEFF 		bl	CySysClkWriteImoFreq
 167:Generated_Source\PSoC4/cyfitter_cfg.c **** 	/* CYDEV_CLK_ILO_CONFIG Starting address: CYDEV_CLK_ILO_CONFIG */
 168:Generated_Source\PSoC4/cyfitter_cfg.c **** 	CY_SET_XTND_REG32((void CYFAR *)(CYREG_CLK_ILO_CONFIG), 0x80000006u);
 151              		.loc 1 168 0
 152 001a 1C4B     		ldr	r3, .L5+4
 153 001c 1C4A     		ldr	r2, .L5+8
 154 001e 1A60     		str	r2, [r3]
 169:Generated_Source\PSoC4/cyfitter_cfg.c **** 
 170:Generated_Source\PSoC4/cyfitter_cfg.c **** 
 171:Generated_Source\PSoC4/cyfitter_cfg.c **** 	/* Enable fast start mode for XO */
 172:Generated_Source\PSoC4/cyfitter_cfg.c **** 	CY_SET_REG32((void*)CYREG_BLE_BLERD_BB_XO, CY_GET_REG32((void*)CYREG_BLE_BLERD_BB_XO) | (uint32)0x
 155              		.loc 1 172 0
 156 0020 1C4B     		ldr	r3, .L5+12
 157 0022 1C4A     		ldr	r2, .L5+12
 158 0024 1268     		ldr	r2, [r2]
 159 0026 0221     		mov	r1, #2
 160 0028 0A43     		orr	r2, r1
 161 002a 1A60     		str	r2, [r3]
 173:Generated_Source\PSoC4/cyfitter_cfg.c **** 	CY_SET_XTND_REG32((void CYFAR *)(CYREG_BLE_BLERD_BB_XO_CAPTRIM), 0x00003E2Du);
 162              		.loc 1 173 0
 163 002c 1A4B     		ldr	r3, .L5+16
 164 002e 1B4A     		ldr	r2, .L5+20
 165 0030 1A60     		str	r2, [r3]
 174:Generated_Source\PSoC4/cyfitter_cfg.c **** 	/*Set XTAL(ECO) divider*/
 175:Generated_Source\PSoC4/cyfitter_cfg.c **** 	CY_SET_XTND_REG32((void CYFAR *)(CYREG_BLE_BLESS_XTAL_CLK_DIV_CONFIG), 0x00000000u);
 166              		.loc 1 175 0
 167 0032 1B4B     		ldr	r3, .L5+24
ARM GAS  C:\Users\rdeiaco\AppData\Local\Temp\ccQ2klAO.s 			page 7


 168 0034 0022     		mov	r2, #0
 169 0036 1A60     		str	r2, [r3]
 176:Generated_Source\PSoC4/cyfitter_cfg.c **** 	/* Disable Crystal Stable Interrupt before enabling ECO */
 177:Generated_Source\PSoC4/cyfitter_cfg.c **** 	CY_SET_REG32((void*)CYREG_BLE_BLESS_LL_DSM_CTRL, CY_GET_REG32((void*)CYREG_BLE_BLESS_LL_DSM_CTRL) 
 170              		.loc 1 177 0
 171 0038 1A4B     		ldr	r3, .L5+28
 172 003a 1A4A     		ldr	r2, .L5+28
 173 003c 1268     		ldr	r2, [r2]
 174 003e 0821     		mov	r1, #8
 175 0040 8A43     		bic	r2, r1
 176 0042 1A60     		str	r2, [r3]
 178:Generated_Source\PSoC4/cyfitter_cfg.c **** 	/* Start the ECO and do not check status since it is not needed for HFCLK */
 179:Generated_Source\PSoC4/cyfitter_cfg.c **** 	(void)CySysClkEcoStart(2000u);
 177              		.loc 1 179 0
 178 0044 FA23     		mov	r3, #250
 179 0046 DB00     		lsl	r3, r3, #3
 180 0048 181C     		mov	r0, r3
 181 004a FFF7FEFF 		bl	CySysClkEcoStart
 180:Generated_Source\PSoC4/cyfitter_cfg.c **** 	CyDelayUs(1500u); /* Wait to stabalize */
 182              		.loc 1 180 0
 183 004e 164B     		ldr	r3, .L5+32
 184 0050 181C     		mov	r0, r3
 185 0052 FFF7FEFF 		bl	CyDelayUs
 181:Generated_Source\PSoC4/cyfitter_cfg.c **** 
 182:Generated_Source\PSoC4/cyfitter_cfg.c **** 	/* Setup phase aligned clocks */
 183:Generated_Source\PSoC4/cyfitter_cfg.c **** 	CY_SET_REG32((void *)CYREG_PERI_DIV_16_CTL0, 0x00000F00u);
 186              		.loc 1 183 0
 187 0056 154B     		ldr	r3, .L5+36
 188 0058 F022     		mov	r2, #240
 189 005a 1201     		lsl	r2, r2, #4
 190 005c 1A60     		str	r2, [r3]
 184:Generated_Source\PSoC4/cyfitter_cfg.c **** 	CY_SET_REG32((void *)CYREG_PERI_DIV_CMD, 0x8000FF40u);
 191              		.loc 1 184 0
 192 005e 144B     		ldr	r3, .L5+40
 193 0060 144A     		ldr	r2, .L5+44
 194 0062 1A60     		str	r2, [r3]
 185:Generated_Source\PSoC4/cyfitter_cfg.c **** 
 186:Generated_Source\PSoC4/cyfitter_cfg.c **** 	/* CYDEV_CLK_IMO_CONFIG Starting address: CYDEV_CLK_IMO_CONFIG */
 187:Generated_Source\PSoC4/cyfitter_cfg.c **** 	CY_SET_XTND_REG32((void CYFAR *)(CYREG_CLK_IMO_CONFIG), 0x80000000u);
 195              		.loc 1 187 0
 196 0064 144B     		ldr	r3, .L5+48
 197 0066 8022     		mov	r2, #128
 198 0068 1206     		lsl	r2, r2, #24
 199 006a 1A60     		str	r2, [r3]
 188:Generated_Source\PSoC4/cyfitter_cfg.c **** 
 189:Generated_Source\PSoC4/cyfitter_cfg.c **** 	/* CYDEV_CLK_SELECT Starting address: CYDEV_CLK_SELECT */
 190:Generated_Source\PSoC4/cyfitter_cfg.c **** 	CY_SET_XTND_REG32((void CYFAR *)(CYREG_CLK_SELECT), 0x00000000u);
 200              		.loc 1 190 0
 201 006c 134B     		ldr	r3, .L5+52
 202 006e 0022     		mov	r2, #0
 203 0070 1A60     		str	r2, [r3]
 191:Generated_Source\PSoC4/cyfitter_cfg.c **** 
 192:Generated_Source\PSoC4/cyfitter_cfg.c **** 	/* CYDEV_PERI_PCLK_CTL1 Starting address: CYDEV_PERI_PCLK_CTL1 */
 193:Generated_Source\PSoC4/cyfitter_cfg.c **** 	CY_SET_XTND_REG32((void CYFAR *)(CYREG_PERI_PCLK_CTL1), 0x00000040u);
 204              		.loc 1 193 0
 205 0072 134B     		ldr	r3, .L5+56
 206 0074 4022     		mov	r2, #64
ARM GAS  C:\Users\rdeiaco\AppData\Local\Temp\ccQ2klAO.s 			page 8


 207 0076 1A60     		str	r2, [r3]
 194:Generated_Source\PSoC4/cyfitter_cfg.c **** 
 195:Generated_Source\PSoC4/cyfitter_cfg.c **** 	CY_SET_XTND_REG32((void CYFAR *)(CYREG_WDT_CONFIG), 0x00000000u);
 208              		.loc 1 195 0
 209 0078 124B     		ldr	r3, .L5+60
 210 007a 0022     		mov	r2, #0
 211 007c 1A60     		str	r2, [r3]
 196:Generated_Source\PSoC4/cyfitter_cfg.c **** 	/* Set Flash Cycles based on newly configured 24.00MHz HFCLK. */
 197:Generated_Source\PSoC4/cyfitter_cfg.c **** 	CY_SET_REG32((void CYXDATA *)(CYREG_CPUSS_FLASH_CTL), (0x0011u));
 212              		.loc 1 197 0
 213 007e 024B     		ldr	r3, .L5
 214 0080 1122     		mov	r2, #17
 215 0082 1A60     		str	r2, [r3]
 198:Generated_Source\PSoC4/cyfitter_cfg.c **** }
 216              		.loc 1 198 0
 217 0084 BD46     		mov	sp, r7
 218              		@ sp needed
 219 0086 80BD     		pop	{r7, pc}
 220              	.L6:
 221              		.align	2
 222              	.L5:
 223 0088 30001040 		.word	1074790448
 224 008c 04010B40 		.word	1074462980
 225 0090 06000080 		.word	-2147483642
 226 0094 78002E40 		.word	1076756600
 227 0098 7C002E40 		.word	1076756604
 228 009c 2D3E0000 		.word	15917
 229 00a0 64F02E40 		.word	1076818020
 230 00a4 6CF02E40 		.word	1076818028
 231 00a8 DC050000 		.word	1500
 232 00ac 00030140 		.word	1073808128
 233 00b0 00000140 		.word	1073807360
 234 00b4 40FF0080 		.word	-2147418304
 235 00b8 08010B40 		.word	1074462984
 236 00bc 00010B40 		.word	1074462976
 237 00c0 04010140 		.word	1073807620
 238 00c4 0C020B40 		.word	1074463244
 239              		.cfi_endproc
 240              	.LFE5:
 241              		.size	ClockSetup, .-ClockSetup
 242              		.section	.text.AnalogSetDefault,"ax",%progbits
 243              		.align	2
 244              		.code	16
 245              		.thumb_func
 246              		.type	AnalogSetDefault, %function
 247              	AnalogSetDefault:
 248              	.LFB6:
 199:Generated_Source\PSoC4/cyfitter_cfg.c **** 
 200:Generated_Source\PSoC4/cyfitter_cfg.c **** 
 201:Generated_Source\PSoC4/cyfitter_cfg.c **** /* Analog API Functions */
 202:Generated_Source\PSoC4/cyfitter_cfg.c **** 
 203:Generated_Source\PSoC4/cyfitter_cfg.c **** 
 204:Generated_Source\PSoC4/cyfitter_cfg.c **** /*******************************************************************************
 205:Generated_Source\PSoC4/cyfitter_cfg.c **** * Function Name: AnalogSetDefault
 206:Generated_Source\PSoC4/cyfitter_cfg.c **** ********************************************************************************
 207:Generated_Source\PSoC4/cyfitter_cfg.c **** *
 208:Generated_Source\PSoC4/cyfitter_cfg.c **** * Summary:
ARM GAS  C:\Users\rdeiaco\AppData\Local\Temp\ccQ2klAO.s 			page 9


 209:Generated_Source\PSoC4/cyfitter_cfg.c **** *  Sets up the analog portions of the chip to default values based on chip
 210:Generated_Source\PSoC4/cyfitter_cfg.c **** *  configuration options from the project.
 211:Generated_Source\PSoC4/cyfitter_cfg.c **** *
 212:Generated_Source\PSoC4/cyfitter_cfg.c **** * Parameters:
 213:Generated_Source\PSoC4/cyfitter_cfg.c **** *  void
 214:Generated_Source\PSoC4/cyfitter_cfg.c **** *
 215:Generated_Source\PSoC4/cyfitter_cfg.c **** * Return:
 216:Generated_Source\PSoC4/cyfitter_cfg.c **** *  void
 217:Generated_Source\PSoC4/cyfitter_cfg.c **** *
 218:Generated_Source\PSoC4/cyfitter_cfg.c **** *******************************************************************************/
 219:Generated_Source\PSoC4/cyfitter_cfg.c **** static void AnalogSetDefault(void);
 220:Generated_Source\PSoC4/cyfitter_cfg.c **** static void AnalogSetDefault(void)
 221:Generated_Source\PSoC4/cyfitter_cfg.c **** {
 249              		.loc 1 221 0
 250              		.cfi_startproc
 251 0000 80B5     		push	{r7, lr}
 252              		.cfi_def_cfa_offset 8
 253              		.cfi_offset 7, -8
 254              		.cfi_offset 14, -4
 255 0002 00AF     		add	r7, sp, #0
 256              		.cfi_def_cfa_register 7
 222:Generated_Source\PSoC4/cyfitter_cfg.c **** 	CY_SET_XTND_REG32((void CYFAR *)CYREG_CTBM0_DFT_CTRL, 0x00000003u);
 257              		.loc 1 222 0
 258 0004 054B     		ldr	r3, .L8
 259 0006 0322     		mov	r2, #3
 260 0008 1A60     		str	r2, [r3]
 223:Generated_Source\PSoC4/cyfitter_cfg.c **** 	CY_SET_XTND_REG32((void CYFAR *)CYREG_CTBM1_DFT_CTRL, 0x00000003u);
 261              		.loc 1 223 0
 262 000a 054B     		ldr	r3, .L8+4
 263 000c 0322     		mov	r2, #3
 264 000e 1A60     		str	r2, [r3]
 224:Generated_Source\PSoC4/cyfitter_cfg.c **** 	CY_SET_XTND_REG32((void CYFAR *)CYREG_PASS_DSAB_DSAB_CTRL, 0x00000000u);
 265              		.loc 1 224 0
 266 0010 044B     		ldr	r3, .L8+8
 267 0012 0022     		mov	r2, #0
 268 0014 1A60     		str	r2, [r3]
 225:Generated_Source\PSoC4/cyfitter_cfg.c **** }
 269              		.loc 1 225 0
 270 0016 BD46     		mov	sp, r7
 271              		@ sp needed
 272 0018 80BD     		pop	{r7, pc}
 273              	.L9:
 274 001a C046     		.align	2
 275              	.L8:
 276 001c 30003040 		.word	1076887600
 277 0020 30003140 		.word	1076953136
 278 0024 000E3F40 		.word	1077874176
 279              		.cfi_endproc
 280              	.LFE6:
 281              		.size	AnalogSetDefault, .-AnalogSetDefault
 282              		.section	.psocinit
 283              		.align	2
 284              		.global	cyfitter_cfg
 285              		.code	16
 286              		.thumb_func
 287              		.type	cyfitter_cfg, %function
 288              	cyfitter_cfg:
ARM GAS  C:\Users\rdeiaco\AppData\Local\Temp\ccQ2klAO.s 			page 10


 289              	.LFB7:
 226:Generated_Source\PSoC4/cyfitter_cfg.c **** 
 227:Generated_Source\PSoC4/cyfitter_cfg.c **** #define CY_AMUX_UNUSED CYREG_CM0_ROM_DWT
 228:Generated_Source\PSoC4/cyfitter_cfg.c **** 
 229:Generated_Source\PSoC4/cyfitter_cfg.c **** 
 230:Generated_Source\PSoC4/cyfitter_cfg.c **** /*******************************************************************************
 231:Generated_Source\PSoC4/cyfitter_cfg.c **** * Function Name: cyfitter_cfg
 232:Generated_Source\PSoC4/cyfitter_cfg.c **** ********************************************************************************
 233:Generated_Source\PSoC4/cyfitter_cfg.c **** * Summary:
 234:Generated_Source\PSoC4/cyfitter_cfg.c **** *  This function is called by the start-up code for the selected device. It
 235:Generated_Source\PSoC4/cyfitter_cfg.c **** *  performs all of the necessary device configuration based on the design
 236:Generated_Source\PSoC4/cyfitter_cfg.c **** *  settings.  This includes settings from the Design Wide Resources (DWR) such
 237:Generated_Source\PSoC4/cyfitter_cfg.c **** *  as Clocks and Pins as well as any component configuration that is necessary.
 238:Generated_Source\PSoC4/cyfitter_cfg.c **** *
 239:Generated_Source\PSoC4/cyfitter_cfg.c **** * Parameters:  
 240:Generated_Source\PSoC4/cyfitter_cfg.c **** *   void
 241:Generated_Source\PSoC4/cyfitter_cfg.c **** *
 242:Generated_Source\PSoC4/cyfitter_cfg.c **** * Return:
 243:Generated_Source\PSoC4/cyfitter_cfg.c **** *   void
 244:Generated_Source\PSoC4/cyfitter_cfg.c **** *
 245:Generated_Source\PSoC4/cyfitter_cfg.c **** *******************************************************************************/
 246:Generated_Source\PSoC4/cyfitter_cfg.c **** CY_CFG_SECTION
 247:Generated_Source\PSoC4/cyfitter_cfg.c **** void cyfitter_cfg(void)
 248:Generated_Source\PSoC4/cyfitter_cfg.c **** {
 290              		.loc 1 248 0
 291              		.cfi_startproc
 292 00c8 80B5     		push	{r7, lr}
 293              		.cfi_def_cfa_offset 8
 294              		.cfi_offset 7, -8
 295              		.cfi_offset 14, -4
 296 00ca 82B0     		sub	sp, sp, #8
 297              		.cfi_def_cfa_offset 16
 298 00cc 00AF     		add	r7, sp, #0
 299              		.cfi_def_cfa_register 7
 249:Generated_Source\PSoC4/cyfitter_cfg.c **** 	/* Disable interrupts by default. Let user enable if/when they want. */
 250:Generated_Source\PSoC4/cyfitter_cfg.c **** 	CyGlobalIntDisable;
 300              		.loc 1 250 0
 301              	@ 250 "Generated_Source\PSoC4\cyfitter_cfg.c" 1
 302 00ce 72B6     		CPSID   i
 303              	@ 0 "" 2
 251:Generated_Source\PSoC4/cyfitter_cfg.c **** 
 252:Generated_Source\PSoC4/cyfitter_cfg.c **** 	CY_SET_XTND_REG32((void CYFAR *)(CYREG_BLE_BLESS_LL_DSM_CTRL), 0x00000000u);
 304              		.loc 1 252 0
 305              		.code	16
 306 00d0 374B     		ldr	r3, .L13
 307 00d2 0022     		mov	r2, #0
 308 00d4 1A60     		str	r2, [r3]
 309              	.LBB2:
 253:Generated_Source\PSoC4/cyfitter_cfg.c **** 
 254:Generated_Source\PSoC4/cyfitter_cfg.c **** 	{
 255:Generated_Source\PSoC4/cyfitter_cfg.c **** 
 256:Generated_Source\PSoC4/cyfitter_cfg.c **** 		CYPACKED typedef struct {
 257:Generated_Source\PSoC4/cyfitter_cfg.c **** 			void CYFAR *address;
 258:Generated_Source\PSoC4/cyfitter_cfg.c **** 			uint16 size;
 259:Generated_Source\PSoC4/cyfitter_cfg.c **** 		} CYPACKED_ATTR cfg_memset_t;
 260:Generated_Source\PSoC4/cyfitter_cfg.c **** 
 261:Generated_Source\PSoC4/cyfitter_cfg.c **** 		static const cfg_memset_t CYCODE cfg_memset_list [] = {
ARM GAS  C:\Users\rdeiaco\AppData\Local\Temp\ccQ2klAO.s 			page 11


 262:Generated_Source\PSoC4/cyfitter_cfg.c **** 			/* address, size */
 263:Generated_Source\PSoC4/cyfitter_cfg.c **** 			{(void CYFAR *)(CYDEV_UDB_P0_U0_BASE), 1024u},
 264:Generated_Source\PSoC4/cyfitter_cfg.c **** 			{(void CYFAR *)(CYDEV_UDB_DSI0_BASE), 1024u},
 265:Generated_Source\PSoC4/cyfitter_cfg.c **** 		};
 266:Generated_Source\PSoC4/cyfitter_cfg.c **** 
 267:Generated_Source\PSoC4/cyfitter_cfg.c **** 		uint8 CYDATA i;
 268:Generated_Source\PSoC4/cyfitter_cfg.c **** 
 269:Generated_Source\PSoC4/cyfitter_cfg.c **** 		/* Zero out critical memory blocks before beginning configuration */
 270:Generated_Source\PSoC4/cyfitter_cfg.c **** 		for (i = 0u; i < (sizeof(cfg_memset_list)/sizeof(cfg_memset_list[0])); i++)
 310              		.loc 1 270 0
 311 00d6 FB1D     		add	r3, r7, #7
 312 00d8 0022     		mov	r2, #0
 313 00da 1A70     		strb	r2, [r3]
 314 00dc 23E0     		b	.L11
 315              	.L12:
 316              	.LBB3:
 271:Generated_Source\PSoC4/cyfitter_cfg.c **** 		{
 272:Generated_Source\PSoC4/cyfitter_cfg.c **** 			const cfg_memset_t CYCODE * CYDATA ms = &cfg_memset_list[i];
 317              		.loc 1 272 0 discriminator 3
 318 00de FB1D     		add	r3, r7, #7
 319 00e0 1A78     		ldrb	r2, [r3]
 320 00e2 131C     		mov	r3, r2
 321 00e4 5B00     		lsl	r3, r3, #1
 322 00e6 9B18     		add	r3, r3, r2
 323 00e8 5B00     		lsl	r3, r3, #1
 324 00ea 324A     		ldr	r2, .L13+4
 325 00ec 9B18     		add	r3, r3, r2
 326 00ee 3B60     		str	r3, [r7]
 273:Generated_Source\PSoC4/cyfitter_cfg.c **** 			CYMEMZERO(ms->address, (size_t)(uint32)(ms->size));
 327              		.loc 1 273 0 discriminator 3
 328 00f0 3B68     		ldr	r3, [r7]
 329 00f2 1A78     		ldrb	r2, [r3]
 330 00f4 5978     		ldrb	r1, [r3, #1]
 331 00f6 0902     		lsl	r1, r1, #8
 332 00f8 0A43     		orr	r2, r1
 333 00fa 9978     		ldrb	r1, [r3, #2]
 334 00fc 0904     		lsl	r1, r1, #16
 335 00fe 0A43     		orr	r2, r1
 336 0100 DB78     		ldrb	r3, [r3, #3]
 337 0102 1B06     		lsl	r3, r3, #24
 338 0104 1343     		orr	r3, r2
 339 0106 191C     		mov	r1, r3
 340 0108 3B68     		ldr	r3, [r7]
 341 010a 1A79     		ldrb	r2, [r3, #4]
 342 010c 5B79     		ldrb	r3, [r3, #5]
 343 010e 1B02     		lsl	r3, r3, #8
 344 0110 1343     		orr	r3, r2
 345 0112 9BB2     		uxth	r3, r3
 346 0114 081C     		mov	r0, r1
 347 0116 191C     		mov	r1, r3
 348 0118 FFF7FEFF 		bl	CYMEMZERO
 349              	.LBE3:
 270:Generated_Source\PSoC4/cyfitter_cfg.c **** 		{
 350              		.loc 1 270 0 discriminator 3
 351 011c FB1D     		add	r3, r7, #7
 352 011e 1A78     		ldrb	r2, [r3]
 353 0120 FB1D     		add	r3, r7, #7
ARM GAS  C:\Users\rdeiaco\AppData\Local\Temp\ccQ2klAO.s 			page 12


 354 0122 0132     		add	r2, r2, #1
 355 0124 1A70     		strb	r2, [r3]
 356              	.L11:
 270:Generated_Source\PSoC4/cyfitter_cfg.c **** 		{
 357              		.loc 1 270 0 is_stmt 0 discriminator 1
 358 0126 FB1D     		add	r3, r7, #7
 359 0128 1B78     		ldrb	r3, [r3]
 360 012a 012B     		cmp	r3, #1
 361 012c D7D9     		bls	.L12
 274:Generated_Source\PSoC4/cyfitter_cfg.c **** 		}
 275:Generated_Source\PSoC4/cyfitter_cfg.c **** 
 276:Generated_Source\PSoC4/cyfitter_cfg.c **** 		/* HSIOM Starting address: CYDEV_HSIOM_BASE */
 277:Generated_Source\PSoC4/cyfitter_cfg.c **** 		CY_SET_XTND_REG32((void CYFAR *)(CYDEV_HSIOM_BASE), 0xEE000000u);
 362              		.loc 1 277 0 is_stmt 1
 363 012e 224B     		ldr	r3, .L13+8
 364 0130 EE22     		mov	r2, #238
 365 0132 1206     		lsl	r2, r2, #24
 366 0134 1A60     		str	r2, [r3]
 278:Generated_Source\PSoC4/cyfitter_cfg.c **** 		CY_SET_XTND_REG32((void CYFAR *)(CYREG_HSIOM_PORT_SEL1), 0x00990000u);
 367              		.loc 1 278 0
 368 0136 214B     		ldr	r3, .L13+12
 369 0138 9922     		mov	r2, #153
 370 013a 1204     		lsl	r2, r2, #16
 371 013c 1A60     		str	r2, [r3]
 279:Generated_Source\PSoC4/cyfitter_cfg.c **** 
 280:Generated_Source\PSoC4/cyfitter_cfg.c **** 		/* UDB_PA_0 Starting address: CYDEV_UDB_PA0_BASE */
 281:Generated_Source\PSoC4/cyfitter_cfg.c **** 		CY_SET_XTND_REG32((void CYFAR *)(CYDEV_UDB_PA0_BASE), 0x00990000u);
 372              		.loc 1 281 0
 373 013e 204B     		ldr	r3, .L13+16
 374 0140 9922     		mov	r2, #153
 375 0142 1204     		lsl	r2, r2, #16
 376 0144 1A60     		str	r2, [r3]
 282:Generated_Source\PSoC4/cyfitter_cfg.c **** 
 283:Generated_Source\PSoC4/cyfitter_cfg.c **** 		/* UDB_PA_1 Starting address: CYDEV_UDB_PA1_BASE */
 284:Generated_Source\PSoC4/cyfitter_cfg.c **** 		CY_SET_XTND_REG32((void CYFAR *)(CYDEV_UDB_PA1_BASE), 0x00990000u);
 377              		.loc 1 284 0
 378 0146 1F4B     		ldr	r3, .L13+20
 379 0148 9922     		mov	r2, #153
 380 014a 1204     		lsl	r2, r2, #16
 381 014c 1A60     		str	r2, [r3]
 285:Generated_Source\PSoC4/cyfitter_cfg.c **** 
 286:Generated_Source\PSoC4/cyfitter_cfg.c **** 		/* Enable digital routing */
 287:Generated_Source\PSoC4/cyfitter_cfg.c **** 		CY_SET_XTND_REG8((void *)CYREG_UDB_UDBIF_BANK_CTL, CY_GET_XTND_REG8((void *)CYREG_UDB_UDBIF_BANK_
 382              		.loc 1 287 0
 383 014e 1E4A     		ldr	r2, .L13+24
 384 0150 1D4B     		ldr	r3, .L13+24
 385 0152 1B78     		ldrb	r3, [r3]
 386 0154 DBB2     		uxtb	r3, r3
 387 0156 0221     		mov	r1, #2
 388 0158 0B43     		orr	r3, r1
 389 015a DBB2     		uxtb	r3, r3
 390 015c 1370     		strb	r3, [r2]
 288:Generated_Source\PSoC4/cyfitter_cfg.c **** 
 289:Generated_Source\PSoC4/cyfitter_cfg.c **** 		/* Enable UDB array */
 290:Generated_Source\PSoC4/cyfitter_cfg.c **** 		CY_SET_XTND_REG8((void *)CYREG_UDB_UDBIF_WAIT_CFG, (uint8)((CY_GET_XTND_REG8((void *)CYREG_UDB_UD
 391              		.loc 1 290 0
 392 015e 1B4A     		ldr	r2, .L13+28
ARM GAS  C:\Users\rdeiaco\AppData\Local\Temp\ccQ2klAO.s 			page 13


 393 0160 1A4B     		ldr	r3, .L13+28
 394 0162 1B78     		ldrb	r3, [r3]
 395 0164 DBB2     		uxtb	r3, r3
 396 0166 3C21     		mov	r1, #60
 397 0168 8B43     		bic	r3, r1
 398 016a DBB2     		uxtb	r3, r3
 399 016c 1421     		mov	r1, #20
 400 016e 0B43     		orr	r3, r1
 401 0170 DBB2     		uxtb	r3, r3
 402 0172 1370     		strb	r3, [r2]
 291:Generated_Source\PSoC4/cyfitter_cfg.c **** 		CY_SET_XTND_REG8((void *)CYREG_UDB_UDBIF_BANK_CTL, (uint8)(CY_GET_XTND_REG8((void *)CYREG_UDB_UDB
 403              		.loc 1 291 0
 404 0174 144A     		ldr	r2, .L13+24
 405 0176 144B     		ldr	r3, .L13+24
 406 0178 1B78     		ldrb	r3, [r3]
 407 017a DBB2     		uxtb	r3, r3
 408 017c 1621     		mov	r1, #22
 409 017e 0B43     		orr	r3, r1
 410 0180 DBB2     		uxtb	r3, r3
 411 0182 1370     		strb	r3, [r2]
 412              	.LBE2:
 292:Generated_Source\PSoC4/cyfitter_cfg.c **** 	}
 293:Generated_Source\PSoC4/cyfitter_cfg.c **** 
 294:Generated_Source\PSoC4/cyfitter_cfg.c **** 	/* Perform second pass device configuration. These items must be configured in specific order afte
 295:Generated_Source\PSoC4/cyfitter_cfg.c **** 	/* IOPINS0_0 Starting address: CYDEV_GPIO_PRT0_BASE */
 296:Generated_Source\PSoC4/cyfitter_cfg.c **** 	CY_SET_XTND_REG32((void CYFAR *)(CYREG_GPIO_PRT0_PC), 0x00D80000u);
 413              		.loc 1 296 0
 414 0184 124B     		ldr	r3, .L13+32
 415 0186 D822     		mov	r2, #216
 416 0188 1204     		lsl	r2, r2, #16
 417 018a 1A60     		str	r2, [r3]
 297:Generated_Source\PSoC4/cyfitter_cfg.c **** 
 298:Generated_Source\PSoC4/cyfitter_cfg.c **** 	/* IOPINS0_1 Starting address: CYDEV_GPIO_PRT1_BASE */
 299:Generated_Source\PSoC4/cyfitter_cfg.c **** 	CY_SET_XTND_REG32((void CYFAR *)(CYDEV_GPIO_PRT1_BASE), 0x00000020u);
 418              		.loc 1 299 0
 419 018c 114B     		ldr	r3, .L13+36
 420 018e 2022     		mov	r2, #32
 421 0190 1A60     		str	r2, [r3]
 300:Generated_Source\PSoC4/cyfitter_cfg.c **** 	CY_SET_XTND_REG32((void CYFAR *)(CYREG_GPIO_PRT1_PC), 0x00031000u);
 422              		.loc 1 300 0
 423 0192 114B     		ldr	r3, .L13+40
 424 0194 C422     		mov	r2, #196
 425 0196 9202     		lsl	r2, r2, #10
 426 0198 1A60     		str	r2, [r3]
 301:Generated_Source\PSoC4/cyfitter_cfg.c **** 	CY_SET_XTND_REG32((void CYFAR *)(CYREG_GPIO_PRT1_PC2), 0x00000020u);
 427              		.loc 1 301 0
 428 019a 104B     		ldr	r3, .L13+44
 429 019c 2022     		mov	r2, #32
 430 019e 1A60     		str	r2, [r3]
 302:Generated_Source\PSoC4/cyfitter_cfg.c **** 
 303:Generated_Source\PSoC4/cyfitter_cfg.c **** 
 304:Generated_Source\PSoC4/cyfitter_cfg.c **** 	/* Setup clocks based on selections from Clock DWR */
 305:Generated_Source\PSoC4/cyfitter_cfg.c **** 	ClockSetup();
 431              		.loc 1 305 0
 432 01a0 FFF72EFF 		bl	ClockSetup
 306:Generated_Source\PSoC4/cyfitter_cfg.c **** 
 307:Generated_Source\PSoC4/cyfitter_cfg.c **** 	/* Perform basic analog initialization to defaults */
ARM GAS  C:\Users\rdeiaco\AppData\Local\Temp\ccQ2klAO.s 			page 14


 308:Generated_Source\PSoC4/cyfitter_cfg.c **** 	AnalogSetDefault();
 433              		.loc 1 308 0
 434 01a4 FFF7FEFF 		bl	AnalogSetDefault
 309:Generated_Source\PSoC4/cyfitter_cfg.c **** 
 310:Generated_Source\PSoC4/cyfitter_cfg.c **** }
 435              		.loc 1 310 0
 436 01a8 BD46     		mov	sp, r7
 437 01aa 02B0     		add	sp, sp, #8
 438              		@ sp needed
 439 01ac 80BD     		pop	{r7, pc}
 440              	.L14:
 441 01ae C046     		.align	2
 442              	.L13:
 443 01b0 6CF02E40 		.word	1076818028
 444 01b4 00000000 		.word	cfg_memset_list.4762
 445 01b8 00000240 		.word	1073872896
 446 01bc 00010240 		.word	1073873152
 447 01c0 00500F40 		.word	1074745344
 448 01c4 10500F40 		.word	1074745360
 449 01c8 00700F40 		.word	1074753536
 450 01cc 01700F40 		.word	1074753537
 451 01d0 08000440 		.word	1074003976
 452 01d4 00010440 		.word	1074004224
 453 01d8 08010440 		.word	1074004232
 454 01dc 18010440 		.word	1074004248
 455              		.cfi_endproc
 456              	.LFE7:
 457              		.size	cyfitter_cfg, .-cyfitter_cfg
 458              		.section	.rodata
 459              		.align	2
 460              		.type	cfg_memset_list.4762, %object
 461              		.size	cfg_memset_list.4762, 12
 462              	cfg_memset_list.4762:
 463 0000 00300F40 		.word	1074737152
 464 0004 0004     		.short	1024
 465 0006 00400F40 		.4byte	1074741248
 466 000a 0004     		.short	1024
 467              		.text
 468              	.Letext0:
 469              		.file 2 "c:\\program files (x86)\\cypress\\psoc creator\\4.0\\psoc creator\\import\\gnu\\arm\\4.9.
 470              		.file 3 "Generated_Source\\PSoC4\\cytypes.h"
 471              		.section	.debug_info,"",%progbits
 472              	.Ldebug_info0:
 473 0000 4D020000 		.4byte	0x24d
 474 0004 0400     		.2byte	0x4
 475 0006 00000000 		.4byte	.Ldebug_abbrev0
 476 000a 04       		.byte	0x4
 477 000b 01       		.uleb128 0x1
 478 000c A5000000 		.4byte	.LASF29
 479 0010 01       		.byte	0x1
 480 0011 F6010000 		.4byte	.LASF30
 481 0015 A0010000 		.4byte	.LASF31
 482 0019 00000000 		.4byte	.Ldebug_ranges0+0
 483 001d 00000000 		.4byte	0
 484 0021 00000000 		.4byte	.Ldebug_line0
 485 0025 02       		.uleb128 0x2
 486 0026 04       		.byte	0x4
ARM GAS  C:\Users\rdeiaco\AppData\Local\Temp\ccQ2klAO.s 			page 15


 487 0027 05       		.byte	0x5
 488 0028 696E7400 		.ascii	"int\000"
 489 002c 03       		.uleb128 0x3
 490 002d 06000000 		.4byte	.LASF11
 491 0031 02       		.byte	0x2
 492 0032 D4       		.byte	0xd4
 493 0033 37000000 		.4byte	0x37
 494 0037 04       		.uleb128 0x4
 495 0038 04       		.byte	0x4
 496 0039 07       		.byte	0x7
 497 003a 41010000 		.4byte	.LASF0
 498 003e 04       		.uleb128 0x4
 499 003f 01       		.byte	0x1
 500 0040 06       		.byte	0x6
 501 0041 EA010000 		.4byte	.LASF1
 502 0045 04       		.uleb128 0x4
 503 0046 01       		.byte	0x1
 504 0047 08       		.byte	0x8
 505 0048 83000000 		.4byte	.LASF2
 506 004c 04       		.uleb128 0x4
 507 004d 02       		.byte	0x2
 508 004e 05       		.byte	0x5
 509 004f 96010000 		.4byte	.LASF3
 510 0053 04       		.uleb128 0x4
 511 0054 02       		.byte	0x2
 512 0055 07       		.byte	0x7
 513 0056 39000000 		.4byte	.LASF4
 514 005a 04       		.uleb128 0x4
 515 005b 04       		.byte	0x4
 516 005c 05       		.byte	0x5
 517 005d E1010000 		.4byte	.LASF5
 518 0061 04       		.uleb128 0x4
 519 0062 04       		.byte	0x4
 520 0063 07       		.byte	0x7
 521 0064 61000000 		.4byte	.LASF6
 522 0068 04       		.uleb128 0x4
 523 0069 08       		.byte	0x8
 524 006a 05       		.byte	0x5
 525 006b 83010000 		.4byte	.LASF7
 526 006f 04       		.uleb128 0x4
 527 0070 08       		.byte	0x8
 528 0071 07       		.byte	0x7
 529 0072 56010000 		.4byte	.LASF8
 530 0076 04       		.uleb128 0x4
 531 0077 04       		.byte	0x4
 532 0078 07       		.byte	0x7
 533 0079 7A010000 		.4byte	.LASF9
 534 007d 05       		.uleb128 0x5
 535 007e 04       		.byte	0x4
 536 007f 04       		.uleb128 0x4
 537 0080 01       		.byte	0x1
 538 0081 08       		.byte	0x8
 539 0082 91010000 		.4byte	.LASF10
 540 0086 06       		.uleb128 0x6
 541 0087 73000000 		.4byte	.LASF12
 542 008b 03       		.byte	0x3
 543 008c B901     		.2byte	0x1b9
ARM GAS  C:\Users\rdeiaco\AppData\Local\Temp\ccQ2klAO.s 			page 16


 544 008e 45000000 		.4byte	0x45
 545 0092 06       		.uleb128 0x6
 546 0093 33010000 		.4byte	.LASF13
 547 0097 03       		.byte	0x3
 548 0098 BA01     		.2byte	0x1ba
 549 009a 53000000 		.4byte	0x53
 550 009e 06       		.uleb128 0x6
 551 009f 3A010000 		.4byte	.LASF14
 552 00a3 03       		.byte	0x3
 553 00a4 BB01     		.2byte	0x1bb
 554 00a6 61000000 		.4byte	0x61
 555 00aa 04       		.uleb128 0x4
 556 00ab 04       		.byte	0x4
 557 00ac 04       		.byte	0x4
 558 00ad 4C000000 		.4byte	.LASF15
 559 00b1 04       		.uleb128 0x4
 560 00b2 08       		.byte	0x8
 561 00b3 04       		.byte	0x4
 562 00b4 91000000 		.4byte	.LASF16
 563 00b8 06       		.uleb128 0x6
 564 00b9 5C000000 		.4byte	.LASF17
 565 00bd 03       		.byte	0x3
 566 00be 6302     		.2byte	0x263
 567 00c0 C4000000 		.4byte	0xc4
 568 00c4 07       		.uleb128 0x7
 569 00c5 86000000 		.4byte	0x86
 570 00c9 06       		.uleb128 0x6
 571 00ca 00000000 		.4byte	.LASF18
 572 00ce 03       		.byte	0x3
 573 00cf 6502     		.2byte	0x265
 574 00d1 D5000000 		.4byte	0xd5
 575 00d5 07       		.uleb128 0x7
 576 00d6 9E000000 		.4byte	0x9e
 577 00da 08       		.uleb128 0x8
 578 00db 79000000 		.4byte	.LASF19
 579 00df 01       		.byte	0x1
 580 00e0 3D       		.byte	0x3d
 581 00e1 00000000 		.4byte	.LFB2
 582 00e5 1E000000 		.4byte	.LFE2-.LFB2
 583 00e9 01       		.uleb128 0x1
 584 00ea 9C       		.byte	0x9c
 585 00eb 08010000 		.4byte	0x108
 586 00ef 09       		.uleb128 0x9
 587 00f0 7300     		.ascii	"s\000"
 588 00f2 01       		.byte	0x1
 589 00f3 3D       		.byte	0x3d
 590 00f4 7D000000 		.4byte	0x7d
 591 00f8 02       		.uleb128 0x2
 592 00f9 91       		.byte	0x91
 593 00fa 74       		.sleb128 -12
 594 00fb 09       		.uleb128 0x9
 595 00fc 6E00     		.ascii	"n\000"
 596 00fe 01       		.byte	0x1
 597 00ff 3D       		.byte	0x3d
 598 0100 2C000000 		.4byte	0x2c
 599 0104 02       		.uleb128 0x2
 600 0105 91       		.byte	0x91
ARM GAS  C:\Users\rdeiaco\AppData\Local\Temp\ccQ2klAO.s 			page 17


 601 0106 70       		.sleb128 -16
 602 0107 00       		.byte	0
 603 0108 08       		.uleb128 0x8
 604 0109 2C020000 		.4byte	.LASF20
 605 010d 01       		.byte	0x1
 606 010e 44       		.byte	0x44
 607 010f 00000000 		.4byte	.LFB3
 608 0113 22000000 		.4byte	.LFE3-.LFB3
 609 0117 01       		.uleb128 0x1
 610 0118 9C       		.byte	0x9c
 611 0119 46010000 		.4byte	0x146
 612 011d 0A       		.uleb128 0xa
 613 011e 52000000 		.4byte	.LASF21
 614 0122 01       		.byte	0x1
 615 0123 44       		.byte	0x44
 616 0124 7D000000 		.4byte	0x7d
 617 0128 02       		.uleb128 0x2
 618 0129 91       		.byte	0x91
 619 012a 74       		.sleb128 -12
 620 012b 09       		.uleb128 0x9
 621 012c 73726300 		.ascii	"src\000"
 622 0130 01       		.byte	0x1
 623 0131 44       		.byte	0x44
 624 0132 46010000 		.4byte	0x146
 625 0136 02       		.uleb128 0x2
 626 0137 91       		.byte	0x91
 627 0138 70       		.sleb128 -16
 628 0139 09       		.uleb128 0x9
 629 013a 6E00     		.ascii	"n\000"
 630 013c 01       		.byte	0x1
 631 013d 44       		.byte	0x44
 632 013e 2C000000 		.4byte	0x2c
 633 0142 02       		.uleb128 0x2
 634 0143 91       		.byte	0x91
 635 0144 6C       		.sleb128 -20
 636 0145 00       		.byte	0
 637 0146 0B       		.uleb128 0xb
 638 0147 04       		.byte	0x4
 639 0148 4C010000 		.4byte	0x14c
 640 014c 0C       		.uleb128 0xc
 641 014d 08       		.uleb128 0x8
 642 014e 1C020000 		.4byte	.LASF22
 643 0152 01       		.byte	0x1
 644 0153 4B       		.byte	0x4b
 645 0154 00000000 		.4byte	.LFB4
 646 0158 22000000 		.4byte	.LFE4-.LFB4
 647 015c 01       		.uleb128 0x1
 648 015d 9C       		.byte	0x9c
 649 015e 8B010000 		.4byte	0x18b
 650 0162 0A       		.uleb128 0xa
 651 0163 52000000 		.4byte	.LASF21
 652 0167 01       		.byte	0x1
 653 0168 4B       		.byte	0x4b
 654 0169 7D000000 		.4byte	0x7d
 655 016d 02       		.uleb128 0x2
 656 016e 91       		.byte	0x91
 657 016f 74       		.sleb128 -12
ARM GAS  C:\Users\rdeiaco\AppData\Local\Temp\ccQ2klAO.s 			page 18


 658 0170 09       		.uleb128 0x9
 659 0171 73726300 		.ascii	"src\000"
 660 0175 01       		.byte	0x1
 661 0176 4B       		.byte	0x4b
 662 0177 46010000 		.4byte	0x146
 663 017b 02       		.uleb128 0x2
 664 017c 91       		.byte	0x91
 665 017d 70       		.sleb128 -16
 666 017e 09       		.uleb128 0x9
 667 017f 6E00     		.ascii	"n\000"
 668 0181 01       		.byte	0x1
 669 0182 4B       		.byte	0x4b
 670 0183 2C000000 		.4byte	0x2c
 671 0187 02       		.uleb128 0x2
 672 0188 91       		.byte	0x91
 673 0189 6C       		.sleb128 -20
 674 018a 00       		.byte	0
 675 018b 0D       		.uleb128 0xd
 676 018c 2E000000 		.4byte	.LASF23
 677 0190 01       		.byte	0x1
 678 0191 9B       		.byte	0x9b
 679 0192 00000000 		.4byte	.LFB5
 680 0196 C8000000 		.4byte	.LFE5-.LFB5
 681 019a 01       		.uleb128 0x1
 682 019b 9C       		.byte	0x9c
 683 019c 0E       		.uleb128 0xe
 684 019d 0D000000 		.4byte	.LASF24
 685 01a1 01       		.byte	0x1
 686 01a2 DC       		.byte	0xdc
 687 01a3 00000000 		.4byte	.LFB6
 688 01a7 28000000 		.4byte	.LFE6-.LFB6
 689 01ab 01       		.uleb128 0x1
 690 01ac 9C       		.byte	0x9c
 691 01ad 0F       		.uleb128 0xf
 692 01ae 98000000 		.4byte	.LASF32
 693 01b2 01       		.byte	0x1
 694 01b3 F7       		.byte	0xf7
 695 01b4 C8000000 		.4byte	.LFB7
 696 01b8 18010000 		.4byte	.LFE7-.LFB7
 697 01bc 01       		.uleb128 0x1
 698 01bd 9C       		.byte	0x9c
 699 01be 10       		.uleb128 0x10
 700 01bf D6000000 		.4byte	.LBB2
 701 01c3 AE000000 		.4byte	.LBE2-.LBB2
 702 01c7 11       		.uleb128 0x11
 703 01c8 06       		.byte	0x6
 704 01c9 01       		.byte	0x1
 705 01ca 0001     		.2byte	0x100
 706 01cc EB010000 		.4byte	0x1eb
 707 01d0 12       		.uleb128 0x12
 708 01d1 4E010000 		.4byte	.LASF25
 709 01d5 01       		.byte	0x1
 710 01d6 0101     		.2byte	0x101
 711 01d8 7D000000 		.4byte	0x7d
 712 01dc 00       		.byte	0
 713 01dd 12       		.uleb128 0x12
 714 01de 57000000 		.4byte	.LASF26
ARM GAS  C:\Users\rdeiaco\AppData\Local\Temp\ccQ2klAO.s 			page 19


 715 01e2 01       		.byte	0x1
 716 01e3 0201     		.2byte	0x102
 717 01e5 92000000 		.4byte	0x92
 718 01e9 04       		.byte	0x4
 719 01ea 00       		.byte	0
 720 01eb 06       		.uleb128 0x6
 721 01ec 6D010000 		.4byte	.LASF27
 722 01f0 01       		.byte	0x1
 723 01f1 0301     		.2byte	0x103
 724 01f3 C7010000 		.4byte	0x1c7
 725 01f7 13       		.uleb128 0x13
 726 01f8 EB010000 		.4byte	0x1eb
 727 01fc 07020000 		.4byte	0x207
 728 0200 14       		.uleb128 0x14
 729 0201 76000000 		.4byte	0x76
 730 0205 01       		.byte	0x1
 731 0206 00       		.byte	0
 732 0207 15       		.uleb128 0x15
 733 0208 1E000000 		.4byte	.LASF28
 734 020c 01       		.byte	0x1
 735 020d 0501     		.2byte	0x105
 736 020f 19020000 		.4byte	0x219
 737 0213 05       		.uleb128 0x5
 738 0214 03       		.byte	0x3
 739 0215 00000000 		.4byte	cfg_memset_list.4762
 740 0219 16       		.uleb128 0x16
 741 021a F7010000 		.4byte	0x1f7
 742 021e 17       		.uleb128 0x17
 743 021f 6900     		.ascii	"i\000"
 744 0221 01       		.byte	0x1
 745 0222 0B01     		.2byte	0x10b
 746 0224 86000000 		.4byte	0x86
 747 0228 02       		.uleb128 0x2
 748 0229 91       		.byte	0x91
 749 022a 77       		.sleb128 -9
 750 022b 10       		.uleb128 0x10
 751 022c DE000000 		.4byte	.LBB3
 752 0230 3E000000 		.4byte	.LBE3-.LBB3
 753 0234 17       		.uleb128 0x17
 754 0235 6D7300   		.ascii	"ms\000"
 755 0238 01       		.byte	0x1
 756 0239 1001     		.2byte	0x110
 757 023b 42020000 		.4byte	0x242
 758 023f 02       		.uleb128 0x2
 759 0240 91       		.byte	0x91
 760 0241 70       		.sleb128 -16
 761 0242 0B       		.uleb128 0xb
 762 0243 04       		.byte	0x4
 763 0244 48020000 		.4byte	0x248
 764 0248 16       		.uleb128 0x16
 765 0249 EB010000 		.4byte	0x1eb
 766 024d 00       		.byte	0
 767 024e 00       		.byte	0
 768 024f 00       		.byte	0
 769 0250 00       		.byte	0
 770              		.section	.debug_abbrev,"",%progbits
 771              	.Ldebug_abbrev0:
ARM GAS  C:\Users\rdeiaco\AppData\Local\Temp\ccQ2klAO.s 			page 20


 772 0000 01       		.uleb128 0x1
 773 0001 11       		.uleb128 0x11
 774 0002 01       		.byte	0x1
 775 0003 25       		.uleb128 0x25
 776 0004 0E       		.uleb128 0xe
 777 0005 13       		.uleb128 0x13
 778 0006 0B       		.uleb128 0xb
 779 0007 03       		.uleb128 0x3
 780 0008 0E       		.uleb128 0xe
 781 0009 1B       		.uleb128 0x1b
 782 000a 0E       		.uleb128 0xe
 783 000b 55       		.uleb128 0x55
 784 000c 17       		.uleb128 0x17
 785 000d 11       		.uleb128 0x11
 786 000e 01       		.uleb128 0x1
 787 000f 10       		.uleb128 0x10
 788 0010 17       		.uleb128 0x17
 789 0011 00       		.byte	0
 790 0012 00       		.byte	0
 791 0013 02       		.uleb128 0x2
 792 0014 24       		.uleb128 0x24
 793 0015 00       		.byte	0
 794 0016 0B       		.uleb128 0xb
 795 0017 0B       		.uleb128 0xb
 796 0018 3E       		.uleb128 0x3e
 797 0019 0B       		.uleb128 0xb
 798 001a 03       		.uleb128 0x3
 799 001b 08       		.uleb128 0x8
 800 001c 00       		.byte	0
 801 001d 00       		.byte	0
 802 001e 03       		.uleb128 0x3
 803 001f 16       		.uleb128 0x16
 804 0020 00       		.byte	0
 805 0021 03       		.uleb128 0x3
 806 0022 0E       		.uleb128 0xe
 807 0023 3A       		.uleb128 0x3a
 808 0024 0B       		.uleb128 0xb
 809 0025 3B       		.uleb128 0x3b
 810 0026 0B       		.uleb128 0xb
 811 0027 49       		.uleb128 0x49
 812 0028 13       		.uleb128 0x13
 813 0029 00       		.byte	0
 814 002a 00       		.byte	0
 815 002b 04       		.uleb128 0x4
 816 002c 24       		.uleb128 0x24
 817 002d 00       		.byte	0
 818 002e 0B       		.uleb128 0xb
 819 002f 0B       		.uleb128 0xb
 820 0030 3E       		.uleb128 0x3e
 821 0031 0B       		.uleb128 0xb
 822 0032 03       		.uleb128 0x3
 823 0033 0E       		.uleb128 0xe
 824 0034 00       		.byte	0
 825 0035 00       		.byte	0
 826 0036 05       		.uleb128 0x5
 827 0037 0F       		.uleb128 0xf
 828 0038 00       		.byte	0
ARM GAS  C:\Users\rdeiaco\AppData\Local\Temp\ccQ2klAO.s 			page 21


 829 0039 0B       		.uleb128 0xb
 830 003a 0B       		.uleb128 0xb
 831 003b 00       		.byte	0
 832 003c 00       		.byte	0
 833 003d 06       		.uleb128 0x6
 834 003e 16       		.uleb128 0x16
 835 003f 00       		.byte	0
 836 0040 03       		.uleb128 0x3
 837 0041 0E       		.uleb128 0xe
 838 0042 3A       		.uleb128 0x3a
 839 0043 0B       		.uleb128 0xb
 840 0044 3B       		.uleb128 0x3b
 841 0045 05       		.uleb128 0x5
 842 0046 49       		.uleb128 0x49
 843 0047 13       		.uleb128 0x13
 844 0048 00       		.byte	0
 845 0049 00       		.byte	0
 846 004a 07       		.uleb128 0x7
 847 004b 35       		.uleb128 0x35
 848 004c 00       		.byte	0
 849 004d 49       		.uleb128 0x49
 850 004e 13       		.uleb128 0x13
 851 004f 00       		.byte	0
 852 0050 00       		.byte	0
 853 0051 08       		.uleb128 0x8
 854 0052 2E       		.uleb128 0x2e
 855 0053 01       		.byte	0x1
 856 0054 03       		.uleb128 0x3
 857 0055 0E       		.uleb128 0xe
 858 0056 3A       		.uleb128 0x3a
 859 0057 0B       		.uleb128 0xb
 860 0058 3B       		.uleb128 0x3b
 861 0059 0B       		.uleb128 0xb
 862 005a 27       		.uleb128 0x27
 863 005b 19       		.uleb128 0x19
 864 005c 11       		.uleb128 0x11
 865 005d 01       		.uleb128 0x1
 866 005e 12       		.uleb128 0x12
 867 005f 06       		.uleb128 0x6
 868 0060 40       		.uleb128 0x40
 869 0061 18       		.uleb128 0x18
 870 0062 9642     		.uleb128 0x2116
 871 0064 19       		.uleb128 0x19
 872 0065 01       		.uleb128 0x1
 873 0066 13       		.uleb128 0x13
 874 0067 00       		.byte	0
 875 0068 00       		.byte	0
 876 0069 09       		.uleb128 0x9
 877 006a 05       		.uleb128 0x5
 878 006b 00       		.byte	0
 879 006c 03       		.uleb128 0x3
 880 006d 08       		.uleb128 0x8
 881 006e 3A       		.uleb128 0x3a
 882 006f 0B       		.uleb128 0xb
 883 0070 3B       		.uleb128 0x3b
 884 0071 0B       		.uleb128 0xb
 885 0072 49       		.uleb128 0x49
ARM GAS  C:\Users\rdeiaco\AppData\Local\Temp\ccQ2klAO.s 			page 22


 886 0073 13       		.uleb128 0x13
 887 0074 02       		.uleb128 0x2
 888 0075 18       		.uleb128 0x18
 889 0076 00       		.byte	0
 890 0077 00       		.byte	0
 891 0078 0A       		.uleb128 0xa
 892 0079 05       		.uleb128 0x5
 893 007a 00       		.byte	0
 894 007b 03       		.uleb128 0x3
 895 007c 0E       		.uleb128 0xe
 896 007d 3A       		.uleb128 0x3a
 897 007e 0B       		.uleb128 0xb
 898 007f 3B       		.uleb128 0x3b
 899 0080 0B       		.uleb128 0xb
 900 0081 49       		.uleb128 0x49
 901 0082 13       		.uleb128 0x13
 902 0083 02       		.uleb128 0x2
 903 0084 18       		.uleb128 0x18
 904 0085 00       		.byte	0
 905 0086 00       		.byte	0
 906 0087 0B       		.uleb128 0xb
 907 0088 0F       		.uleb128 0xf
 908 0089 00       		.byte	0
 909 008a 0B       		.uleb128 0xb
 910 008b 0B       		.uleb128 0xb
 911 008c 49       		.uleb128 0x49
 912 008d 13       		.uleb128 0x13
 913 008e 00       		.byte	0
 914 008f 00       		.byte	0
 915 0090 0C       		.uleb128 0xc
 916 0091 26       		.uleb128 0x26
 917 0092 00       		.byte	0
 918 0093 00       		.byte	0
 919 0094 00       		.byte	0
 920 0095 0D       		.uleb128 0xd
 921 0096 2E       		.uleb128 0x2e
 922 0097 00       		.byte	0
 923 0098 03       		.uleb128 0x3
 924 0099 0E       		.uleb128 0xe
 925 009a 3A       		.uleb128 0x3a
 926 009b 0B       		.uleb128 0xb
 927 009c 3B       		.uleb128 0x3b
 928 009d 0B       		.uleb128 0xb
 929 009e 27       		.uleb128 0x27
 930 009f 19       		.uleb128 0x19
 931 00a0 11       		.uleb128 0x11
 932 00a1 01       		.uleb128 0x1
 933 00a2 12       		.uleb128 0x12
 934 00a3 06       		.uleb128 0x6
 935 00a4 40       		.uleb128 0x40
 936 00a5 18       		.uleb128 0x18
 937 00a6 9642     		.uleb128 0x2116
 938 00a8 19       		.uleb128 0x19
 939 00a9 00       		.byte	0
 940 00aa 00       		.byte	0
 941 00ab 0E       		.uleb128 0xe
 942 00ac 2E       		.uleb128 0x2e
ARM GAS  C:\Users\rdeiaco\AppData\Local\Temp\ccQ2klAO.s 			page 23


 943 00ad 00       		.byte	0
 944 00ae 03       		.uleb128 0x3
 945 00af 0E       		.uleb128 0xe
 946 00b0 3A       		.uleb128 0x3a
 947 00b1 0B       		.uleb128 0xb
 948 00b2 3B       		.uleb128 0x3b
 949 00b3 0B       		.uleb128 0xb
 950 00b4 27       		.uleb128 0x27
 951 00b5 19       		.uleb128 0x19
 952 00b6 11       		.uleb128 0x11
 953 00b7 01       		.uleb128 0x1
 954 00b8 12       		.uleb128 0x12
 955 00b9 06       		.uleb128 0x6
 956 00ba 40       		.uleb128 0x40
 957 00bb 18       		.uleb128 0x18
 958 00bc 9742     		.uleb128 0x2117
 959 00be 19       		.uleb128 0x19
 960 00bf 00       		.byte	0
 961 00c0 00       		.byte	0
 962 00c1 0F       		.uleb128 0xf
 963 00c2 2E       		.uleb128 0x2e
 964 00c3 01       		.byte	0x1
 965 00c4 3F       		.uleb128 0x3f
 966 00c5 19       		.uleb128 0x19
 967 00c6 03       		.uleb128 0x3
 968 00c7 0E       		.uleb128 0xe
 969 00c8 3A       		.uleb128 0x3a
 970 00c9 0B       		.uleb128 0xb
 971 00ca 3B       		.uleb128 0x3b
 972 00cb 0B       		.uleb128 0xb
 973 00cc 27       		.uleb128 0x27
 974 00cd 19       		.uleb128 0x19
 975 00ce 11       		.uleb128 0x11
 976 00cf 01       		.uleb128 0x1
 977 00d0 12       		.uleb128 0x12
 978 00d1 06       		.uleb128 0x6
 979 00d2 40       		.uleb128 0x40
 980 00d3 18       		.uleb128 0x18
 981 00d4 9642     		.uleb128 0x2116
 982 00d6 19       		.uleb128 0x19
 983 00d7 00       		.byte	0
 984 00d8 00       		.byte	0
 985 00d9 10       		.uleb128 0x10
 986 00da 0B       		.uleb128 0xb
 987 00db 01       		.byte	0x1
 988 00dc 11       		.uleb128 0x11
 989 00dd 01       		.uleb128 0x1
 990 00de 12       		.uleb128 0x12
 991 00df 06       		.uleb128 0x6
 992 00e0 00       		.byte	0
 993 00e1 00       		.byte	0
 994 00e2 11       		.uleb128 0x11
 995 00e3 13       		.uleb128 0x13
 996 00e4 01       		.byte	0x1
 997 00e5 0B       		.uleb128 0xb
 998 00e6 0B       		.uleb128 0xb
 999 00e7 3A       		.uleb128 0x3a
ARM GAS  C:\Users\rdeiaco\AppData\Local\Temp\ccQ2klAO.s 			page 24


 1000 00e8 0B       		.uleb128 0xb
 1001 00e9 3B       		.uleb128 0x3b
 1002 00ea 05       		.uleb128 0x5
 1003 00eb 01       		.uleb128 0x1
 1004 00ec 13       		.uleb128 0x13
 1005 00ed 00       		.byte	0
 1006 00ee 00       		.byte	0
 1007 00ef 12       		.uleb128 0x12
 1008 00f0 0D       		.uleb128 0xd
 1009 00f1 00       		.byte	0
 1010 00f2 03       		.uleb128 0x3
 1011 00f3 0E       		.uleb128 0xe
 1012 00f4 3A       		.uleb128 0x3a
 1013 00f5 0B       		.uleb128 0xb
 1014 00f6 3B       		.uleb128 0x3b
 1015 00f7 05       		.uleb128 0x5
 1016 00f8 49       		.uleb128 0x49
 1017 00f9 13       		.uleb128 0x13
 1018 00fa 38       		.uleb128 0x38
 1019 00fb 0B       		.uleb128 0xb
 1020 00fc 00       		.byte	0
 1021 00fd 00       		.byte	0
 1022 00fe 13       		.uleb128 0x13
 1023 00ff 01       		.uleb128 0x1
 1024 0100 01       		.byte	0x1
 1025 0101 49       		.uleb128 0x49
 1026 0102 13       		.uleb128 0x13
 1027 0103 01       		.uleb128 0x1
 1028 0104 13       		.uleb128 0x13
 1029 0105 00       		.byte	0
 1030 0106 00       		.byte	0
 1031 0107 14       		.uleb128 0x14
 1032 0108 21       		.uleb128 0x21
 1033 0109 00       		.byte	0
 1034 010a 49       		.uleb128 0x49
 1035 010b 13       		.uleb128 0x13
 1036 010c 2F       		.uleb128 0x2f
 1037 010d 0B       		.uleb128 0xb
 1038 010e 00       		.byte	0
 1039 010f 00       		.byte	0
 1040 0110 15       		.uleb128 0x15
 1041 0111 34       		.uleb128 0x34
 1042 0112 00       		.byte	0
 1043 0113 03       		.uleb128 0x3
 1044 0114 0E       		.uleb128 0xe
 1045 0115 3A       		.uleb128 0x3a
 1046 0116 0B       		.uleb128 0xb
 1047 0117 3B       		.uleb128 0x3b
 1048 0118 05       		.uleb128 0x5
 1049 0119 49       		.uleb128 0x49
 1050 011a 13       		.uleb128 0x13
 1051 011b 02       		.uleb128 0x2
 1052 011c 18       		.uleb128 0x18
 1053 011d 00       		.byte	0
 1054 011e 00       		.byte	0
 1055 011f 16       		.uleb128 0x16
 1056 0120 26       		.uleb128 0x26
ARM GAS  C:\Users\rdeiaco\AppData\Local\Temp\ccQ2klAO.s 			page 25


 1057 0121 00       		.byte	0
 1058 0122 49       		.uleb128 0x49
 1059 0123 13       		.uleb128 0x13
 1060 0124 00       		.byte	0
 1061 0125 00       		.byte	0
 1062 0126 17       		.uleb128 0x17
 1063 0127 34       		.uleb128 0x34
 1064 0128 00       		.byte	0
 1065 0129 03       		.uleb128 0x3
 1066 012a 08       		.uleb128 0x8
 1067 012b 3A       		.uleb128 0x3a
 1068 012c 0B       		.uleb128 0xb
 1069 012d 3B       		.uleb128 0x3b
 1070 012e 05       		.uleb128 0x5
 1071 012f 49       		.uleb128 0x49
 1072 0130 13       		.uleb128 0x13
 1073 0131 02       		.uleb128 0x2
 1074 0132 18       		.uleb128 0x18
 1075 0133 00       		.byte	0
 1076 0134 00       		.byte	0
 1077 0135 00       		.byte	0
 1078              		.section	.debug_aranges,"",%progbits
 1079 0000 44000000 		.4byte	0x44
 1080 0004 0200     		.2byte	0x2
 1081 0006 00000000 		.4byte	.Ldebug_info0
 1082 000a 04       		.byte	0x4
 1083 000b 00       		.byte	0
 1084 000c 0000     		.2byte	0
 1085 000e 0000     		.2byte	0
 1086 0010 00000000 		.4byte	.LFB2
 1087 0014 1E000000 		.4byte	.LFE2-.LFB2
 1088 0018 00000000 		.4byte	.LFB3
 1089 001c 22000000 		.4byte	.LFE3-.LFB3
 1090 0020 00000000 		.4byte	.LFB4
 1091 0024 22000000 		.4byte	.LFE4-.LFB4
 1092 0028 00000000 		.4byte	.LFB5
 1093 002c C8000000 		.4byte	.LFE5-.LFB5
 1094 0030 00000000 		.4byte	.LFB6
 1095 0034 28000000 		.4byte	.LFE6-.LFB6
 1096 0038 C8000000 		.4byte	.LFB7
 1097 003c 18010000 		.4byte	.LFE7-.LFB7
 1098 0040 00000000 		.4byte	0
 1099 0044 00000000 		.4byte	0
 1100              		.section	.debug_ranges,"",%progbits
 1101              	.Ldebug_ranges0:
 1102 0000 00000000 		.4byte	.LFB2
 1103 0004 1E000000 		.4byte	.LFE2
 1104 0008 00000000 		.4byte	.LFB3
 1105 000c 22000000 		.4byte	.LFE3
 1106 0010 00000000 		.4byte	.LFB4
 1107 0014 22000000 		.4byte	.LFE4
 1108 0018 00000000 		.4byte	.LFB5
 1109 001c C8000000 		.4byte	.LFE5
 1110 0020 00000000 		.4byte	.LFB6
 1111 0024 28000000 		.4byte	.LFE6
 1112 0028 C8000000 		.4byte	.LFB7
 1113 002c E0010000 		.4byte	.LFE7
ARM GAS  C:\Users\rdeiaco\AppData\Local\Temp\ccQ2klAO.s 			page 26


 1114 0030 00000000 		.4byte	0
 1115 0034 00000000 		.4byte	0
 1116              		.section	.debug_line,"",%progbits
 1117              	.Ldebug_line0:
 1118 0000 6C010000 		.section	.debug_str,"MS",%progbits,1
 1118      0200CB00 
 1118      00000201 
 1118      FB0E0D00 
 1118      01010101 
 1119              	.LASF18:
 1120 0000 72656733 		.ascii	"reg32\000"
 1120      3200
 1121              	.LASF11:
 1122 0006 73697A65 		.ascii	"size_t\000"
 1122      5F7400
 1123              	.LASF24:
 1124 000d 416E616C 		.ascii	"AnalogSetDefault\000"
 1124      6F675365 
 1124      74446566 
 1124      61756C74 
 1124      00
 1125              	.LASF28:
 1126 001e 6366675F 		.ascii	"cfg_memset_list\000"
 1126      6D656D73 
 1126      65745F6C 
 1126      69737400 
 1127              	.LASF23:
 1128 002e 436C6F63 		.ascii	"ClockSetup\000"
 1128      6B536574 
 1128      757000
 1129              	.LASF4:
 1130 0039 73686F72 		.ascii	"short unsigned int\000"
 1130      7420756E 
 1130      7369676E 
 1130      65642069 
 1130      6E7400
 1131              	.LASF15:
 1132 004c 666C6F61 		.ascii	"float\000"
 1132      7400
 1133              	.LASF21:
 1134 0052 64657374 		.ascii	"dest\000"
 1134      00
 1135              	.LASF26:
 1136 0057 73697A65 		.ascii	"size\000"
 1136      00
 1137              	.LASF17:
 1138 005c 72656738 		.ascii	"reg8\000"
 1138      00
 1139              	.LASF6:
 1140 0061 6C6F6E67 		.ascii	"long unsigned int\000"
 1140      20756E73 
 1140      69676E65 
 1140      6420696E 
 1140      7400
 1141              	.LASF12:
 1142 0073 75696E74 		.ascii	"uint8\000"
 1142      3800
ARM GAS  C:\Users\rdeiaco\AppData\Local\Temp\ccQ2klAO.s 			page 27


 1143              	.LASF19:
 1144 0079 43594D45 		.ascii	"CYMEMZERO\000"
 1144      4D5A4552 
 1144      4F00
 1145              	.LASF2:
 1146 0083 756E7369 		.ascii	"unsigned char\000"
 1146      676E6564 
 1146      20636861 
 1146      7200
 1147              	.LASF16:
 1148 0091 646F7562 		.ascii	"double\000"
 1148      6C6500
 1149              	.LASF32:
 1150 0098 63796669 		.ascii	"cyfitter_cfg\000"
 1150      74746572 
 1150      5F636667 
 1150      00
 1151              	.LASF29:
 1152 00a5 474E5520 		.ascii	"GNU C 4.9.3 20150303 (release) [ARM/embedded-4_9-br"
 1152      4320342E 
 1152      392E3320 
 1152      32303135 
 1152      30333033 
 1153 00d8 616E6368 		.ascii	"anch revision 221220] -mcpu=cortex-m0 -mthumb -g -O"
 1153      20726576 
 1153      6973696F 
 1153      6E203232 
 1153      31323230 
 1154 010b 30202D66 		.ascii	"0 -ffunction-sections -ffat-lto-objects\000"
 1154      66756E63 
 1154      74696F6E 
 1154      2D736563 
 1154      74696F6E 
 1155              	.LASF13:
 1156 0133 75696E74 		.ascii	"uint16\000"
 1156      313600
 1157              	.LASF14:
 1158 013a 75696E74 		.ascii	"uint32\000"
 1158      333200
 1159              	.LASF0:
 1160 0141 756E7369 		.ascii	"unsigned int\000"
 1160      676E6564 
 1160      20696E74 
 1160      00
 1161              	.LASF25:
 1162 014e 61646472 		.ascii	"address\000"
 1162      65737300 
 1163              	.LASF8:
 1164 0156 6C6F6E67 		.ascii	"long long unsigned int\000"
 1164      206C6F6E 
 1164      6720756E 
 1164      7369676E 
 1164      65642069 
 1165              	.LASF27:
 1166 016d 6366675F 		.ascii	"cfg_memset_t\000"
 1166      6D656D73 
 1166      65745F74 
ARM GAS  C:\Users\rdeiaco\AppData\Local\Temp\ccQ2klAO.s 			page 28


 1166      00
 1167              	.LASF9:
 1168 017a 73697A65 		.ascii	"sizetype\000"
 1168      74797065 
 1168      00
 1169              	.LASF7:
 1170 0183 6C6F6E67 		.ascii	"long long int\000"
 1170      206C6F6E 
 1170      6720696E 
 1170      7400
 1171              	.LASF10:
 1172 0191 63686172 		.ascii	"char\000"
 1172      00
 1173              	.LASF3:
 1174 0196 73686F72 		.ascii	"short int\000"
 1174      7420696E 
 1174      7400
 1175              	.LASF31:
 1176 01a0 433A5C55 		.ascii	"C:\\Users\\rdeiaco\\Documents\\PSoC Creator\\FSM\\S"
 1176      73657273 
 1176      5C726465 
 1176      6961636F 
 1176      5C446F63 
 1177 01cd 43425F55 		.ascii	"CB_UartComm01.cydsn\000"
 1177      61727443 
 1177      6F6D6D30 
 1177      312E6379 
 1177      64736E00 
 1178              	.LASF5:
 1179 01e1 6C6F6E67 		.ascii	"long int\000"
 1179      20696E74 
 1179      00
 1180              	.LASF1:
 1181 01ea 7369676E 		.ascii	"signed char\000"
 1181      65642063 
 1181      68617200 
 1182              	.LASF30:
 1183 01f6 47656E65 		.ascii	"Generated_Source\\PSoC4\\cyfitter_cfg.c\000"
 1183      72617465 
 1183      645F536F 
 1183      75726365 
 1183      5C50536F 
 1184              	.LASF22:
 1185 021c 4359434F 		.ascii	"CYCONFIGCPYCODE\000"
 1185      4E464947 
 1185      43505943 
 1185      4F444500 
 1186              	.LASF20:
 1187 022c 4359434F 		.ascii	"CYCONFIGCPY\000"
 1187      4E464947 
 1187      43505900 
 1188              		.ident	"GCC: (GNU Tools for ARM Embedded Processors) 4.9.3 20150303 (release) [ARM/embedded-4_9-br
