ARM GAS  C:\Users\Nick\AppData\Local\Temp\ccazOhnz.s 			page 1


   1              		.cpu cortex-m0
   2              		.fpu softvfp
   3              		.eabi_attribute 20, 1
   4              		.eabi_attribute 21, 1
   5              		.eabi_attribute 23, 3
   6              		.eabi_attribute 24, 1
   7              		.eabi_attribute 25, 1
   8              		.eabi_attribute 26, 1
   9              		.eabi_attribute 30, 6
  10              		.eabi_attribute 34, 0
  11              		.eabi_attribute 18, 4
  12              		.code	16
  13              		.file	"cyfitter_cfg.c"
  14              		.text
  15              	.Ltext0:
  16              		.cfi_sections	.debug_frame
  17              		.section	.text.CYMEMZERO,"ax",%progbits
  18              		.align	2
  19              		.code	16
  20              		.thumb_func
  21              		.type	CYMEMZERO, %function
  22              	CYMEMZERO:
  23              	.LFB2:
  24              		.file 1 "Generated_Source\\PSoC4\\cyfitter_cfg.c"
   1:Generated_Source\PSoC4/cyfitter_cfg.c **** /*******************************************************************************
   2:Generated_Source\PSoC4/cyfitter_cfg.c **** * File Name: cyfitter_cfg.c
   3:Generated_Source\PSoC4/cyfitter_cfg.c **** * 
   4:Generated_Source\PSoC4/cyfitter_cfg.c **** * PSoC Creator  4.0
   5:Generated_Source\PSoC4/cyfitter_cfg.c **** *
   6:Generated_Source\PSoC4/cyfitter_cfg.c **** * Description:
   7:Generated_Source\PSoC4/cyfitter_cfg.c **** * This file contains device initialization code.
   8:Generated_Source\PSoC4/cyfitter_cfg.c **** * Except for the user defined sections in CyClockStartupError(), this file should not be modified.
   9:Generated_Source\PSoC4/cyfitter_cfg.c **** * This file is automatically generated by PSoC Creator.
  10:Generated_Source\PSoC4/cyfitter_cfg.c **** *
  11:Generated_Source\PSoC4/cyfitter_cfg.c **** ********************************************************************************
  12:Generated_Source\PSoC4/cyfitter_cfg.c **** * Copyright (c) 2007-2016 Cypress Semiconductor.  All rights reserved.
  13:Generated_Source\PSoC4/cyfitter_cfg.c **** * You may use this file only in accordance with the license, terms, conditions, 
  14:Generated_Source\PSoC4/cyfitter_cfg.c **** * disclaimers, and limitations in the end user license agreement accompanying 
  15:Generated_Source\PSoC4/cyfitter_cfg.c **** * the software package with which this file was provided.
  16:Generated_Source\PSoC4/cyfitter_cfg.c **** ********************************************************************************/
  17:Generated_Source\PSoC4/cyfitter_cfg.c **** 
  18:Generated_Source\PSoC4/cyfitter_cfg.c **** #include <string.h>
  19:Generated_Source\PSoC4/cyfitter_cfg.c **** #include "cytypes.h"
  20:Generated_Source\PSoC4/cyfitter_cfg.c **** #include "cydevice_trm.h"
  21:Generated_Source\PSoC4/cyfitter_cfg.c **** #include "cyfitter.h"
  22:Generated_Source\PSoC4/cyfitter_cfg.c **** #include "CyLib.h"
  23:Generated_Source\PSoC4/cyfitter_cfg.c **** #include "cyfitter_cfg.h"
  24:Generated_Source\PSoC4/cyfitter_cfg.c **** #include "cyapicallbacks.h"
  25:Generated_Source\PSoC4/cyfitter_cfg.c **** 
  26:Generated_Source\PSoC4/cyfitter_cfg.c **** 
  27:Generated_Source\PSoC4/cyfitter_cfg.c **** #if defined(__GNUC__) || defined(__ARMCC_VERSION)
  28:Generated_Source\PSoC4/cyfitter_cfg.c ****     #define CYPACKED 
  29:Generated_Source\PSoC4/cyfitter_cfg.c ****     #define CYPACKED_ATTR __attribute__ ((packed))
  30:Generated_Source\PSoC4/cyfitter_cfg.c ****     #define CYALIGNED __attribute__ ((aligned))
  31:Generated_Source\PSoC4/cyfitter_cfg.c ****     #define CY_CFG_UNUSED __attribute__ ((unused))
  32:Generated_Source\PSoC4/cyfitter_cfg.c ****     #ifndef CY_CFG_SECTION
  33:Generated_Source\PSoC4/cyfitter_cfg.c ****         #define CY_CFG_SECTION __attribute__ ((section(".psocinit")))
ARM GAS  C:\Users\Nick\AppData\Local\Temp\ccazOhnz.s 			page 2


  34:Generated_Source\PSoC4/cyfitter_cfg.c ****     #endif
  35:Generated_Source\PSoC4/cyfitter_cfg.c ****     
  36:Generated_Source\PSoC4/cyfitter_cfg.c ****     #if defined(__ARMCC_VERSION)
  37:Generated_Source\PSoC4/cyfitter_cfg.c ****         #define CY_CFG_MEMORY_BARRIER() __memory_changed()
  38:Generated_Source\PSoC4/cyfitter_cfg.c ****     #else
  39:Generated_Source\PSoC4/cyfitter_cfg.c ****         #define CY_CFG_MEMORY_BARRIER() __sync_synchronize()
  40:Generated_Source\PSoC4/cyfitter_cfg.c ****     #endif
  41:Generated_Source\PSoC4/cyfitter_cfg.c ****     
  42:Generated_Source\PSoC4/cyfitter_cfg.c **** #elif defined(__ICCARM__)
  43:Generated_Source\PSoC4/cyfitter_cfg.c ****     #include <intrinsics.h>
  44:Generated_Source\PSoC4/cyfitter_cfg.c **** 
  45:Generated_Source\PSoC4/cyfitter_cfg.c ****     #define CYPACKED __packed
  46:Generated_Source\PSoC4/cyfitter_cfg.c ****     #define CYPACKED_ATTR 
  47:Generated_Source\PSoC4/cyfitter_cfg.c ****     #define CYALIGNED _Pragma("data_alignment=4")
  48:Generated_Source\PSoC4/cyfitter_cfg.c ****     #define CY_CFG_UNUSED _Pragma("diag_suppress=Pe177")
  49:Generated_Source\PSoC4/cyfitter_cfg.c ****     #define CY_CFG_SECTION _Pragma("location=\".psocinit\"")
  50:Generated_Source\PSoC4/cyfitter_cfg.c ****     
  51:Generated_Source\PSoC4/cyfitter_cfg.c ****     #define CY_CFG_MEMORY_BARRIER() __DMB()
  52:Generated_Source\PSoC4/cyfitter_cfg.c ****     
  53:Generated_Source\PSoC4/cyfitter_cfg.c **** #else
  54:Generated_Source\PSoC4/cyfitter_cfg.c ****     #error Unsupported toolchain
  55:Generated_Source\PSoC4/cyfitter_cfg.c **** #endif
  56:Generated_Source\PSoC4/cyfitter_cfg.c **** 
  57:Generated_Source\PSoC4/cyfitter_cfg.c **** 
  58:Generated_Source\PSoC4/cyfitter_cfg.c **** CY_CFG_UNUSED
  59:Generated_Source\PSoC4/cyfitter_cfg.c **** static void CYMEMZERO(void *s, size_t n);
  60:Generated_Source\PSoC4/cyfitter_cfg.c **** CY_CFG_UNUSED
  61:Generated_Source\PSoC4/cyfitter_cfg.c **** static void CYMEMZERO(void *s, size_t n)
  62:Generated_Source\PSoC4/cyfitter_cfg.c **** {
  25              		.loc 1 62 0
  26              		.cfi_startproc
  27 0000 80B5     		push	{r7, lr}
  28              		.cfi_def_cfa_offset 8
  29              		.cfi_offset 7, -8
  30              		.cfi_offset 14, -4
  31 0002 82B0     		sub	sp, sp, #8
  32              		.cfi_def_cfa_offset 16
  33 0004 00AF     		add	r7, sp, #0
  34              		.cfi_def_cfa_register 7
  35 0006 7860     		str	r0, [r7, #4]
  36 0008 3960     		str	r1, [r7]
  63:Generated_Source\PSoC4/cyfitter_cfg.c **** 	(void)memset(s, 0, n);
  37              		.loc 1 63 0
  38 000a 7A68     		ldr	r2, [r7, #4]
  39 000c 3B68     		ldr	r3, [r7]
  40 000e 101C     		mov	r0, r2
  41 0010 0021     		mov	r1, #0
  42 0012 1A1C     		mov	r2, r3
  43 0014 FFF7FEFF 		bl	memset
  64:Generated_Source\PSoC4/cyfitter_cfg.c **** }
  44              		.loc 1 64 0
  45 0018 BD46     		mov	sp, r7
  46 001a 02B0     		add	sp, sp, #8
  47              		@ sp needed
  48 001c 80BD     		pop	{r7, pc}
  49              		.cfi_endproc
  50              	.LFE2:
ARM GAS  C:\Users\Nick\AppData\Local\Temp\ccazOhnz.s 			page 3


  51              		.size	CYMEMZERO, .-CYMEMZERO
  52 001e C046     		.section	.text.CYCONFIGCPY,"ax",%progbits
  53              		.align	2
  54              		.code	16
  55              		.thumb_func
  56              		.type	CYCONFIGCPY, %function
  57              	CYCONFIGCPY:
  58              	.LFB3:
  65:Generated_Source\PSoC4/cyfitter_cfg.c **** CY_CFG_UNUSED
  66:Generated_Source\PSoC4/cyfitter_cfg.c **** static void CYCONFIGCPY(void *dest, const void *src, size_t n);
  67:Generated_Source\PSoC4/cyfitter_cfg.c **** CY_CFG_UNUSED
  68:Generated_Source\PSoC4/cyfitter_cfg.c **** static void CYCONFIGCPY(void *dest, const void *src, size_t n)
  69:Generated_Source\PSoC4/cyfitter_cfg.c **** {
  59              		.loc 1 69 0
  60              		.cfi_startproc
  61 0000 80B5     		push	{r7, lr}
  62              		.cfi_def_cfa_offset 8
  63              		.cfi_offset 7, -8
  64              		.cfi_offset 14, -4
  65 0002 84B0     		sub	sp, sp, #16
  66              		.cfi_def_cfa_offset 24
  67 0004 00AF     		add	r7, sp, #0
  68              		.cfi_def_cfa_register 7
  69 0006 F860     		str	r0, [r7, #12]
  70 0008 B960     		str	r1, [r7, #8]
  71 000a 7A60     		str	r2, [r7, #4]
  70:Generated_Source\PSoC4/cyfitter_cfg.c **** 	(void)memcpy(dest, src, n);
  72              		.loc 1 70 0
  73 000c F968     		ldr	r1, [r7, #12]
  74 000e BA68     		ldr	r2, [r7, #8]
  75 0010 7B68     		ldr	r3, [r7, #4]
  76 0012 081C     		mov	r0, r1
  77 0014 111C     		mov	r1, r2
  78 0016 1A1C     		mov	r2, r3
  79 0018 FFF7FEFF 		bl	memcpy
  71:Generated_Source\PSoC4/cyfitter_cfg.c **** }
  80              		.loc 1 71 0
  81 001c BD46     		mov	sp, r7
  82 001e 04B0     		add	sp, sp, #16
  83              		@ sp needed
  84 0020 80BD     		pop	{r7, pc}
  85              		.cfi_endproc
  86              	.LFE3:
  87              		.size	CYCONFIGCPY, .-CYCONFIGCPY
  88 0022 C046     		.section	.text.CYCONFIGCPYCODE,"ax",%progbits
  89              		.align	2
  90              		.code	16
  91              		.thumb_func
  92              		.type	CYCONFIGCPYCODE, %function
  93              	CYCONFIGCPYCODE:
  94              	.LFB4:
  72:Generated_Source\PSoC4/cyfitter_cfg.c **** CY_CFG_UNUSED
  73:Generated_Source\PSoC4/cyfitter_cfg.c **** static void CYCONFIGCPYCODE(void *dest, const void *src, size_t n);
  74:Generated_Source\PSoC4/cyfitter_cfg.c **** CY_CFG_UNUSED
  75:Generated_Source\PSoC4/cyfitter_cfg.c **** static void CYCONFIGCPYCODE(void *dest, const void *src, size_t n)
  76:Generated_Source\PSoC4/cyfitter_cfg.c **** {
  95              		.loc 1 76 0
ARM GAS  C:\Users\Nick\AppData\Local\Temp\ccazOhnz.s 			page 4


  96              		.cfi_startproc
  97 0000 80B5     		push	{r7, lr}
  98              		.cfi_def_cfa_offset 8
  99              		.cfi_offset 7, -8
 100              		.cfi_offset 14, -4
 101 0002 84B0     		sub	sp, sp, #16
 102              		.cfi_def_cfa_offset 24
 103 0004 00AF     		add	r7, sp, #0
 104              		.cfi_def_cfa_register 7
 105 0006 F860     		str	r0, [r7, #12]
 106 0008 B960     		str	r1, [r7, #8]
 107 000a 7A60     		str	r2, [r7, #4]
  77:Generated_Source\PSoC4/cyfitter_cfg.c **** 	(void)memcpy(dest, src, n);
 108              		.loc 1 77 0
 109 000c F968     		ldr	r1, [r7, #12]
 110 000e BA68     		ldr	r2, [r7, #8]
 111 0010 7B68     		ldr	r3, [r7, #4]
 112 0012 081C     		mov	r0, r1
 113 0014 111C     		mov	r1, r2
 114 0016 1A1C     		mov	r2, r3
 115 0018 FFF7FEFF 		bl	memcpy
  78:Generated_Source\PSoC4/cyfitter_cfg.c **** }
 116              		.loc 1 78 0
 117 001c BD46     		mov	sp, r7
 118 001e 04B0     		add	sp, sp, #16
 119              		@ sp needed
 120 0020 80BD     		pop	{r7, pc}
 121              		.cfi_endproc
 122              	.LFE4:
 123              		.size	CYCONFIGCPYCODE, .-CYCONFIGCPYCODE
 124 0022 C046     		.section	.text.cfg_write_bytes32,"ax",%progbits
 125              		.align	2
 126              		.code	16
 127              		.thumb_func
 128              		.type	cfg_write_bytes32, %function
 129              	cfg_write_bytes32:
 130              	.LFB5:
  79:Generated_Source\PSoC4/cyfitter_cfg.c **** 
  80:Generated_Source\PSoC4/cyfitter_cfg.c **** 
  81:Generated_Source\PSoC4/cyfitter_cfg.c **** 
  82:Generated_Source\PSoC4/cyfitter_cfg.c **** 
  83:Generated_Source\PSoC4/cyfitter_cfg.c **** /* Clock startup error codes                                                   */
  84:Generated_Source\PSoC4/cyfitter_cfg.c **** #define CYCLOCKSTART_NO_ERROR    0u
  85:Generated_Source\PSoC4/cyfitter_cfg.c **** #define CYCLOCKSTART_XTAL_ERROR  1u
  86:Generated_Source\PSoC4/cyfitter_cfg.c **** #define CYCLOCKSTART_32KHZ_ERROR 2u
  87:Generated_Source\PSoC4/cyfitter_cfg.c **** #define CYCLOCKSTART_PLL_ERROR   3u
  88:Generated_Source\PSoC4/cyfitter_cfg.c **** 
  89:Generated_Source\PSoC4/cyfitter_cfg.c **** 
  90:Generated_Source\PSoC4/cyfitter_cfg.c **** #ifdef CY_NEED_CYCLOCKSTARTUPERROR
  91:Generated_Source\PSoC4/cyfitter_cfg.c **** /*******************************************************************************
  92:Generated_Source\PSoC4/cyfitter_cfg.c **** * Function Name: CyClockStartupError
  93:Generated_Source\PSoC4/cyfitter_cfg.c **** ********************************************************************************
  94:Generated_Source\PSoC4/cyfitter_cfg.c **** * Summary:
  95:Generated_Source\PSoC4/cyfitter_cfg.c **** *  If an error is encountered during clock configuration (crystal startup error,
  96:Generated_Source\PSoC4/cyfitter_cfg.c **** *  PLL lock error, etc.), the system will end up here.  Unless reimplemented by
  97:Generated_Source\PSoC4/cyfitter_cfg.c **** *  the customer, this function will stop in an infinite loop.
  98:Generated_Source\PSoC4/cyfitter_cfg.c **** *
ARM GAS  C:\Users\Nick\AppData\Local\Temp\ccazOhnz.s 			page 5


  99:Generated_Source\PSoC4/cyfitter_cfg.c **** * Parameters:
 100:Generated_Source\PSoC4/cyfitter_cfg.c **** *   void
 101:Generated_Source\PSoC4/cyfitter_cfg.c **** *
 102:Generated_Source\PSoC4/cyfitter_cfg.c **** * Return:
 103:Generated_Source\PSoC4/cyfitter_cfg.c **** *   void
 104:Generated_Source\PSoC4/cyfitter_cfg.c **** *
 105:Generated_Source\PSoC4/cyfitter_cfg.c **** *******************************************************************************/
 106:Generated_Source\PSoC4/cyfitter_cfg.c **** CY_CFG_UNUSED
 107:Generated_Source\PSoC4/cyfitter_cfg.c **** static void CyClockStartupError(uint8 errorCode);
 108:Generated_Source\PSoC4/cyfitter_cfg.c **** CY_CFG_UNUSED
 109:Generated_Source\PSoC4/cyfitter_cfg.c **** static void CyClockStartupError(uint8 errorCode)
 110:Generated_Source\PSoC4/cyfitter_cfg.c **** {
 111:Generated_Source\PSoC4/cyfitter_cfg.c ****     /* To remove the compiler warning if errorCode not used.                */
 112:Generated_Source\PSoC4/cyfitter_cfg.c ****     errorCode = errorCode;
 113:Generated_Source\PSoC4/cyfitter_cfg.c **** 
 114:Generated_Source\PSoC4/cyfitter_cfg.c ****     /* If we have a clock startup error (bad MHz crystal, PLL lock, etc.),  */
 115:Generated_Source\PSoC4/cyfitter_cfg.c ****     /* we will end up here to allow the customer to implement something to  */
 116:Generated_Source\PSoC4/cyfitter_cfg.c ****     /* deal with the clock condition.                                       */
 117:Generated_Source\PSoC4/cyfitter_cfg.c **** 
 118:Generated_Source\PSoC4/cyfitter_cfg.c **** #ifdef CY_CFG_CLOCK_STARTUP_ERROR_CALLBACK
 119:Generated_Source\PSoC4/cyfitter_cfg.c **** 	CY_CFG_Clock_Startup_ErrorCallback();
 120:Generated_Source\PSoC4/cyfitter_cfg.c **** #else
 121:Generated_Source\PSoC4/cyfitter_cfg.c **** 	/*  If not using CY_CFG_CLOCK_STARTUP_ERROR_CALLBACK, place your clock startup code here. */
 122:Generated_Source\PSoC4/cyfitter_cfg.c ****     /* `#START CyClockStartupError` */
 123:Generated_Source\PSoC4/cyfitter_cfg.c **** 
 124:Generated_Source\PSoC4/cyfitter_cfg.c **** 
 125:Generated_Source\PSoC4/cyfitter_cfg.c **** 
 126:Generated_Source\PSoC4/cyfitter_cfg.c ****     /* `#END` */
 127:Generated_Source\PSoC4/cyfitter_cfg.c **** 
 128:Generated_Source\PSoC4/cyfitter_cfg.c ****     /* If nothing else, stop here since the clocks have not started         */
 129:Generated_Source\PSoC4/cyfitter_cfg.c ****     /* correctly.                                                           */
 130:Generated_Source\PSoC4/cyfitter_cfg.c ****     while(1) {}
 131:Generated_Source\PSoC4/cyfitter_cfg.c **** #endif /* CY_CFG_CLOCK_STARTUP_ERROR_CALLBACK */ 
 132:Generated_Source\PSoC4/cyfitter_cfg.c **** }
 133:Generated_Source\PSoC4/cyfitter_cfg.c **** #endif
 134:Generated_Source\PSoC4/cyfitter_cfg.c **** 
 135:Generated_Source\PSoC4/cyfitter_cfg.c **** #define CY_CFG_BASE_ADDR_COUNT 1u
 136:Generated_Source\PSoC4/cyfitter_cfg.c **** CYPACKED typedef struct
 137:Generated_Source\PSoC4/cyfitter_cfg.c **** {
 138:Generated_Source\PSoC4/cyfitter_cfg.c **** 	uint8 offset;
 139:Generated_Source\PSoC4/cyfitter_cfg.c **** 	uint8 value;
 140:Generated_Source\PSoC4/cyfitter_cfg.c **** } CYPACKED_ATTR cy_cfg_addrvalue_t;
 141:Generated_Source\PSoC4/cyfitter_cfg.c **** 
 142:Generated_Source\PSoC4/cyfitter_cfg.c **** 
 143:Generated_Source\PSoC4/cyfitter_cfg.c **** 
 144:Generated_Source\PSoC4/cyfitter_cfg.c **** /*******************************************************************************
 145:Generated_Source\PSoC4/cyfitter_cfg.c **** * Function Name: cfg_write_bytes32
 146:Generated_Source\PSoC4/cyfitter_cfg.c **** ********************************************************************************
 147:Generated_Source\PSoC4/cyfitter_cfg.c **** * Summary:
 148:Generated_Source\PSoC4/cyfitter_cfg.c **** *  This function is used for setting up the chip configuration areas that
 149:Generated_Source\PSoC4/cyfitter_cfg.c **** *  contain relatively sparse data.
 150:Generated_Source\PSoC4/cyfitter_cfg.c **** *
 151:Generated_Source\PSoC4/cyfitter_cfg.c **** * Parameters:
 152:Generated_Source\PSoC4/cyfitter_cfg.c **** *   void
 153:Generated_Source\PSoC4/cyfitter_cfg.c **** *
 154:Generated_Source\PSoC4/cyfitter_cfg.c **** * Return:
 155:Generated_Source\PSoC4/cyfitter_cfg.c **** *   void
ARM GAS  C:\Users\Nick\AppData\Local\Temp\ccazOhnz.s 			page 6


 156:Generated_Source\PSoC4/cyfitter_cfg.c **** *
 157:Generated_Source\PSoC4/cyfitter_cfg.c **** *******************************************************************************/
 158:Generated_Source\PSoC4/cyfitter_cfg.c **** static void cfg_write_bytes32(const uint32 addr_table[], const cy_cfg_addrvalue_t data_table[]);
 159:Generated_Source\PSoC4/cyfitter_cfg.c **** static void cfg_write_bytes32(const uint32 addr_table[], const cy_cfg_addrvalue_t data_table[])
 160:Generated_Source\PSoC4/cyfitter_cfg.c **** {
 131              		.loc 1 160 0
 132              		.cfi_startproc
 133 0000 80B5     		push	{r7, lr}
 134              		.cfi_def_cfa_offset 8
 135              		.cfi_offset 7, -8
 136              		.cfi_offset 14, -4
 137 0002 86B0     		sub	sp, sp, #24
 138              		.cfi_def_cfa_offset 32
 139 0004 00AF     		add	r7, sp, #0
 140              		.cfi_def_cfa_register 7
 141 0006 7860     		str	r0, [r7, #4]
 142 0008 3960     		str	r1, [r7]
 161:Generated_Source\PSoC4/cyfitter_cfg.c **** 	/* For 32-bit little-endian architectures */
 162:Generated_Source\PSoC4/cyfitter_cfg.c **** 	uint32 i, j = 0u;
 143              		.loc 1 162 0
 144 000a 0023     		mov	r3, #0
 145 000c 3B61     		str	r3, [r7, #16]
 163:Generated_Source\PSoC4/cyfitter_cfg.c **** 	for (i = 0u; i < CY_CFG_BASE_ADDR_COUNT; i++)
 146              		.loc 1 163 0
 147 000e 0023     		mov	r3, #0
 148 0010 7B61     		str	r3, [r7, #20]
 149 0012 2FE0     		b	.L5
 150              	.L8:
 151              	.LBB2:
 164:Generated_Source\PSoC4/cyfitter_cfg.c **** 	{
 165:Generated_Source\PSoC4/cyfitter_cfg.c **** 		uint32 baseAddr = addr_table[i];
 152              		.loc 1 165 0
 153 0014 7B69     		ldr	r3, [r7, #20]
 154 0016 9B00     		lsl	r3, r3, #2
 155 0018 7A68     		ldr	r2, [r7, #4]
 156 001a D318     		add	r3, r2, r3
 157 001c 1B68     		ldr	r3, [r3]
 158 001e BB60     		str	r3, [r7, #8]
 166:Generated_Source\PSoC4/cyfitter_cfg.c **** 		uint8 count = (uint8)baseAddr;
 159              		.loc 1 166 0
 160 0020 0F23     		mov	r3, #15
 161 0022 FB18     		add	r3, r7, r3
 162 0024 BA68     		ldr	r2, [r7, #8]
 163 0026 1A70     		strb	r2, [r3]
 167:Generated_Source\PSoC4/cyfitter_cfg.c **** 		baseAddr &= 0xFFFFFF00u;
 164              		.loc 1 167 0
 165 0028 BB68     		ldr	r3, [r7, #8]
 166 002a FF22     		mov	r2, #255
 167 002c 9343     		bic	r3, r2
 168 002e BB60     		str	r3, [r7, #8]
 168:Generated_Source\PSoC4/cyfitter_cfg.c **** 		while (count != 0u)
 169              		.loc 1 168 0
 170 0030 18E0     		b	.L6
 171              	.L7:
 169:Generated_Source\PSoC4/cyfitter_cfg.c **** 		{
 170:Generated_Source\PSoC4/cyfitter_cfg.c **** 			CY_SET_XTND_REG8((void CYFAR *)(baseAddr + data_table[j].offset), data_table[j].value);
 172              		.loc 1 170 0
ARM GAS  C:\Users\Nick\AppData\Local\Temp\ccazOhnz.s 			page 7


 173 0032 3B69     		ldr	r3, [r7, #16]
 174 0034 5B00     		lsl	r3, r3, #1
 175 0036 3A68     		ldr	r2, [r7]
 176 0038 D318     		add	r3, r2, r3
 177 003a 1B78     		ldrb	r3, [r3]
 178 003c 1A1C     		mov	r2, r3
 179 003e BB68     		ldr	r3, [r7, #8]
 180 0040 D318     		add	r3, r2, r3
 181 0042 191C     		mov	r1, r3
 182 0044 3B69     		ldr	r3, [r7, #16]
 183 0046 5B00     		lsl	r3, r3, #1
 184 0048 3A68     		ldr	r2, [r7]
 185 004a D318     		add	r3, r2, r3
 186 004c 5B78     		ldrb	r3, [r3, #1]
 187 004e 0B70     		strb	r3, [r1]
 171:Generated_Source\PSoC4/cyfitter_cfg.c **** 			j++;
 188              		.loc 1 171 0
 189 0050 3B69     		ldr	r3, [r7, #16]
 190 0052 0133     		add	r3, r3, #1
 191 0054 3B61     		str	r3, [r7, #16]
 172:Generated_Source\PSoC4/cyfitter_cfg.c **** 			count--;
 192              		.loc 1 172 0
 193 0056 0F23     		mov	r3, #15
 194 0058 FB18     		add	r3, r7, r3
 195 005a 1A78     		ldrb	r2, [r3]
 196 005c 0F23     		mov	r3, #15
 197 005e FB18     		add	r3, r7, r3
 198 0060 013A     		sub	r2, r2, #1
 199 0062 1A70     		strb	r2, [r3]
 200              	.L6:
 168:Generated_Source\PSoC4/cyfitter_cfg.c **** 		{
 201              		.loc 1 168 0
 202 0064 0F23     		mov	r3, #15
 203 0066 FB18     		add	r3, r7, r3
 204 0068 1B78     		ldrb	r3, [r3]
 205 006a 002B     		cmp	r3, #0
 206 006c E1D1     		bne	.L7
 207              	.LBE2:
 163:Generated_Source\PSoC4/cyfitter_cfg.c **** 	{
 208              		.loc 1 163 0 discriminator 2
 209 006e 7B69     		ldr	r3, [r7, #20]
 210 0070 0133     		add	r3, r3, #1
 211 0072 7B61     		str	r3, [r7, #20]
 212              	.L5:
 163:Generated_Source\PSoC4/cyfitter_cfg.c **** 	{
 213              		.loc 1 163 0 is_stmt 0 discriminator 1
 214 0074 7B69     		ldr	r3, [r7, #20]
 215 0076 002B     		cmp	r3, #0
 216 0078 CCD0     		beq	.L8
 173:Generated_Source\PSoC4/cyfitter_cfg.c **** 		}
 174:Generated_Source\PSoC4/cyfitter_cfg.c **** 	}
 175:Generated_Source\PSoC4/cyfitter_cfg.c **** }
 217              		.loc 1 175 0 is_stmt 1
 218 007a BD46     		mov	sp, r7
 219 007c 06B0     		add	sp, sp, #24
 220              		@ sp needed
 221 007e 80BD     		pop	{r7, pc}
ARM GAS  C:\Users\Nick\AppData\Local\Temp\ccazOhnz.s 			page 8


 222              		.cfi_endproc
 223              	.LFE5:
 224              		.size	cfg_write_bytes32, .-cfg_write_bytes32
 225              		.section	.psocinit,"ax",%progbits
 226              		.align	2
 227              		.code	16
 228              		.thumb_func
 229              		.type	ClockSetup, %function
 230              	ClockSetup:
 231              	.LFB6:
 176:Generated_Source\PSoC4/cyfitter_cfg.c **** 
 177:Generated_Source\PSoC4/cyfitter_cfg.c **** 
 178:Generated_Source\PSoC4/cyfitter_cfg.c **** /*******************************************************************************
 179:Generated_Source\PSoC4/cyfitter_cfg.c **** * Function Name: ClockSetup
 180:Generated_Source\PSoC4/cyfitter_cfg.c **** ********************************************************************************
 181:Generated_Source\PSoC4/cyfitter_cfg.c **** *
 182:Generated_Source\PSoC4/cyfitter_cfg.c **** * Summary:
 183:Generated_Source\PSoC4/cyfitter_cfg.c **** *   Performs the initialization of all of the clocks in the device based on the
 184:Generated_Source\PSoC4/cyfitter_cfg.c **** *   settings in the Clock tab of the DWR.  This includes enabling the requested
 185:Generated_Source\PSoC4/cyfitter_cfg.c **** *   clocks and setting the necessary dividers to produce the desired frequency. 
 186:Generated_Source\PSoC4/cyfitter_cfg.c **** *
 187:Generated_Source\PSoC4/cyfitter_cfg.c **** * Parameters:
 188:Generated_Source\PSoC4/cyfitter_cfg.c **** *   void
 189:Generated_Source\PSoC4/cyfitter_cfg.c **** *
 190:Generated_Source\PSoC4/cyfitter_cfg.c **** * Return:
 191:Generated_Source\PSoC4/cyfitter_cfg.c **** *   void
 192:Generated_Source\PSoC4/cyfitter_cfg.c **** *
 193:Generated_Source\PSoC4/cyfitter_cfg.c **** *******************************************************************************/
 194:Generated_Source\PSoC4/cyfitter_cfg.c **** static void ClockSetup(void);
 195:Generated_Source\PSoC4/cyfitter_cfg.c **** CY_CFG_SECTION
 196:Generated_Source\PSoC4/cyfitter_cfg.c **** static void ClockSetup(void)
 197:Generated_Source\PSoC4/cyfitter_cfg.c **** {
 232              		.loc 1 197 0
 233              		.cfi_startproc
 234 0000 80B5     		push	{r7, lr}
 235              		.cfi_def_cfa_offset 8
 236              		.cfi_offset 7, -8
 237              		.cfi_offset 14, -4
 238 0002 00AF     		add	r7, sp, #0
 239              		.cfi_def_cfa_register 7
 198:Generated_Source\PSoC4/cyfitter_cfg.c **** 
 199:Generated_Source\PSoC4/cyfitter_cfg.c **** 	/* Set Flash Cycles based on max possible frequency in case a glitch occurs during ClockSetup(). *
 200:Generated_Source\PSoC4/cyfitter_cfg.c **** 	CY_SET_REG32((void CYXDATA *)(CYREG_CPUSS_FLASH_CTL), (0x0012u));
 240              		.loc 1 200 0
 241 0004 254B     		ldr	r3, .L10
 242 0006 1222     		mov	r2, #18
 243 0008 1A60     		str	r2, [r3]
 201:Generated_Source\PSoC4/cyfitter_cfg.c **** 
 202:Generated_Source\PSoC4/cyfitter_cfg.c **** 	/* Start the WCO */
 203:Generated_Source\PSoC4/cyfitter_cfg.c **** 	CySysClkWcoStart();
 244              		.loc 1 203 0
 245 000a FFF7FEFF 		bl	CySysClkWcoStart
 204:Generated_Source\PSoC4/cyfitter_cfg.c **** 	(void)CySysClkWcoSetPowerMode(CY_SYS_CLK_WCO_LPM);    /* Switch to the low power mode */
 246              		.loc 1 204 0
 247 000e 0120     		mov	r0, #1
 248 0010 FFF7FEFF 		bl	CySysClkWcoSetPowerMode
 205:Generated_Source\PSoC4/cyfitter_cfg.c **** 
ARM GAS  C:\Users\Nick\AppData\Local\Temp\ccazOhnz.s 			page 9


 206:Generated_Source\PSoC4/cyfitter_cfg.c **** 	/* Setup and trim IMO based on desired frequency. */
 207:Generated_Source\PSoC4/cyfitter_cfg.c **** 	CySysClkWriteImoFreq(24u);
 249              		.loc 1 207 0
 250 0014 1820     		mov	r0, #24
 251 0016 FFF7FEFF 		bl	CySysClkWriteImoFreq
 208:Generated_Source\PSoC4/cyfitter_cfg.c **** 	/* CYDEV_CLK_ILO_CONFIG Starting address: CYDEV_CLK_ILO_CONFIG */
 209:Generated_Source\PSoC4/cyfitter_cfg.c **** 	CY_SET_XTND_REG32((void CYFAR *)(CYREG_CLK_ILO_CONFIG), 0x80000006u);
 252              		.loc 1 209 0
 253 001a 214B     		ldr	r3, .L10+4
 254 001c 214A     		ldr	r2, .L10+8
 255 001e 1A60     		str	r2, [r3]
 210:Generated_Source\PSoC4/cyfitter_cfg.c **** 
 211:Generated_Source\PSoC4/cyfitter_cfg.c **** 
 212:Generated_Source\PSoC4/cyfitter_cfg.c **** 	/* Enable fast start mode for XO */
 213:Generated_Source\PSoC4/cyfitter_cfg.c **** 	CY_SET_REG32((void*)CYREG_BLE_BLERD_BB_XO, CY_GET_REG32((void*)CYREG_BLE_BLERD_BB_XO) | (uint32)0x
 256              		.loc 1 213 0
 257 0020 214B     		ldr	r3, .L10+12
 258 0022 214A     		ldr	r2, .L10+12
 259 0024 1268     		ldr	r2, [r2]
 260 0026 0221     		mov	r1, #2
 261 0028 0A43     		orr	r2, r1
 262 002a 1A60     		str	r2, [r3]
 214:Generated_Source\PSoC4/cyfitter_cfg.c **** 	CY_SET_XTND_REG32((void CYFAR *)(CYREG_BLE_BLERD_BB_XO_CAPTRIM), 0x00003E2Du);
 263              		.loc 1 214 0
 264 002c 1F4B     		ldr	r3, .L10+16
 265 002e 204A     		ldr	r2, .L10+20
 266 0030 1A60     		str	r2, [r3]
 215:Generated_Source\PSoC4/cyfitter_cfg.c **** 	/*Set XTAL(ECO) divider*/
 216:Generated_Source\PSoC4/cyfitter_cfg.c **** 	CY_SET_XTND_REG32((void CYFAR *)(CYREG_BLE_BLESS_XTAL_CLK_DIV_CONFIG), 0x00000000u);
 267              		.loc 1 216 0
 268 0032 204B     		ldr	r3, .L10+24
 269 0034 0022     		mov	r2, #0
 270 0036 1A60     		str	r2, [r3]
 217:Generated_Source\PSoC4/cyfitter_cfg.c **** 	/* Disable Crystal Stable Interrupt before enabling ECO */
 218:Generated_Source\PSoC4/cyfitter_cfg.c **** 	CY_SET_REG32((void*)CYREG_BLE_BLESS_LL_DSM_CTRL, CY_GET_REG32((void*)CYREG_BLE_BLESS_LL_DSM_CTRL) 
 271              		.loc 1 218 0
 272 0038 1F4B     		ldr	r3, .L10+28
 273 003a 1F4A     		ldr	r2, .L10+28
 274 003c 1268     		ldr	r2, [r2]
 275 003e 0821     		mov	r1, #8
 276 0040 8A43     		bic	r2, r1
 277 0042 1A60     		str	r2, [r3]
 219:Generated_Source\PSoC4/cyfitter_cfg.c **** 	/* Start the ECO and do not check status since it is not needed for HFCLK */
 220:Generated_Source\PSoC4/cyfitter_cfg.c **** 	(void)CySysClkEcoStart(2000u);
 278              		.loc 1 220 0
 279 0044 FA23     		mov	r3, #250
 280 0046 DB00     		lsl	r3, r3, #3
 281 0048 181C     		mov	r0, r3
 282 004a FFF7FEFF 		bl	CySysClkEcoStart
 221:Generated_Source\PSoC4/cyfitter_cfg.c **** 	CyDelayUs(1500u); /* Wait to stabalize */
 283              		.loc 1 221 0
 284 004e 1B4B     		ldr	r3, .L10+32
 285 0050 181C     		mov	r0, r3
 286 0052 FFF7FEFF 		bl	CyDelayUs
 222:Generated_Source\PSoC4/cyfitter_cfg.c **** 
 223:Generated_Source\PSoC4/cyfitter_cfg.c **** 	/* Setup phase aligned clocks */
 224:Generated_Source\PSoC4/cyfitter_cfg.c **** 	CY_SET_REG32((void *)CYREG_PERI_DIV_16_5_CTL0, 0x0000EF00u);
ARM GAS  C:\Users\Nick\AppData\Local\Temp\ccazOhnz.s 			page 10


 287              		.loc 1 224 0
 288 0056 1A4B     		ldr	r3, .L10+36
 289 0058 EF22     		mov	r2, #239
 290 005a 1202     		lsl	r2, r2, #8
 291 005c 1A60     		str	r2, [r3]
 225:Generated_Source\PSoC4/cyfitter_cfg.c **** 	CY_SET_REG32((void *)CYREG_PERI_DIV_CMD, 0x8000FF80u);
 292              		.loc 1 225 0
 293 005e 194B     		ldr	r3, .L10+40
 294 0060 194A     		ldr	r2, .L10+44
 295 0062 1A60     		str	r2, [r3]
 226:Generated_Source\PSoC4/cyfitter_cfg.c **** 	CY_SET_REG32((void *)CYREG_PERI_DIV_16_CTL0, 0x00000F00u);
 296              		.loc 1 226 0
 297 0064 194B     		ldr	r3, .L10+48
 298 0066 F022     		mov	r2, #240
 299 0068 1201     		lsl	r2, r2, #4
 300 006a 1A60     		str	r2, [r3]
 227:Generated_Source\PSoC4/cyfitter_cfg.c **** 	CY_SET_REG32((void *)CYREG_PERI_DIV_CMD, 0x8000FF40u);
 301              		.loc 1 227 0
 302 006c 154B     		ldr	r3, .L10+40
 303 006e 184A     		ldr	r2, .L10+52
 304 0070 1A60     		str	r2, [r3]
 228:Generated_Source\PSoC4/cyfitter_cfg.c **** 
 229:Generated_Source\PSoC4/cyfitter_cfg.c **** 	/* CYDEV_CLK_IMO_CONFIG Starting address: CYDEV_CLK_IMO_CONFIG */
 230:Generated_Source\PSoC4/cyfitter_cfg.c **** 	CY_SET_XTND_REG32((void CYFAR *)(CYREG_CLK_IMO_CONFIG), 0x80000000u);
 305              		.loc 1 230 0
 306 0072 184B     		ldr	r3, .L10+56
 307 0074 8022     		mov	r2, #128
 308 0076 1206     		lsl	r2, r2, #24
 309 0078 1A60     		str	r2, [r3]
 231:Generated_Source\PSoC4/cyfitter_cfg.c **** 
 232:Generated_Source\PSoC4/cyfitter_cfg.c **** 	/* CYDEV_CLK_SELECT Starting address: CYDEV_CLK_SELECT */
 233:Generated_Source\PSoC4/cyfitter_cfg.c **** 	CY_SET_XTND_REG32((void CYFAR *)(CYREG_CLK_SELECT), 0x00000000u);
 310              		.loc 1 233 0
 311 007a 174B     		ldr	r3, .L10+60
 312 007c 0022     		mov	r2, #0
 313 007e 1A60     		str	r2, [r3]
 234:Generated_Source\PSoC4/cyfitter_cfg.c **** 
 235:Generated_Source\PSoC4/cyfitter_cfg.c **** 	/* CYDEV_PERI_PCLK_CTL7 Starting address: CYDEV_PERI_PCLK_CTL7 */
 236:Generated_Source\PSoC4/cyfitter_cfg.c **** 	CY_SET_XTND_REG32((void CYFAR *)(CYREG_PERI_PCLK_CTL7), 0x00000080u);
 314              		.loc 1 236 0
 315 0080 164B     		ldr	r3, .L10+64
 316 0082 8022     		mov	r2, #128
 317 0084 1A60     		str	r2, [r3]
 237:Generated_Source\PSoC4/cyfitter_cfg.c **** 
 238:Generated_Source\PSoC4/cyfitter_cfg.c **** 	/* CYDEV_PERI_PCLK_CTL1 Starting address: CYDEV_PERI_PCLK_CTL1 */
 239:Generated_Source\PSoC4/cyfitter_cfg.c **** 	CY_SET_XTND_REG32((void CYFAR *)(CYREG_PERI_PCLK_CTL1), 0x00000040u);
 318              		.loc 1 239 0
 319 0086 164B     		ldr	r3, .L10+68
 320 0088 4022     		mov	r2, #64
 321 008a 1A60     		str	r2, [r3]
 240:Generated_Source\PSoC4/cyfitter_cfg.c **** 
 241:Generated_Source\PSoC4/cyfitter_cfg.c **** 	CY_SET_XTND_REG32((void CYFAR *)(CYREG_WDT_CONFIG), 0x00000000u);
 322              		.loc 1 241 0
 323 008c 154B     		ldr	r3, .L10+72
 324 008e 0022     		mov	r2, #0
 325 0090 1A60     		str	r2, [r3]
 242:Generated_Source\PSoC4/cyfitter_cfg.c **** 	/* Set Flash Cycles based on newly configured 24.00MHz HFCLK. */
ARM GAS  C:\Users\Nick\AppData\Local\Temp\ccazOhnz.s 			page 11


 243:Generated_Source\PSoC4/cyfitter_cfg.c **** 	CY_SET_REG32((void CYXDATA *)(CYREG_CPUSS_FLASH_CTL), (0x0011u));
 326              		.loc 1 243 0
 327 0092 024B     		ldr	r3, .L10
 328 0094 1122     		mov	r2, #17
 329 0096 1A60     		str	r2, [r3]
 244:Generated_Source\PSoC4/cyfitter_cfg.c **** }
 330              		.loc 1 244 0
 331 0098 BD46     		mov	sp, r7
 332              		@ sp needed
 333 009a 80BD     		pop	{r7, pc}
 334              	.L11:
 335              		.align	2
 336              	.L10:
 337 009c 30001040 		.word	1074790448
 338 00a0 04010B40 		.word	1074462980
 339 00a4 06000080 		.word	-2147483642
 340 00a8 78002E40 		.word	1076756600
 341 00ac 7C002E40 		.word	1076756604
 342 00b0 2D3E0000 		.word	15917
 343 00b4 64F02E40 		.word	1076818020
 344 00b8 6CF02E40 		.word	1076818028
 345 00bc DC050000 		.word	1500
 346 00c0 00040140 		.word	1073808384
 347 00c4 00000140 		.word	1073807360
 348 00c8 80FF0080 		.word	-2147418240
 349 00cc 00030140 		.word	1073808128
 350 00d0 40FF0080 		.word	-2147418304
 351 00d4 08010B40 		.word	1074462984
 352 00d8 00010B40 		.word	1074462976
 353 00dc 1C010140 		.word	1073807644
 354 00e0 04010140 		.word	1073807620
 355 00e4 0C020B40 		.word	1074463244
 356              		.cfi_endproc
 357              	.LFE6:
 358              		.size	ClockSetup, .-ClockSetup
 359              		.section	.text.AnalogSetDefault,"ax",%progbits
 360              		.align	2
 361              		.code	16
 362              		.thumb_func
 363              		.type	AnalogSetDefault, %function
 364              	AnalogSetDefault:
 365              	.LFB7:
 245:Generated_Source\PSoC4/cyfitter_cfg.c **** 
 246:Generated_Source\PSoC4/cyfitter_cfg.c **** 
 247:Generated_Source\PSoC4/cyfitter_cfg.c **** /* Analog API Functions */
 248:Generated_Source\PSoC4/cyfitter_cfg.c **** 
 249:Generated_Source\PSoC4/cyfitter_cfg.c **** 
 250:Generated_Source\PSoC4/cyfitter_cfg.c **** /*******************************************************************************
 251:Generated_Source\PSoC4/cyfitter_cfg.c **** * Function Name: AnalogSetDefault
 252:Generated_Source\PSoC4/cyfitter_cfg.c **** ********************************************************************************
 253:Generated_Source\PSoC4/cyfitter_cfg.c **** *
 254:Generated_Source\PSoC4/cyfitter_cfg.c **** * Summary:
 255:Generated_Source\PSoC4/cyfitter_cfg.c **** *  Sets up the analog portions of the chip to default values based on chip
 256:Generated_Source\PSoC4/cyfitter_cfg.c **** *  configuration options from the project.
 257:Generated_Source\PSoC4/cyfitter_cfg.c **** *
 258:Generated_Source\PSoC4/cyfitter_cfg.c **** * Parameters:
 259:Generated_Source\PSoC4/cyfitter_cfg.c **** *  void
ARM GAS  C:\Users\Nick\AppData\Local\Temp\ccazOhnz.s 			page 12


 260:Generated_Source\PSoC4/cyfitter_cfg.c **** *
 261:Generated_Source\PSoC4/cyfitter_cfg.c **** * Return:
 262:Generated_Source\PSoC4/cyfitter_cfg.c **** *  void
 263:Generated_Source\PSoC4/cyfitter_cfg.c **** *
 264:Generated_Source\PSoC4/cyfitter_cfg.c **** *******************************************************************************/
 265:Generated_Source\PSoC4/cyfitter_cfg.c **** static void AnalogSetDefault(void);
 266:Generated_Source\PSoC4/cyfitter_cfg.c **** static void AnalogSetDefault(void)
 267:Generated_Source\PSoC4/cyfitter_cfg.c **** {
 366              		.loc 1 267 0
 367              		.cfi_startproc
 368 0000 80B5     		push	{r7, lr}
 369              		.cfi_def_cfa_offset 8
 370              		.cfi_offset 7, -8
 371              		.cfi_offset 14, -4
 372 0002 00AF     		add	r7, sp, #0
 373              		.cfi_def_cfa_register 7
 268:Generated_Source\PSoC4/cyfitter_cfg.c **** 	CY_SET_XTND_REG32((void CYFAR *)CYREG_CTBM0_DFT_CTRL, 0x00000003u);
 374              		.loc 1 268 0
 375 0004 054B     		ldr	r3, .L13
 376 0006 0322     		mov	r2, #3
 377 0008 1A60     		str	r2, [r3]
 269:Generated_Source\PSoC4/cyfitter_cfg.c **** 	CY_SET_XTND_REG32((void CYFAR *)CYREG_CTBM1_DFT_CTRL, 0x00000003u);
 378              		.loc 1 269 0
 379 000a 054B     		ldr	r3, .L13+4
 380 000c 0322     		mov	r2, #3
 381 000e 1A60     		str	r2, [r3]
 270:Generated_Source\PSoC4/cyfitter_cfg.c **** 	CY_SET_XTND_REG32((void CYFAR *)CYREG_PASS_DSAB_DSAB_CTRL, 0x00000000u);
 382              		.loc 1 270 0
 383 0010 044B     		ldr	r3, .L13+8
 384 0012 0022     		mov	r2, #0
 385 0014 1A60     		str	r2, [r3]
 271:Generated_Source\PSoC4/cyfitter_cfg.c **** }
 386              		.loc 1 271 0
 387 0016 BD46     		mov	sp, r7
 388              		@ sp needed
 389 0018 80BD     		pop	{r7, pc}
 390              	.L14:
 391 001a C046     		.align	2
 392              	.L13:
 393 001c 30003040 		.word	1076887600
 394 0020 30003140 		.word	1076953136
 395 0024 000E3F40 		.word	1077874176
 396              		.cfi_endproc
 397              	.LFE7:
 398              		.size	AnalogSetDefault, .-AnalogSetDefault
 399              		.section	.psocinit
 400              		.align	2
 401              		.global	cyfitter_cfg
 402              		.code	16
 403              		.thumb_func
 404              		.type	cyfitter_cfg, %function
 405              	cyfitter_cfg:
 406              	.LFB8:
 272:Generated_Source\PSoC4/cyfitter_cfg.c **** 
 273:Generated_Source\PSoC4/cyfitter_cfg.c **** #define CY_AMUX_UNUSED CYREG_CM0_ROM_DWT
 274:Generated_Source\PSoC4/cyfitter_cfg.c **** 
 275:Generated_Source\PSoC4/cyfitter_cfg.c **** 
ARM GAS  C:\Users\Nick\AppData\Local\Temp\ccazOhnz.s 			page 13


 276:Generated_Source\PSoC4/cyfitter_cfg.c **** /*******************************************************************************
 277:Generated_Source\PSoC4/cyfitter_cfg.c **** * Function Name: cyfitter_cfg
 278:Generated_Source\PSoC4/cyfitter_cfg.c **** ********************************************************************************
 279:Generated_Source\PSoC4/cyfitter_cfg.c **** * Summary:
 280:Generated_Source\PSoC4/cyfitter_cfg.c **** *  This function is called by the start-up code for the selected device. It
 281:Generated_Source\PSoC4/cyfitter_cfg.c **** *  performs all of the necessary device configuration based on the design
 282:Generated_Source\PSoC4/cyfitter_cfg.c **** *  settings.  This includes settings from the Design Wide Resources (DWR) such
 283:Generated_Source\PSoC4/cyfitter_cfg.c **** *  as Clocks and Pins as well as any component configuration that is necessary.
 284:Generated_Source\PSoC4/cyfitter_cfg.c **** *
 285:Generated_Source\PSoC4/cyfitter_cfg.c **** * Parameters:  
 286:Generated_Source\PSoC4/cyfitter_cfg.c **** *   void
 287:Generated_Source\PSoC4/cyfitter_cfg.c **** *
 288:Generated_Source\PSoC4/cyfitter_cfg.c **** * Return:
 289:Generated_Source\PSoC4/cyfitter_cfg.c **** *   void
 290:Generated_Source\PSoC4/cyfitter_cfg.c **** *
 291:Generated_Source\PSoC4/cyfitter_cfg.c **** *******************************************************************************/
 292:Generated_Source\PSoC4/cyfitter_cfg.c **** CY_CFG_SECTION
 293:Generated_Source\PSoC4/cyfitter_cfg.c **** void cyfitter_cfg(void)
 294:Generated_Source\PSoC4/cyfitter_cfg.c **** {
 407              		.loc 1 294 0
 408              		.cfi_startproc
 409 00e8 80B5     		push	{r7, lr}
 410              		.cfi_def_cfa_offset 8
 411              		.cfi_offset 7, -8
 412              		.cfi_offset 14, -4
 413 00ea 82B0     		sub	sp, sp, #8
 414              		.cfi_def_cfa_offset 16
 415 00ec 00AF     		add	r7, sp, #0
 416              		.cfi_def_cfa_register 7
 295:Generated_Source\PSoC4/cyfitter_cfg.c **** 	/* Disable interrupts by default. Let user enable if/when they want. */
 296:Generated_Source\PSoC4/cyfitter_cfg.c **** 	CyGlobalIntDisable;
 417              		.loc 1 296 0
 418              	@ 296 "Generated_Source\PSoC4\cyfitter_cfg.c" 1
 419 00ee 72B6     		CPSID   i
 420              	@ 0 "" 2
 297:Generated_Source\PSoC4/cyfitter_cfg.c **** 
 298:Generated_Source\PSoC4/cyfitter_cfg.c **** 	CY_SET_XTND_REG32((void CYFAR *)(CYREG_BLE_BLESS_LL_DSM_CTRL), 0x00000000u);
 421              		.loc 1 298 0
 422              		.code	16
 423 00f0 454B     		ldr	r3, .L18
 424 00f2 0022     		mov	r2, #0
 425 00f4 1A60     		str	r2, [r3]
 426              	.LBB3:
 299:Generated_Source\PSoC4/cyfitter_cfg.c **** 
 300:Generated_Source\PSoC4/cyfitter_cfg.c **** 	{
 301:Generated_Source\PSoC4/cyfitter_cfg.c **** 		static const uint32 CYCODE cy_cfg_addr_table[] = {
 302:Generated_Source\PSoC4/cyfitter_cfg.c **** 			0x400F6002u, /* Base address: 0x400F6000 Count: 2 */
 303:Generated_Source\PSoC4/cyfitter_cfg.c **** 		};
 304:Generated_Source\PSoC4/cyfitter_cfg.c **** 
 305:Generated_Source\PSoC4/cyfitter_cfg.c **** 		static const cy_cfg_addrvalue_t CYCODE cy_cfg_data_table[] = {
 306:Generated_Source\PSoC4/cyfitter_cfg.c **** 			{0x02u, 0x01u},
 307:Generated_Source\PSoC4/cyfitter_cfg.c **** 			{0x11u, 0x01u},
 308:Generated_Source\PSoC4/cyfitter_cfg.c **** 		};
 309:Generated_Source\PSoC4/cyfitter_cfg.c **** 
 310:Generated_Source\PSoC4/cyfitter_cfg.c **** 
 311:Generated_Source\PSoC4/cyfitter_cfg.c **** 
 312:Generated_Source\PSoC4/cyfitter_cfg.c **** 		CYPACKED typedef struct {
ARM GAS  C:\Users\Nick\AppData\Local\Temp\ccazOhnz.s 			page 14


 313:Generated_Source\PSoC4/cyfitter_cfg.c **** 			void CYFAR *address;
 314:Generated_Source\PSoC4/cyfitter_cfg.c **** 			uint16 size;
 315:Generated_Source\PSoC4/cyfitter_cfg.c **** 		} CYPACKED_ATTR cfg_memset_t;
 316:Generated_Source\PSoC4/cyfitter_cfg.c **** 
 317:Generated_Source\PSoC4/cyfitter_cfg.c **** 		static const cfg_memset_t CYCODE cfg_memset_list [] = {
 318:Generated_Source\PSoC4/cyfitter_cfg.c **** 			/* address, size */
 319:Generated_Source\PSoC4/cyfitter_cfg.c **** 			{(void CYFAR *)(CYDEV_UDB_P0_U0_BASE), 1024u},
 320:Generated_Source\PSoC4/cyfitter_cfg.c **** 			{(void CYFAR *)(CYDEV_UDB_DSI0_BASE), 1024u},
 321:Generated_Source\PSoC4/cyfitter_cfg.c **** 		};
 322:Generated_Source\PSoC4/cyfitter_cfg.c **** 
 323:Generated_Source\PSoC4/cyfitter_cfg.c **** 		uint8 CYDATA i;
 324:Generated_Source\PSoC4/cyfitter_cfg.c **** 
 325:Generated_Source\PSoC4/cyfitter_cfg.c **** 		/* Zero out critical memory blocks before beginning configuration */
 326:Generated_Source\PSoC4/cyfitter_cfg.c **** 		for (i = 0u; i < (sizeof(cfg_memset_list)/sizeof(cfg_memset_list[0])); i++)
 427              		.loc 1 326 0
 428 00f6 FB1D     		add	r3, r7, #7
 429 00f8 0022     		mov	r2, #0
 430 00fa 1A70     		strb	r2, [r3]
 431 00fc 23E0     		b	.L16
 432              	.L17:
 433              	.LBB4:
 327:Generated_Source\PSoC4/cyfitter_cfg.c **** 		{
 328:Generated_Source\PSoC4/cyfitter_cfg.c **** 			const cfg_memset_t CYCODE * CYDATA ms = &cfg_memset_list[i];
 434              		.loc 1 328 0 discriminator 3
 435 00fe FB1D     		add	r3, r7, #7
 436 0100 1A78     		ldrb	r2, [r3]
 437 0102 131C     		mov	r3, r2
 438 0104 5B00     		lsl	r3, r3, #1
 439 0106 9B18     		add	r3, r3, r2
 440 0108 5B00     		lsl	r3, r3, #1
 441 010a 404A     		ldr	r2, .L18+4
 442 010c 9B18     		add	r3, r3, r2
 443 010e 3B60     		str	r3, [r7]
 329:Generated_Source\PSoC4/cyfitter_cfg.c **** 			CYMEMZERO(ms->address, (size_t)(uint32)(ms->size));
 444              		.loc 1 329 0 discriminator 3
 445 0110 3B68     		ldr	r3, [r7]
 446 0112 1A78     		ldrb	r2, [r3]
 447 0114 5978     		ldrb	r1, [r3, #1]
 448 0116 0902     		lsl	r1, r1, #8
 449 0118 0A43     		orr	r2, r1
 450 011a 9978     		ldrb	r1, [r3, #2]
 451 011c 0904     		lsl	r1, r1, #16
 452 011e 0A43     		orr	r2, r1
 453 0120 DB78     		ldrb	r3, [r3, #3]
 454 0122 1B06     		lsl	r3, r3, #24
 455 0124 1343     		orr	r3, r2
 456 0126 191C     		mov	r1, r3
 457 0128 3B68     		ldr	r3, [r7]
 458 012a 1A79     		ldrb	r2, [r3, #4]
 459 012c 5B79     		ldrb	r3, [r3, #5]
 460 012e 1B02     		lsl	r3, r3, #8
 461 0130 1343     		orr	r3, r2
 462 0132 9BB2     		uxth	r3, r3
 463 0134 081C     		mov	r0, r1
 464 0136 191C     		mov	r1, r3
 465 0138 FFF7FEFF 		bl	CYMEMZERO
 466              	.LBE4:
ARM GAS  C:\Users\Nick\AppData\Local\Temp\ccazOhnz.s 			page 15


 326:Generated_Source\PSoC4/cyfitter_cfg.c **** 		{
 467              		.loc 1 326 0 discriminator 3
 468 013c FB1D     		add	r3, r7, #7
 469 013e 1A78     		ldrb	r2, [r3]
 470 0140 FB1D     		add	r3, r7, #7
 471 0142 0132     		add	r2, r2, #1
 472 0144 1A70     		strb	r2, [r3]
 473              	.L16:
 326:Generated_Source\PSoC4/cyfitter_cfg.c **** 		{
 474              		.loc 1 326 0 is_stmt 0 discriminator 1
 475 0146 FB1D     		add	r3, r7, #7
 476 0148 1B78     		ldrb	r3, [r3]
 477 014a 012B     		cmp	r3, #1
 478 014c D7D9     		bls	.L17
 330:Generated_Source\PSoC4/cyfitter_cfg.c **** 		}
 331:Generated_Source\PSoC4/cyfitter_cfg.c **** 
 332:Generated_Source\PSoC4/cyfitter_cfg.c **** 		cfg_write_bytes32(cy_cfg_addr_table, cy_cfg_data_table);
 479              		.loc 1 332 0 is_stmt 1
 480 014e 304A     		ldr	r2, .L18+8
 481 0150 304B     		ldr	r3, .L18+12
 482 0152 101C     		mov	r0, r2
 483 0154 191C     		mov	r1, r3
 484 0156 FFF7FEFF 		bl	cfg_write_bytes32
 333:Generated_Source\PSoC4/cyfitter_cfg.c **** 
 334:Generated_Source\PSoC4/cyfitter_cfg.c **** 		/* HSIOM Starting address: CYDEV_HSIOM_BASE */
 335:Generated_Source\PSoC4/cyfitter_cfg.c **** 		CY_SET_XTND_REG32((void CYFAR *)(CYDEV_HSIOM_BASE), 0xEE090000u);
 485              		.loc 1 335 0
 486 015a 2F4B     		ldr	r3, .L18+16
 487 015c 2F4A     		ldr	r2, .L18+20
 488 015e 1A60     		str	r2, [r3]
 336:Generated_Source\PSoC4/cyfitter_cfg.c **** 		CY_SET_XTND_REG32((void CYFAR *)(CYREG_HSIOM_PORT_SEL1), 0x00900000u);
 489              		.loc 1 336 0
 490 0160 2F4B     		ldr	r3, .L18+24
 491 0162 9022     		mov	r2, #144
 492 0164 1204     		lsl	r2, r2, #16
 493 0166 1A60     		str	r2, [r3]
 337:Generated_Source\PSoC4/cyfitter_cfg.c **** 
 338:Generated_Source\PSoC4/cyfitter_cfg.c **** 		/* UDB_PA_0 Starting address: CYDEV_UDB_PA0_BASE */
 339:Generated_Source\PSoC4/cyfitter_cfg.c **** 		CY_SET_XTND_REG32((void CYFAR *)(CYDEV_UDB_PA0_BASE), 0x00990000u);
 494              		.loc 1 339 0
 495 0168 2E4B     		ldr	r3, .L18+28
 496 016a 9922     		mov	r2, #153
 497 016c 1204     		lsl	r2, r2, #16
 498 016e 1A60     		str	r2, [r3]
 340:Generated_Source\PSoC4/cyfitter_cfg.c **** 
 341:Generated_Source\PSoC4/cyfitter_cfg.c **** 		/* UDB_PA_1 Starting address: CYDEV_UDB_PA1_BASE */
 342:Generated_Source\PSoC4/cyfitter_cfg.c **** 		CY_SET_XTND_REG32((void CYFAR *)(CYDEV_UDB_PA1_BASE), 0x00990000u);
 499              		.loc 1 342 0
 500 0170 2D4B     		ldr	r3, .L18+32
 501 0172 9922     		mov	r2, #153
 502 0174 1204     		lsl	r2, r2, #16
 503 0176 1A60     		str	r2, [r3]
 343:Generated_Source\PSoC4/cyfitter_cfg.c **** 		CY_SET_XTND_REG32((void CYFAR *)(CYREG_UDB_PA1_CFG4), 0x02000000u);
 504              		.loc 1 343 0
 505 0178 2C4B     		ldr	r3, .L18+36
 506 017a 8022     		mov	r2, #128
 507 017c 9204     		lsl	r2, r2, #18
ARM GAS  C:\Users\Nick\AppData\Local\Temp\ccazOhnz.s 			page 16


 508 017e 1A60     		str	r2, [r3]
 344:Generated_Source\PSoC4/cyfitter_cfg.c **** 
 345:Generated_Source\PSoC4/cyfitter_cfg.c **** 		/* UDB_PA_2 Starting address: CYDEV_UDB_PA2_BASE */
 346:Generated_Source\PSoC4/cyfitter_cfg.c **** 		CY_SET_XTND_REG32((void CYFAR *)(CYDEV_UDB_PA2_BASE), 0x00990000u);
 509              		.loc 1 346 0
 510 0180 2B4B     		ldr	r3, .L18+40
 511 0182 9922     		mov	r2, #153
 512 0184 1204     		lsl	r2, r2, #16
 513 0186 1A60     		str	r2, [r3]
 347:Generated_Source\PSoC4/cyfitter_cfg.c **** 
 348:Generated_Source\PSoC4/cyfitter_cfg.c **** 		/* UDB_PA_3 Starting address: CYDEV_UDB_PA3_BASE */
 349:Generated_Source\PSoC4/cyfitter_cfg.c **** 		CY_SET_XTND_REG32((void CYFAR *)(CYDEV_UDB_PA3_BASE), 0x00990000u);
 514              		.loc 1 349 0
 515 0188 2A4B     		ldr	r3, .L18+44
 516 018a 9922     		mov	r2, #153
 517 018c 1204     		lsl	r2, r2, #16
 518 018e 1A60     		str	r2, [r3]
 350:Generated_Source\PSoC4/cyfitter_cfg.c **** 
 351:Generated_Source\PSoC4/cyfitter_cfg.c **** 		/* Enable digital routing */
 352:Generated_Source\PSoC4/cyfitter_cfg.c **** 		CY_SET_XTND_REG8((void *)CYREG_UDB_UDBIF_BANK_CTL, CY_GET_XTND_REG8((void *)CYREG_UDB_UDBIF_BANK_
 519              		.loc 1 352 0
 520 0190 294A     		ldr	r2, .L18+48
 521 0192 294B     		ldr	r3, .L18+48
 522 0194 1B78     		ldrb	r3, [r3]
 523 0196 DBB2     		uxtb	r3, r3
 524 0198 0221     		mov	r1, #2
 525 019a 0B43     		orr	r3, r1
 526 019c DBB2     		uxtb	r3, r3
 527 019e 1370     		strb	r3, [r2]
 353:Generated_Source\PSoC4/cyfitter_cfg.c **** 
 354:Generated_Source\PSoC4/cyfitter_cfg.c **** 		/* Enable UDB array */
 355:Generated_Source\PSoC4/cyfitter_cfg.c **** 		CY_SET_XTND_REG8((void *)CYREG_UDB_UDBIF_WAIT_CFG, (uint8)((CY_GET_XTND_REG8((void *)CYREG_UDB_UD
 528              		.loc 1 355 0
 529 01a0 264A     		ldr	r2, .L18+52
 530 01a2 264B     		ldr	r3, .L18+52
 531 01a4 1B78     		ldrb	r3, [r3]
 532 01a6 DBB2     		uxtb	r3, r3
 533 01a8 3C21     		mov	r1, #60
 534 01aa 8B43     		bic	r3, r1
 535 01ac DBB2     		uxtb	r3, r3
 536 01ae 1421     		mov	r1, #20
 537 01b0 0B43     		orr	r3, r1
 538 01b2 DBB2     		uxtb	r3, r3
 539 01b4 1370     		strb	r3, [r2]
 356:Generated_Source\PSoC4/cyfitter_cfg.c **** 		CY_SET_XTND_REG8((void *)CYREG_UDB_UDBIF_BANK_CTL, (uint8)(CY_GET_XTND_REG8((void *)CYREG_UDB_UDB
 540              		.loc 1 356 0
 541 01b6 204A     		ldr	r2, .L18+48
 542 01b8 1F4B     		ldr	r3, .L18+48
 543 01ba 1B78     		ldrb	r3, [r3]
 544 01bc DBB2     		uxtb	r3, r3
 545 01be 1621     		mov	r1, #22
 546 01c0 0B43     		orr	r3, r1
 547 01c2 DBB2     		uxtb	r3, r3
 548 01c4 1370     		strb	r3, [r2]
 549              	.LBE3:
 357:Generated_Source\PSoC4/cyfitter_cfg.c **** 	}
 358:Generated_Source\PSoC4/cyfitter_cfg.c **** 
ARM GAS  C:\Users\Nick\AppData\Local\Temp\ccazOhnz.s 			page 17


 359:Generated_Source\PSoC4/cyfitter_cfg.c **** 	/* Perform second pass device configuration. These items must be configured in specific order afte
 360:Generated_Source\PSoC4/cyfitter_cfg.c **** 	/* IOPINS0_0 Starting address: CYDEV_GPIO_PRT0_BASE */
 361:Generated_Source\PSoC4/cyfitter_cfg.c **** 	CY_SET_XTND_REG32((void CYFAR *)(CYREG_GPIO_PRT0_PC), 0x00D81000u);
 550              		.loc 1 361 0
 551 01c6 1E4B     		ldr	r3, .L18+56
 552 01c8 1E4A     		ldr	r2, .L18+60
 553 01ca 1A60     		str	r2, [r3]
 362:Generated_Source\PSoC4/cyfitter_cfg.c **** 
 363:Generated_Source\PSoC4/cyfitter_cfg.c **** 	/* IOPINS0_1 Starting address: CYDEV_GPIO_PRT1_BASE */
 364:Generated_Source\PSoC4/cyfitter_cfg.c **** 	CY_SET_XTND_REG32((void CYFAR *)(CYDEV_GPIO_PRT1_BASE), 0x00000020u);
 554              		.loc 1 364 0
 555 01cc 1E4B     		ldr	r3, .L18+64
 556 01ce 2022     		mov	r2, #32
 557 01d0 1A60     		str	r2, [r3]
 365:Generated_Source\PSoC4/cyfitter_cfg.c **** 	CY_SET_XTND_REG32((void CYFAR *)(CYREG_GPIO_PRT1_PC), 0x00036249u);
 558              		.loc 1 365 0
 559 01d2 1E4B     		ldr	r3, .L18+68
 560 01d4 1E4A     		ldr	r2, .L18+72
 561 01d6 1A60     		str	r2, [r3]
 366:Generated_Source\PSoC4/cyfitter_cfg.c **** 	CY_SET_XTND_REG32((void CYFAR *)(CYREG_GPIO_PRT1_PC2), 0x00000020u);
 562              		.loc 1 366 0
 563 01d8 1E4B     		ldr	r3, .L18+76
 564 01da 2022     		mov	r2, #32
 565 01dc 1A60     		str	r2, [r3]
 367:Generated_Source\PSoC4/cyfitter_cfg.c **** 
 368:Generated_Source\PSoC4/cyfitter_cfg.c **** 	/* IOPINS0_2 Starting address: CYDEV_GPIO_PRT2_BASE */
 369:Generated_Source\PSoC4/cyfitter_cfg.c **** 	CY_SET_XTND_REG32((void CYFAR *)(CYDEV_GPIO_PRT2_BASE), 0x00000040u);
 566              		.loc 1 369 0
 567 01de 1E4B     		ldr	r3, .L18+80
 568 01e0 4022     		mov	r2, #64
 569 01e2 1A60     		str	r2, [r3]
 370:Generated_Source\PSoC4/cyfitter_cfg.c **** 	CY_SET_XTND_REG32((void CYFAR *)(CYREG_GPIO_PRT2_PC), 0x00180000u);
 570              		.loc 1 370 0
 571 01e4 1D4B     		ldr	r3, .L18+84
 572 01e6 C022     		mov	r2, #192
 573 01e8 5203     		lsl	r2, r2, #13
 574 01ea 1A60     		str	r2, [r3]
 371:Generated_Source\PSoC4/cyfitter_cfg.c **** 
 372:Generated_Source\PSoC4/cyfitter_cfg.c **** 	/* IOPINS0_3 Starting address: CYDEV_GPIO_PRT3_BASE */
 373:Generated_Source\PSoC4/cyfitter_cfg.c **** 	CY_SET_XTND_REG32((void CYFAR *)(CYDEV_GPIO_PRT3_BASE), 0x000000C0u);
 575              		.loc 1 373 0
 576 01ec 1C4B     		ldr	r3, .L18+88
 577 01ee C022     		mov	r2, #192
 578 01f0 1A60     		str	r2, [r3]
 374:Generated_Source\PSoC4/cyfitter_cfg.c **** 	CY_SET_XTND_REG32((void CYFAR *)(CYREG_GPIO_PRT3_PC), 0x00D80000u);
 579              		.loc 1 374 0
 580 01f2 1C4B     		ldr	r3, .L18+92
 581 01f4 D822     		mov	r2, #216
 582 01f6 1204     		lsl	r2, r2, #16
 583 01f8 1A60     		str	r2, [r3]
 375:Generated_Source\PSoC4/cyfitter_cfg.c **** 
 376:Generated_Source\PSoC4/cyfitter_cfg.c **** 
 377:Generated_Source\PSoC4/cyfitter_cfg.c **** 	/* Setup clocks based on selections from Clock DWR */
 378:Generated_Source\PSoC4/cyfitter_cfg.c **** 	ClockSetup();
 584              		.loc 1 378 0
 585 01fa FFF701FF 		bl	ClockSetup
 379:Generated_Source\PSoC4/cyfitter_cfg.c **** 
ARM GAS  C:\Users\Nick\AppData\Local\Temp\ccazOhnz.s 			page 18


 380:Generated_Source\PSoC4/cyfitter_cfg.c **** 	/* Perform basic analog initialization to defaults */
 381:Generated_Source\PSoC4/cyfitter_cfg.c **** 	AnalogSetDefault();
 586              		.loc 1 381 0
 587 01fe FFF7FEFF 		bl	AnalogSetDefault
 382:Generated_Source\PSoC4/cyfitter_cfg.c **** 
 383:Generated_Source\PSoC4/cyfitter_cfg.c **** }
 588              		.loc 1 383 0
 589 0202 BD46     		mov	sp, r7
 590 0204 02B0     		add	sp, sp, #8
 591              		@ sp needed
 592 0206 80BD     		pop	{r7, pc}
 593              	.L19:
 594              		.align	2
 595              	.L18:
 596 0208 6CF02E40 		.word	1076818028
 597 020c 00000000 		.word	cfg_memset_list.4785
 598 0210 0C000000 		.word	cy_cfg_addr_table.4779
 599 0214 10000000 		.word	cy_cfg_data_table.4780
 600 0218 00000240 		.word	1073872896
 601 021c 000009EE 		.word	-301400064
 602 0220 00010240 		.word	1073873152
 603 0224 00500F40 		.word	1074745344
 604 0228 10500F40 		.word	1074745360
 605 022c 14500F40 		.word	1074745364
 606 0230 20500F40 		.word	1074745376
 607 0234 30500F40 		.word	1074745392
 608 0238 00700F40 		.word	1074753536
 609 023c 01700F40 		.word	1074753537
 610 0240 08000440 		.word	1074003976
 611 0244 0010D800 		.word	14159872
 612 0248 00010440 		.word	1074004224
 613 024c 08010440 		.word	1074004232
 614 0250 49620300 		.word	221769
 615 0254 18010440 		.word	1074004248
 616 0258 00020440 		.word	1074004480
 617 025c 08020440 		.word	1074004488
 618 0260 00030440 		.word	1074004736
 619 0264 08030440 		.word	1074004744
 620              		.cfi_endproc
 621              	.LFE8:
 622              		.size	cyfitter_cfg, .-cyfitter_cfg
 623              		.section	.rodata
 624              		.align	2
 625              		.type	cfg_memset_list.4785, %object
 626              		.size	cfg_memset_list.4785, 12
 627              	cfg_memset_list.4785:
 628 0000 00300F40 		.word	1074737152
 629 0004 0004     		.short	1024
 630 0006 00400F40 		.4byte	1074741248
 631 000a 0004     		.short	1024
 632              		.align	2
 633              		.type	cy_cfg_addr_table.4779, %object
 634              		.size	cy_cfg_addr_table.4779, 4
 635              	cy_cfg_addr_table.4779:
 636 000c 02600F40 		.word	1074749442
 637              		.align	2
 638              		.type	cy_cfg_data_table.4780, %object
ARM GAS  C:\Users\Nick\AppData\Local\Temp\ccazOhnz.s 			page 19


 639              		.size	cy_cfg_data_table.4780, 4
 640              	cy_cfg_data_table.4780:
 641 0010 02       		.byte	2
 642 0011 01       		.byte	1
 643 0012 11       		.byte	17
 644 0013 01       		.byte	1
 645              		.text
 646              	.Letext0:
 647              		.file 2 "c:\\program files (x86)\\cypress\\psoc creator\\4.0\\psoc creator\\import\\gnu\\arm\\4.9.
 648              		.file 3 "Generated_Source\\PSoC4\\cytypes.h"
 649              		.section	.debug_info,"",%progbits
 650              	.Ldebug_info0:
 651 0000 53030000 		.4byte	0x353
 652 0004 0400     		.2byte	0x4
 653 0006 00000000 		.4byte	.Ldebug_abbrev0
 654 000a 04       		.byte	0x4
 655 000b 01       		.uleb128 0x1
 656 000c F8000000 		.4byte	.LASF39
 657 0010 01       		.byte	0x1
 658 0011 6D020000 		.4byte	.LASF40
 659 0015 24020000 		.4byte	.LASF41
 660 0019 00000000 		.4byte	.Ldebug_ranges0+0
 661 001d 00000000 		.4byte	0
 662 0021 00000000 		.4byte	.Ldebug_line0
 663 0025 02       		.uleb128 0x2
 664 0026 04       		.byte	0x4
 665 0027 05       		.byte	0x5
 666 0028 696E7400 		.ascii	"int\000"
 667 002c 03       		.uleb128 0x3
 668 002d 06000000 		.4byte	.LASF11
 669 0031 02       		.byte	0x2
 670 0032 D4       		.byte	0xd4
 671 0033 37000000 		.4byte	0x37
 672 0037 04       		.uleb128 0x4
 673 0038 04       		.byte	0x4
 674 0039 07       		.byte	0x7
 675 003a 86010000 		.4byte	.LASF0
 676 003e 04       		.uleb128 0x4
 677 003f 01       		.byte	0x1
 678 0040 06       		.byte	0x6
 679 0041 61020000 		.4byte	.LASF1
 680 0045 04       		.uleb128 0x4
 681 0046 01       		.byte	0x1
 682 0047 08       		.byte	0x8
 683 0048 A0000000 		.4byte	.LASF2
 684 004c 04       		.uleb128 0x4
 685 004d 02       		.byte	0x2
 686 004e 05       		.byte	0x5
 687 004f 11020000 		.4byte	.LASF3
 688 0053 04       		.uleb128 0x4
 689 0054 02       		.byte	0x2
 690 0055 07       		.byte	0x7
 691 0056 D1010000 		.4byte	.LASF4
 692 005a 04       		.uleb128 0x4
 693 005b 04       		.byte	0x4
 694 005c 05       		.byte	0x5
 695 005d 1B020000 		.4byte	.LASF5
ARM GAS  C:\Users\Nick\AppData\Local\Temp\ccazOhnz.s 			page 20


 696 0061 04       		.uleb128 0x4
 697 0062 04       		.byte	0x4
 698 0063 07       		.byte	0x7
 699 0064 7E000000 		.4byte	.LASF6
 700 0068 04       		.uleb128 0x4
 701 0069 08       		.byte	0x8
 702 006a 05       		.byte	0x5
 703 006b E4010000 		.4byte	.LASF7
 704 006f 04       		.uleb128 0x4
 705 0070 08       		.byte	0x8
 706 0071 07       		.byte	0x7
 707 0072 9B010000 		.4byte	.LASF8
 708 0076 04       		.uleb128 0x4
 709 0077 04       		.byte	0x4
 710 0078 07       		.byte	0x7
 711 0079 C8010000 		.4byte	.LASF9
 712 007d 05       		.uleb128 0x5
 713 007e 04       		.byte	0x4
 714 007f 04       		.uleb128 0x4
 715 0080 01       		.byte	0x1
 716 0081 08       		.byte	0x8
 717 0082 F2010000 		.4byte	.LASF10
 718 0086 06       		.uleb128 0x6
 719 0087 90000000 		.4byte	.LASF12
 720 008b 03       		.byte	0x3
 721 008c B901     		.2byte	0x1b9
 722 008e 45000000 		.4byte	0x45
 723 0092 06       		.uleb128 0x6
 724 0093 DF000000 		.4byte	.LASF13
 725 0097 03       		.byte	0x3
 726 0098 BA01     		.2byte	0x1ba
 727 009a 53000000 		.4byte	0x53
 728 009e 06       		.uleb128 0x6
 729 009f F1000000 		.4byte	.LASF14
 730 00a3 03       		.byte	0x3
 731 00a4 BB01     		.2byte	0x1bb
 732 00a6 61000000 		.4byte	0x61
 733 00aa 04       		.uleb128 0x4
 734 00ab 04       		.byte	0x4
 735 00ac 04       		.byte	0x4
 736 00ad 59000000 		.4byte	.LASF15
 737 00b1 04       		.uleb128 0x4
 738 00b2 08       		.byte	0x8
 739 00b3 04       		.byte	0x4
 740 00b4 AE000000 		.4byte	.LASF16
 741 00b8 06       		.uleb128 0x6
 742 00b9 79000000 		.4byte	.LASF17
 743 00bd 03       		.byte	0x3
 744 00be 6302     		.2byte	0x263
 745 00c0 C4000000 		.4byte	0xc4
 746 00c4 07       		.uleb128 0x7
 747 00c5 86000000 		.4byte	0x86
 748 00c9 06       		.uleb128 0x6
 749 00ca 00000000 		.4byte	.LASF18
 750 00ce 03       		.byte	0x3
 751 00cf 6502     		.2byte	0x265
 752 00d1 D5000000 		.4byte	0xd5
ARM GAS  C:\Users\Nick\AppData\Local\Temp\ccazOhnz.s 			page 21


 753 00d5 07       		.uleb128 0x7
 754 00d6 9E000000 		.4byte	0x9e
 755 00da 08       		.uleb128 0x8
 756 00db 02       		.byte	0x2
 757 00dc 01       		.byte	0x1
 758 00dd 88       		.byte	0x88
 759 00de FB000000 		.4byte	0xfb
 760 00e2 09       		.uleb128 0x9
 761 00e3 0A020000 		.4byte	.LASF19
 762 00e7 01       		.byte	0x1
 763 00e8 8A       		.byte	0x8a
 764 00e9 86000000 		.4byte	0x86
 765 00ed 00       		.byte	0
 766 00ee 09       		.uleb128 0x9
 767 00ef 1E000000 		.4byte	.LASF20
 768 00f3 01       		.byte	0x1
 769 00f4 8B       		.byte	0x8b
 770 00f5 86000000 		.4byte	0x86
 771 00f9 01       		.byte	0x1
 772 00fa 00       		.byte	0
 773 00fb 03       		.uleb128 0x3
 774 00fc F7010000 		.4byte	.LASF21
 775 0100 01       		.byte	0x1
 776 0101 8C       		.byte	0x8c
 777 0102 DA000000 		.4byte	0xda
 778 0106 0A       		.uleb128 0xa
 779 0107 96000000 		.4byte	.LASF22
 780 010b 01       		.byte	0x1
 781 010c 3D       		.byte	0x3d
 782 010d 00000000 		.4byte	.LFB2
 783 0111 1E000000 		.4byte	.LFE2-.LFB2
 784 0115 01       		.uleb128 0x1
 785 0116 9C       		.byte	0x9c
 786 0117 34010000 		.4byte	0x134
 787 011b 0B       		.uleb128 0xb
 788 011c 7300     		.ascii	"s\000"
 789 011e 01       		.byte	0x1
 790 011f 3D       		.byte	0x3d
 791 0120 7D000000 		.4byte	0x7d
 792 0124 02       		.uleb128 0x2
 793 0125 91       		.byte	0x91
 794 0126 74       		.sleb128 -12
 795 0127 0B       		.uleb128 0xb
 796 0128 6E00     		.ascii	"n\000"
 797 012a 01       		.byte	0x1
 798 012b 3D       		.byte	0x3d
 799 012c 2C000000 		.4byte	0x2c
 800 0130 02       		.uleb128 0x2
 801 0131 91       		.byte	0x91
 802 0132 70       		.sleb128 -16
 803 0133 00       		.byte	0
 804 0134 0A       		.uleb128 0xa
 805 0135 A3020000 		.4byte	.LASF23
 806 0139 01       		.byte	0x1
 807 013a 44       		.byte	0x44
 808 013b 00000000 		.4byte	.LFB3
 809 013f 22000000 		.4byte	.LFE3-.LFB3
ARM GAS  C:\Users\Nick\AppData\Local\Temp\ccazOhnz.s 			page 22


 810 0143 01       		.uleb128 0x1
 811 0144 9C       		.byte	0x9c
 812 0145 72010000 		.4byte	0x172
 813 0149 0C       		.uleb128 0xc
 814 014a 5F000000 		.4byte	.LASF24
 815 014e 01       		.byte	0x1
 816 014f 44       		.byte	0x44
 817 0150 7D000000 		.4byte	0x7d
 818 0154 02       		.uleb128 0x2
 819 0155 91       		.byte	0x91
 820 0156 74       		.sleb128 -12
 821 0157 0B       		.uleb128 0xb
 822 0158 73726300 		.ascii	"src\000"
 823 015c 01       		.byte	0x1
 824 015d 44       		.byte	0x44
 825 015e 72010000 		.4byte	0x172
 826 0162 02       		.uleb128 0x2
 827 0163 91       		.byte	0x91
 828 0164 70       		.sleb128 -16
 829 0165 0B       		.uleb128 0xb
 830 0166 6E00     		.ascii	"n\000"
 831 0168 01       		.byte	0x1
 832 0169 44       		.byte	0x44
 833 016a 2C000000 		.4byte	0x2c
 834 016e 02       		.uleb128 0x2
 835 016f 91       		.byte	0x91
 836 0170 6C       		.sleb128 -20
 837 0171 00       		.byte	0
 838 0172 0D       		.uleb128 0xd
 839 0173 04       		.byte	0x4
 840 0174 78010000 		.4byte	0x178
 841 0178 0E       		.uleb128 0xe
 842 0179 0A       		.uleb128 0xa
 843 017a 93020000 		.4byte	.LASF25
 844 017e 01       		.byte	0x1
 845 017f 4B       		.byte	0x4b
 846 0180 00000000 		.4byte	.LFB4
 847 0184 22000000 		.4byte	.LFE4-.LFB4
 848 0188 01       		.uleb128 0x1
 849 0189 9C       		.byte	0x9c
 850 018a B7010000 		.4byte	0x1b7
 851 018e 0C       		.uleb128 0xc
 852 018f 5F000000 		.4byte	.LASF24
 853 0193 01       		.byte	0x1
 854 0194 4B       		.byte	0x4b
 855 0195 7D000000 		.4byte	0x7d
 856 0199 02       		.uleb128 0x2
 857 019a 91       		.byte	0x91
 858 019b 74       		.sleb128 -12
 859 019c 0B       		.uleb128 0xb
 860 019d 73726300 		.ascii	"src\000"
 861 01a1 01       		.byte	0x1
 862 01a2 4B       		.byte	0x4b
 863 01a3 72010000 		.4byte	0x172
 864 01a7 02       		.uleb128 0x2
 865 01a8 91       		.byte	0x91
 866 01a9 70       		.sleb128 -16
ARM GAS  C:\Users\Nick\AppData\Local\Temp\ccazOhnz.s 			page 23


 867 01aa 0B       		.uleb128 0xb
 868 01ab 6E00     		.ascii	"n\000"
 869 01ad 01       		.byte	0x1
 870 01ae 4B       		.byte	0x4b
 871 01af 2C000000 		.4byte	0x2c
 872 01b3 02       		.uleb128 0x2
 873 01b4 91       		.byte	0x91
 874 01b5 6C       		.sleb128 -20
 875 01b6 00       		.byte	0
 876 01b7 0F       		.uleb128 0xf
 877 01b8 B5000000 		.4byte	.LASF26
 878 01bc 01       		.byte	0x1
 879 01bd 9F       		.byte	0x9f
 880 01be 00000000 		.4byte	.LFB5
 881 01c2 80000000 		.4byte	.LFE5-.LFB5
 882 01c6 01       		.uleb128 0x1
 883 01c7 9C       		.byte	0x9c
 884 01c8 27020000 		.4byte	0x227
 885 01cc 0C       		.uleb128 0xc
 886 01cd D4000000 		.4byte	.LASF27
 887 01d1 01       		.byte	0x1
 888 01d2 9F       		.byte	0x9f
 889 01d3 27020000 		.4byte	0x227
 890 01d7 02       		.uleb128 0x2
 891 01d8 91       		.byte	0x91
 892 01d9 64       		.sleb128 -28
 893 01da 0C       		.uleb128 0xc
 894 01db E6000000 		.4byte	.LASF28
 895 01df 01       		.byte	0x1
 896 01e0 9F       		.byte	0x9f
 897 01e1 32020000 		.4byte	0x232
 898 01e5 02       		.uleb128 0x2
 899 01e6 91       		.byte	0x91
 900 01e7 60       		.sleb128 -32
 901 01e8 10       		.uleb128 0x10
 902 01e9 6900     		.ascii	"i\000"
 903 01eb 01       		.byte	0x1
 904 01ec A2       		.byte	0xa2
 905 01ed 9E000000 		.4byte	0x9e
 906 01f1 02       		.uleb128 0x2
 907 01f2 91       		.byte	0x91
 908 01f3 74       		.sleb128 -12
 909 01f4 10       		.uleb128 0x10
 910 01f5 6A00     		.ascii	"j\000"
 911 01f7 01       		.byte	0x1
 912 01f8 A2       		.byte	0xa2
 913 01f9 9E000000 		.4byte	0x9e
 914 01fd 02       		.uleb128 0x2
 915 01fe 91       		.byte	0x91
 916 01ff 70       		.sleb128 -16
 917 0200 11       		.uleb128 0x11
 918 0201 14000000 		.4byte	.LBB2
 919 0205 5A000000 		.4byte	.LBE2-.LBB2
 920 0209 12       		.uleb128 0x12
 921 020a BF010000 		.4byte	.LASF29
 922 020e 01       		.byte	0x1
 923 020f A5       		.byte	0xa5
ARM GAS  C:\Users\Nick\AppData\Local\Temp\ccazOhnz.s 			page 24


 924 0210 9E000000 		.4byte	0x9e
 925 0214 02       		.uleb128 0x2
 926 0215 91       		.byte	0x91
 927 0216 68       		.sleb128 -24
 928 0217 12       		.uleb128 0x12
 929 0218 24000000 		.4byte	.LASF30
 930 021c 01       		.byte	0x1
 931 021d A6       		.byte	0xa6
 932 021e 86000000 		.4byte	0x86
 933 0222 02       		.uleb128 0x2
 934 0223 91       		.byte	0x91
 935 0224 6F       		.sleb128 -17
 936 0225 00       		.byte	0
 937 0226 00       		.byte	0
 938 0227 0D       		.uleb128 0xd
 939 0228 04       		.byte	0x4
 940 0229 2D020000 		.4byte	0x22d
 941 022d 13       		.uleb128 0x13
 942 022e 9E000000 		.4byte	0x9e
 943 0232 0D       		.uleb128 0xd
 944 0233 04       		.byte	0x4
 945 0234 38020000 		.4byte	0x238
 946 0238 13       		.uleb128 0x13
 947 0239 FB000000 		.4byte	0xfb
 948 023d 14       		.uleb128 0x14
 949 023e 2A000000 		.4byte	.LASF31
 950 0242 01       		.byte	0x1
 951 0243 C4       		.byte	0xc4
 952 0244 00000000 		.4byte	.LFB6
 953 0248 E8000000 		.4byte	.LFE6-.LFB6
 954 024c 01       		.uleb128 0x1
 955 024d 9C       		.byte	0x9c
 956 024e 15       		.uleb128 0x15
 957 024f 0D000000 		.4byte	.LASF32
 958 0253 01       		.byte	0x1
 959 0254 0A01     		.2byte	0x10a
 960 0256 00000000 		.4byte	.LFB7
 961 025a 28000000 		.4byte	.LFE7-.LFB7
 962 025e 01       		.uleb128 0x1
 963 025f 9C       		.byte	0x9c
 964 0260 16       		.uleb128 0x16
 965 0261 C7000000 		.4byte	.LASF42
 966 0265 01       		.byte	0x1
 967 0266 2501     		.2byte	0x125
 968 0268 E8000000 		.4byte	.LFB8
 969 026c 80010000 		.4byte	.LFE8-.LFB8
 970 0270 01       		.uleb128 0x1
 971 0271 9C       		.byte	0x9c
 972 0272 2C030000 		.4byte	0x32c
 973 0276 11       		.uleb128 0x11
 974 0277 F6000000 		.4byte	.LBB3
 975 027b D0000000 		.4byte	.LBE3-.LBB3
 976 027f 17       		.uleb128 0x17
 977 0280 35000000 		.4byte	.LASF33
 978 0284 01       		.byte	0x1
 979 0285 2D01     		.2byte	0x12d
 980 0287 3C030000 		.4byte	0x33c
ARM GAS  C:\Users\Nick\AppData\Local\Temp\ccazOhnz.s 			page 25


 981 028b 05       		.uleb128 0x5
 982 028c 03       		.byte	0x3
 983 028d 0C000000 		.4byte	cy_cfg_addr_table.4779
 984 0291 17       		.uleb128 0x17
 985 0292 47000000 		.4byte	.LASF34
 986 0296 01       		.byte	0x1
 987 0297 3101     		.2byte	0x131
 988 0299 51030000 		.4byte	0x351
 989 029d 05       		.uleb128 0x5
 990 029e 03       		.byte	0x3
 991 029f 10000000 		.4byte	cy_cfg_data_table.4780
 992 02a3 18       		.uleb128 0x18
 993 02a4 06       		.byte	0x6
 994 02a5 01       		.byte	0x1
 995 02a6 3801     		.2byte	0x138
 996 02a8 C7020000 		.4byte	0x2c7
 997 02ac 19       		.uleb128 0x19
 998 02ad 93010000 		.4byte	.LASF35
 999 02b1 01       		.byte	0x1
 1000 02b2 3901     		.2byte	0x139
 1001 02b4 7D000000 		.4byte	0x7d
 1002 02b8 00       		.byte	0
 1003 02b9 19       		.uleb128 0x19
 1004 02ba 74000000 		.4byte	.LASF36
 1005 02be 01       		.byte	0x1
 1006 02bf 3A01     		.2byte	0x13a
 1007 02c1 92000000 		.4byte	0x92
 1008 02c5 04       		.byte	0x4
 1009 02c6 00       		.byte	0
 1010 02c7 06       		.uleb128 0x6
 1011 02c8 B2010000 		.4byte	.LASF37
 1012 02cc 01       		.byte	0x1
 1013 02cd 3B01     		.2byte	0x13b
 1014 02cf A3020000 		.4byte	0x2a3
 1015 02d3 1A       		.uleb128 0x1a
 1016 02d4 C7020000 		.4byte	0x2c7
 1017 02d8 E3020000 		.4byte	0x2e3
 1018 02dc 1B       		.uleb128 0x1b
 1019 02dd 76000000 		.4byte	0x76
 1020 02e1 01       		.byte	0x1
 1021 02e2 00       		.byte	0
 1022 02e3 17       		.uleb128 0x17
 1023 02e4 64000000 		.4byte	.LASF38
 1024 02e8 01       		.byte	0x1
 1025 02e9 3D01     		.2byte	0x13d
 1026 02eb F5020000 		.4byte	0x2f5
 1027 02ef 05       		.uleb128 0x5
 1028 02f0 03       		.byte	0x3
 1029 02f1 00000000 		.4byte	cfg_memset_list.4785
 1030 02f5 13       		.uleb128 0x13
 1031 02f6 D3020000 		.4byte	0x2d3
 1032 02fa 1C       		.uleb128 0x1c
 1033 02fb 6900     		.ascii	"i\000"
 1034 02fd 01       		.byte	0x1
 1035 02fe 4301     		.2byte	0x143
 1036 0300 86000000 		.4byte	0x86
 1037 0304 02       		.uleb128 0x2
ARM GAS  C:\Users\Nick\AppData\Local\Temp\ccazOhnz.s 			page 26


 1038 0305 91       		.byte	0x91
 1039 0306 77       		.sleb128 -9
 1040 0307 11       		.uleb128 0x11
 1041 0308 FE000000 		.4byte	.LBB4
 1042 030c 3E000000 		.4byte	.LBE4-.LBB4
 1043 0310 1C       		.uleb128 0x1c
 1044 0311 6D7300   		.ascii	"ms\000"
 1045 0314 01       		.byte	0x1
 1046 0315 4801     		.2byte	0x148
 1047 0317 1E030000 		.4byte	0x31e
 1048 031b 02       		.uleb128 0x2
 1049 031c 91       		.byte	0x91
 1050 031d 70       		.sleb128 -16
 1051 031e 0D       		.uleb128 0xd
 1052 031f 04       		.byte	0x4
 1053 0320 24030000 		.4byte	0x324
 1054 0324 13       		.uleb128 0x13
 1055 0325 C7020000 		.4byte	0x2c7
 1056 0329 00       		.byte	0
 1057 032a 00       		.byte	0
 1058 032b 00       		.byte	0
 1059 032c 1A       		.uleb128 0x1a
 1060 032d 9E000000 		.4byte	0x9e
 1061 0331 3C030000 		.4byte	0x33c
 1062 0335 1B       		.uleb128 0x1b
 1063 0336 76000000 		.4byte	0x76
 1064 033a 00       		.byte	0
 1065 033b 00       		.byte	0
 1066 033c 13       		.uleb128 0x13
 1067 033d 2C030000 		.4byte	0x32c
 1068 0341 1A       		.uleb128 0x1a
 1069 0342 FB000000 		.4byte	0xfb
 1070 0346 51030000 		.4byte	0x351
 1071 034a 1B       		.uleb128 0x1b
 1072 034b 76000000 		.4byte	0x76
 1073 034f 01       		.byte	0x1
 1074 0350 00       		.byte	0
 1075 0351 13       		.uleb128 0x13
 1076 0352 41030000 		.4byte	0x341
 1077 0356 00       		.byte	0
 1078              		.section	.debug_abbrev,"",%progbits
 1079              	.Ldebug_abbrev0:
 1080 0000 01       		.uleb128 0x1
 1081 0001 11       		.uleb128 0x11
 1082 0002 01       		.byte	0x1
 1083 0003 25       		.uleb128 0x25
 1084 0004 0E       		.uleb128 0xe
 1085 0005 13       		.uleb128 0x13
 1086 0006 0B       		.uleb128 0xb
 1087 0007 03       		.uleb128 0x3
 1088 0008 0E       		.uleb128 0xe
 1089 0009 1B       		.uleb128 0x1b
 1090 000a 0E       		.uleb128 0xe
 1091 000b 55       		.uleb128 0x55
 1092 000c 17       		.uleb128 0x17
 1093 000d 11       		.uleb128 0x11
 1094 000e 01       		.uleb128 0x1
ARM GAS  C:\Users\Nick\AppData\Local\Temp\ccazOhnz.s 			page 27


 1095 000f 10       		.uleb128 0x10
 1096 0010 17       		.uleb128 0x17
 1097 0011 00       		.byte	0
 1098 0012 00       		.byte	0
 1099 0013 02       		.uleb128 0x2
 1100 0014 24       		.uleb128 0x24
 1101 0015 00       		.byte	0
 1102 0016 0B       		.uleb128 0xb
 1103 0017 0B       		.uleb128 0xb
 1104 0018 3E       		.uleb128 0x3e
 1105 0019 0B       		.uleb128 0xb
 1106 001a 03       		.uleb128 0x3
 1107 001b 08       		.uleb128 0x8
 1108 001c 00       		.byte	0
 1109 001d 00       		.byte	0
 1110 001e 03       		.uleb128 0x3
 1111 001f 16       		.uleb128 0x16
 1112 0020 00       		.byte	0
 1113 0021 03       		.uleb128 0x3
 1114 0022 0E       		.uleb128 0xe
 1115 0023 3A       		.uleb128 0x3a
 1116 0024 0B       		.uleb128 0xb
 1117 0025 3B       		.uleb128 0x3b
 1118 0026 0B       		.uleb128 0xb
 1119 0027 49       		.uleb128 0x49
 1120 0028 13       		.uleb128 0x13
 1121 0029 00       		.byte	0
 1122 002a 00       		.byte	0
 1123 002b 04       		.uleb128 0x4
 1124 002c 24       		.uleb128 0x24
 1125 002d 00       		.byte	0
 1126 002e 0B       		.uleb128 0xb
 1127 002f 0B       		.uleb128 0xb
 1128 0030 3E       		.uleb128 0x3e
 1129 0031 0B       		.uleb128 0xb
 1130 0032 03       		.uleb128 0x3
 1131 0033 0E       		.uleb128 0xe
 1132 0034 00       		.byte	0
 1133 0035 00       		.byte	0
 1134 0036 05       		.uleb128 0x5
 1135 0037 0F       		.uleb128 0xf
 1136 0038 00       		.byte	0
 1137 0039 0B       		.uleb128 0xb
 1138 003a 0B       		.uleb128 0xb
 1139 003b 00       		.byte	0
 1140 003c 00       		.byte	0
 1141 003d 06       		.uleb128 0x6
 1142 003e 16       		.uleb128 0x16
 1143 003f 00       		.byte	0
 1144 0040 03       		.uleb128 0x3
 1145 0041 0E       		.uleb128 0xe
 1146 0042 3A       		.uleb128 0x3a
 1147 0043 0B       		.uleb128 0xb
 1148 0044 3B       		.uleb128 0x3b
 1149 0045 05       		.uleb128 0x5
 1150 0046 49       		.uleb128 0x49
 1151 0047 13       		.uleb128 0x13
ARM GAS  C:\Users\Nick\AppData\Local\Temp\ccazOhnz.s 			page 28


 1152 0048 00       		.byte	0
 1153 0049 00       		.byte	0
 1154 004a 07       		.uleb128 0x7
 1155 004b 35       		.uleb128 0x35
 1156 004c 00       		.byte	0
 1157 004d 49       		.uleb128 0x49
 1158 004e 13       		.uleb128 0x13
 1159 004f 00       		.byte	0
 1160 0050 00       		.byte	0
 1161 0051 08       		.uleb128 0x8
 1162 0052 13       		.uleb128 0x13
 1163 0053 01       		.byte	0x1
 1164 0054 0B       		.uleb128 0xb
 1165 0055 0B       		.uleb128 0xb
 1166 0056 3A       		.uleb128 0x3a
 1167 0057 0B       		.uleb128 0xb
 1168 0058 3B       		.uleb128 0x3b
 1169 0059 0B       		.uleb128 0xb
 1170 005a 01       		.uleb128 0x1
 1171 005b 13       		.uleb128 0x13
 1172 005c 00       		.byte	0
 1173 005d 00       		.byte	0
 1174 005e 09       		.uleb128 0x9
 1175 005f 0D       		.uleb128 0xd
 1176 0060 00       		.byte	0
 1177 0061 03       		.uleb128 0x3
 1178 0062 0E       		.uleb128 0xe
 1179 0063 3A       		.uleb128 0x3a
 1180 0064 0B       		.uleb128 0xb
 1181 0065 3B       		.uleb128 0x3b
 1182 0066 0B       		.uleb128 0xb
 1183 0067 49       		.uleb128 0x49
 1184 0068 13       		.uleb128 0x13
 1185 0069 38       		.uleb128 0x38
 1186 006a 0B       		.uleb128 0xb
 1187 006b 00       		.byte	0
 1188 006c 00       		.byte	0
 1189 006d 0A       		.uleb128 0xa
 1190 006e 2E       		.uleb128 0x2e
 1191 006f 01       		.byte	0x1
 1192 0070 03       		.uleb128 0x3
 1193 0071 0E       		.uleb128 0xe
 1194 0072 3A       		.uleb128 0x3a
 1195 0073 0B       		.uleb128 0xb
 1196 0074 3B       		.uleb128 0x3b
 1197 0075 0B       		.uleb128 0xb
 1198 0076 27       		.uleb128 0x27
 1199 0077 19       		.uleb128 0x19
 1200 0078 11       		.uleb128 0x11
 1201 0079 01       		.uleb128 0x1
 1202 007a 12       		.uleb128 0x12
 1203 007b 06       		.uleb128 0x6
 1204 007c 40       		.uleb128 0x40
 1205 007d 18       		.uleb128 0x18
 1206 007e 9642     		.uleb128 0x2116
 1207 0080 19       		.uleb128 0x19
 1208 0081 01       		.uleb128 0x1
ARM GAS  C:\Users\Nick\AppData\Local\Temp\ccazOhnz.s 			page 29


 1209 0082 13       		.uleb128 0x13
 1210 0083 00       		.byte	0
 1211 0084 00       		.byte	0
 1212 0085 0B       		.uleb128 0xb
 1213 0086 05       		.uleb128 0x5
 1214 0087 00       		.byte	0
 1215 0088 03       		.uleb128 0x3
 1216 0089 08       		.uleb128 0x8
 1217 008a 3A       		.uleb128 0x3a
 1218 008b 0B       		.uleb128 0xb
 1219 008c 3B       		.uleb128 0x3b
 1220 008d 0B       		.uleb128 0xb
 1221 008e 49       		.uleb128 0x49
 1222 008f 13       		.uleb128 0x13
 1223 0090 02       		.uleb128 0x2
 1224 0091 18       		.uleb128 0x18
 1225 0092 00       		.byte	0
 1226 0093 00       		.byte	0
 1227 0094 0C       		.uleb128 0xc
 1228 0095 05       		.uleb128 0x5
 1229 0096 00       		.byte	0
 1230 0097 03       		.uleb128 0x3
 1231 0098 0E       		.uleb128 0xe
 1232 0099 3A       		.uleb128 0x3a
 1233 009a 0B       		.uleb128 0xb
 1234 009b 3B       		.uleb128 0x3b
 1235 009c 0B       		.uleb128 0xb
 1236 009d 49       		.uleb128 0x49
 1237 009e 13       		.uleb128 0x13
 1238 009f 02       		.uleb128 0x2
 1239 00a0 18       		.uleb128 0x18
 1240 00a1 00       		.byte	0
 1241 00a2 00       		.byte	0
 1242 00a3 0D       		.uleb128 0xd
 1243 00a4 0F       		.uleb128 0xf
 1244 00a5 00       		.byte	0
 1245 00a6 0B       		.uleb128 0xb
 1246 00a7 0B       		.uleb128 0xb
 1247 00a8 49       		.uleb128 0x49
 1248 00a9 13       		.uleb128 0x13
 1249 00aa 00       		.byte	0
 1250 00ab 00       		.byte	0
 1251 00ac 0E       		.uleb128 0xe
 1252 00ad 26       		.uleb128 0x26
 1253 00ae 00       		.byte	0
 1254 00af 00       		.byte	0
 1255 00b0 00       		.byte	0
 1256 00b1 0F       		.uleb128 0xf
 1257 00b2 2E       		.uleb128 0x2e
 1258 00b3 01       		.byte	0x1
 1259 00b4 03       		.uleb128 0x3
 1260 00b5 0E       		.uleb128 0xe
 1261 00b6 3A       		.uleb128 0x3a
 1262 00b7 0B       		.uleb128 0xb
 1263 00b8 3B       		.uleb128 0x3b
 1264 00b9 0B       		.uleb128 0xb
 1265 00ba 27       		.uleb128 0x27
ARM GAS  C:\Users\Nick\AppData\Local\Temp\ccazOhnz.s 			page 30


 1266 00bb 19       		.uleb128 0x19
 1267 00bc 11       		.uleb128 0x11
 1268 00bd 01       		.uleb128 0x1
 1269 00be 12       		.uleb128 0x12
 1270 00bf 06       		.uleb128 0x6
 1271 00c0 40       		.uleb128 0x40
 1272 00c1 18       		.uleb128 0x18
 1273 00c2 9742     		.uleb128 0x2117
 1274 00c4 19       		.uleb128 0x19
 1275 00c5 01       		.uleb128 0x1
 1276 00c6 13       		.uleb128 0x13
 1277 00c7 00       		.byte	0
 1278 00c8 00       		.byte	0
 1279 00c9 10       		.uleb128 0x10
 1280 00ca 34       		.uleb128 0x34
 1281 00cb 00       		.byte	0
 1282 00cc 03       		.uleb128 0x3
 1283 00cd 08       		.uleb128 0x8
 1284 00ce 3A       		.uleb128 0x3a
 1285 00cf 0B       		.uleb128 0xb
 1286 00d0 3B       		.uleb128 0x3b
 1287 00d1 0B       		.uleb128 0xb
 1288 00d2 49       		.uleb128 0x49
 1289 00d3 13       		.uleb128 0x13
 1290 00d4 02       		.uleb128 0x2
 1291 00d5 18       		.uleb128 0x18
 1292 00d6 00       		.byte	0
 1293 00d7 00       		.byte	0
 1294 00d8 11       		.uleb128 0x11
 1295 00d9 0B       		.uleb128 0xb
 1296 00da 01       		.byte	0x1
 1297 00db 11       		.uleb128 0x11
 1298 00dc 01       		.uleb128 0x1
 1299 00dd 12       		.uleb128 0x12
 1300 00de 06       		.uleb128 0x6
 1301 00df 00       		.byte	0
 1302 00e0 00       		.byte	0
 1303 00e1 12       		.uleb128 0x12
 1304 00e2 34       		.uleb128 0x34
 1305 00e3 00       		.byte	0
 1306 00e4 03       		.uleb128 0x3
 1307 00e5 0E       		.uleb128 0xe
 1308 00e6 3A       		.uleb128 0x3a
 1309 00e7 0B       		.uleb128 0xb
 1310 00e8 3B       		.uleb128 0x3b
 1311 00e9 0B       		.uleb128 0xb
 1312 00ea 49       		.uleb128 0x49
 1313 00eb 13       		.uleb128 0x13
 1314 00ec 02       		.uleb128 0x2
 1315 00ed 18       		.uleb128 0x18
 1316 00ee 00       		.byte	0
 1317 00ef 00       		.byte	0
 1318 00f0 13       		.uleb128 0x13
 1319 00f1 26       		.uleb128 0x26
 1320 00f2 00       		.byte	0
 1321 00f3 49       		.uleb128 0x49
 1322 00f4 13       		.uleb128 0x13
ARM GAS  C:\Users\Nick\AppData\Local\Temp\ccazOhnz.s 			page 31


 1323 00f5 00       		.byte	0
 1324 00f6 00       		.byte	0
 1325 00f7 14       		.uleb128 0x14
 1326 00f8 2E       		.uleb128 0x2e
 1327 00f9 00       		.byte	0
 1328 00fa 03       		.uleb128 0x3
 1329 00fb 0E       		.uleb128 0xe
 1330 00fc 3A       		.uleb128 0x3a
 1331 00fd 0B       		.uleb128 0xb
 1332 00fe 3B       		.uleb128 0x3b
 1333 00ff 0B       		.uleb128 0xb
 1334 0100 27       		.uleb128 0x27
 1335 0101 19       		.uleb128 0x19
 1336 0102 11       		.uleb128 0x11
 1337 0103 01       		.uleb128 0x1
 1338 0104 12       		.uleb128 0x12
 1339 0105 06       		.uleb128 0x6
 1340 0106 40       		.uleb128 0x40
 1341 0107 18       		.uleb128 0x18
 1342 0108 9642     		.uleb128 0x2116
 1343 010a 19       		.uleb128 0x19
 1344 010b 00       		.byte	0
 1345 010c 00       		.byte	0
 1346 010d 15       		.uleb128 0x15
 1347 010e 2E       		.uleb128 0x2e
 1348 010f 00       		.byte	0
 1349 0110 03       		.uleb128 0x3
 1350 0111 0E       		.uleb128 0xe
 1351 0112 3A       		.uleb128 0x3a
 1352 0113 0B       		.uleb128 0xb
 1353 0114 3B       		.uleb128 0x3b
 1354 0115 05       		.uleb128 0x5
 1355 0116 27       		.uleb128 0x27
 1356 0117 19       		.uleb128 0x19
 1357 0118 11       		.uleb128 0x11
 1358 0119 01       		.uleb128 0x1
 1359 011a 12       		.uleb128 0x12
 1360 011b 06       		.uleb128 0x6
 1361 011c 40       		.uleb128 0x40
 1362 011d 18       		.uleb128 0x18
 1363 011e 9742     		.uleb128 0x2117
 1364 0120 19       		.uleb128 0x19
 1365 0121 00       		.byte	0
 1366 0122 00       		.byte	0
 1367 0123 16       		.uleb128 0x16
 1368 0124 2E       		.uleb128 0x2e
 1369 0125 01       		.byte	0x1
 1370 0126 3F       		.uleb128 0x3f
 1371 0127 19       		.uleb128 0x19
 1372 0128 03       		.uleb128 0x3
 1373 0129 0E       		.uleb128 0xe
 1374 012a 3A       		.uleb128 0x3a
 1375 012b 0B       		.uleb128 0xb
 1376 012c 3B       		.uleb128 0x3b
 1377 012d 05       		.uleb128 0x5
 1378 012e 27       		.uleb128 0x27
 1379 012f 19       		.uleb128 0x19
ARM GAS  C:\Users\Nick\AppData\Local\Temp\ccazOhnz.s 			page 32


 1380 0130 11       		.uleb128 0x11
 1381 0131 01       		.uleb128 0x1
 1382 0132 12       		.uleb128 0x12
 1383 0133 06       		.uleb128 0x6
 1384 0134 40       		.uleb128 0x40
 1385 0135 18       		.uleb128 0x18
 1386 0136 9642     		.uleb128 0x2116
 1387 0138 19       		.uleb128 0x19
 1388 0139 01       		.uleb128 0x1
 1389 013a 13       		.uleb128 0x13
 1390 013b 00       		.byte	0
 1391 013c 00       		.byte	0
 1392 013d 17       		.uleb128 0x17
 1393 013e 34       		.uleb128 0x34
 1394 013f 00       		.byte	0
 1395 0140 03       		.uleb128 0x3
 1396 0141 0E       		.uleb128 0xe
 1397 0142 3A       		.uleb128 0x3a
 1398 0143 0B       		.uleb128 0xb
 1399 0144 3B       		.uleb128 0x3b
 1400 0145 05       		.uleb128 0x5
 1401 0146 49       		.uleb128 0x49
 1402 0147 13       		.uleb128 0x13
 1403 0148 02       		.uleb128 0x2
 1404 0149 18       		.uleb128 0x18
 1405 014a 00       		.byte	0
 1406 014b 00       		.byte	0
 1407 014c 18       		.uleb128 0x18
 1408 014d 13       		.uleb128 0x13
 1409 014e 01       		.byte	0x1
 1410 014f 0B       		.uleb128 0xb
 1411 0150 0B       		.uleb128 0xb
 1412 0151 3A       		.uleb128 0x3a
 1413 0152 0B       		.uleb128 0xb
 1414 0153 3B       		.uleb128 0x3b
 1415 0154 05       		.uleb128 0x5
 1416 0155 01       		.uleb128 0x1
 1417 0156 13       		.uleb128 0x13
 1418 0157 00       		.byte	0
 1419 0158 00       		.byte	0
 1420 0159 19       		.uleb128 0x19
 1421 015a 0D       		.uleb128 0xd
 1422 015b 00       		.byte	0
 1423 015c 03       		.uleb128 0x3
 1424 015d 0E       		.uleb128 0xe
 1425 015e 3A       		.uleb128 0x3a
 1426 015f 0B       		.uleb128 0xb
 1427 0160 3B       		.uleb128 0x3b
 1428 0161 05       		.uleb128 0x5
 1429 0162 49       		.uleb128 0x49
 1430 0163 13       		.uleb128 0x13
 1431 0164 38       		.uleb128 0x38
 1432 0165 0B       		.uleb128 0xb
 1433 0166 00       		.byte	0
 1434 0167 00       		.byte	0
 1435 0168 1A       		.uleb128 0x1a
 1436 0169 01       		.uleb128 0x1
ARM GAS  C:\Users\Nick\AppData\Local\Temp\ccazOhnz.s 			page 33


 1437 016a 01       		.byte	0x1
 1438 016b 49       		.uleb128 0x49
 1439 016c 13       		.uleb128 0x13
 1440 016d 01       		.uleb128 0x1
 1441 016e 13       		.uleb128 0x13
 1442 016f 00       		.byte	0
 1443 0170 00       		.byte	0
 1444 0171 1B       		.uleb128 0x1b
 1445 0172 21       		.uleb128 0x21
 1446 0173 00       		.byte	0
 1447 0174 49       		.uleb128 0x49
 1448 0175 13       		.uleb128 0x13
 1449 0176 2F       		.uleb128 0x2f
 1450 0177 0B       		.uleb128 0xb
 1451 0178 00       		.byte	0
 1452 0179 00       		.byte	0
 1453 017a 1C       		.uleb128 0x1c
 1454 017b 34       		.uleb128 0x34
 1455 017c 00       		.byte	0
 1456 017d 03       		.uleb128 0x3
 1457 017e 08       		.uleb128 0x8
 1458 017f 3A       		.uleb128 0x3a
 1459 0180 0B       		.uleb128 0xb
 1460 0181 3B       		.uleb128 0x3b
 1461 0182 05       		.uleb128 0x5
 1462 0183 49       		.uleb128 0x49
 1463 0184 13       		.uleb128 0x13
 1464 0185 02       		.uleb128 0x2
 1465 0186 18       		.uleb128 0x18
 1466 0187 00       		.byte	0
 1467 0188 00       		.byte	0
 1468 0189 00       		.byte	0
 1469              		.section	.debug_aranges,"",%progbits
 1470 0000 4C000000 		.4byte	0x4c
 1471 0004 0200     		.2byte	0x2
 1472 0006 00000000 		.4byte	.Ldebug_info0
 1473 000a 04       		.byte	0x4
 1474 000b 00       		.byte	0
 1475 000c 0000     		.2byte	0
 1476 000e 0000     		.2byte	0
 1477 0010 00000000 		.4byte	.LFB2
 1478 0014 1E000000 		.4byte	.LFE2-.LFB2
 1479 0018 00000000 		.4byte	.LFB3
 1480 001c 22000000 		.4byte	.LFE3-.LFB3
 1481 0020 00000000 		.4byte	.LFB4
 1482 0024 22000000 		.4byte	.LFE4-.LFB4
 1483 0028 00000000 		.4byte	.LFB5
 1484 002c 80000000 		.4byte	.LFE5-.LFB5
 1485 0030 00000000 		.4byte	.LFB6
 1486 0034 E8000000 		.4byte	.LFE6-.LFB6
 1487 0038 00000000 		.4byte	.LFB7
 1488 003c 28000000 		.4byte	.LFE7-.LFB7
 1489 0040 E8000000 		.4byte	.LFB8
 1490 0044 80010000 		.4byte	.LFE8-.LFB8
 1491 0048 00000000 		.4byte	0
 1492 004c 00000000 		.4byte	0
 1493              		.section	.debug_ranges,"",%progbits
ARM GAS  C:\Users\Nick\AppData\Local\Temp\ccazOhnz.s 			page 34


 1494              	.Ldebug_ranges0:
 1495 0000 00000000 		.4byte	.LFB2
 1496 0004 1E000000 		.4byte	.LFE2
 1497 0008 00000000 		.4byte	.LFB3
 1498 000c 22000000 		.4byte	.LFE3
 1499 0010 00000000 		.4byte	.LFB4
 1500 0014 22000000 		.4byte	.LFE4
 1501 0018 00000000 		.4byte	.LFB5
 1502 001c 80000000 		.4byte	.LFE5
 1503 0020 00000000 		.4byte	.LFB6
 1504 0024 E8000000 		.4byte	.LFE6
 1505 0028 00000000 		.4byte	.LFB7
 1506 002c 28000000 		.4byte	.LFE7
 1507 0030 E8000000 		.4byte	.LFB8
 1508 0034 68020000 		.4byte	.LFE8
 1509 0038 00000000 		.4byte	0
 1510 003c 00000000 		.4byte	0
 1511              		.section	.debug_line,"",%progbits
 1512              	.Ldebug_line0:
 1513 0000 A0010000 		.section	.debug_str,"MS",%progbits,1
 1513      0200CB00 
 1513      00000201 
 1513      FB0E0D00 
 1513      01010101 
 1514              	.LASF18:
 1515 0000 72656733 		.ascii	"reg32\000"
 1515      3200
 1516              	.LASF11:
 1517 0006 73697A65 		.ascii	"size_t\000"
 1517      5F7400
 1518              	.LASF32:
 1519 000d 416E616C 		.ascii	"AnalogSetDefault\000"
 1519      6F675365 
 1519      74446566 
 1519      61756C74 
 1519      00
 1520              	.LASF20:
 1521 001e 76616C75 		.ascii	"value\000"
 1521      6500
 1522              	.LASF30:
 1523 0024 636F756E 		.ascii	"count\000"
 1523      7400
 1524              	.LASF31:
 1525 002a 436C6F63 		.ascii	"ClockSetup\000"
 1525      6B536574 
 1525      757000
 1526              	.LASF33:
 1527 0035 63795F63 		.ascii	"cy_cfg_addr_table\000"
 1527      66675F61 
 1527      6464725F 
 1527      7461626C 
 1527      6500
 1528              	.LASF34:
 1529 0047 63795F63 		.ascii	"cy_cfg_data_table\000"
 1529      66675F64 
 1529      6174615F 
 1529      7461626C 
ARM GAS  C:\Users\Nick\AppData\Local\Temp\ccazOhnz.s 			page 35


 1529      6500
 1530              	.LASF15:
 1531 0059 666C6F61 		.ascii	"float\000"
 1531      7400
 1532              	.LASF24:
 1533 005f 64657374 		.ascii	"dest\000"
 1533      00
 1534              	.LASF38:
 1535 0064 6366675F 		.ascii	"cfg_memset_list\000"
 1535      6D656D73 
 1535      65745F6C 
 1535      69737400 
 1536              	.LASF36:
 1537 0074 73697A65 		.ascii	"size\000"
 1537      00
 1538              	.LASF17:
 1539 0079 72656738 		.ascii	"reg8\000"
 1539      00
 1540              	.LASF6:
 1541 007e 6C6F6E67 		.ascii	"long unsigned int\000"
 1541      20756E73 
 1541      69676E65 
 1541      6420696E 
 1541      7400
 1542              	.LASF12:
 1543 0090 75696E74 		.ascii	"uint8\000"
 1543      3800
 1544              	.LASF22:
 1545 0096 43594D45 		.ascii	"CYMEMZERO\000"
 1545      4D5A4552 
 1545      4F00
 1546              	.LASF2:
 1547 00a0 756E7369 		.ascii	"unsigned char\000"
 1547      676E6564 
 1547      20636861 
 1547      7200
 1548              	.LASF16:
 1549 00ae 646F7562 		.ascii	"double\000"
 1549      6C6500
 1550              	.LASF26:
 1551 00b5 6366675F 		.ascii	"cfg_write_bytes32\000"
 1551      77726974 
 1551      655F6279 
 1551      74657333 
 1551      3200
 1552              	.LASF42:
 1553 00c7 63796669 		.ascii	"cyfitter_cfg\000"
 1553      74746572 
 1553      5F636667 
 1553      00
 1554              	.LASF27:
 1555 00d4 61646472 		.ascii	"addr_table\000"
 1555      5F746162 
 1555      6C6500
 1556              	.LASF13:
 1557 00df 75696E74 		.ascii	"uint16\000"
 1557      313600
ARM GAS  C:\Users\Nick\AppData\Local\Temp\ccazOhnz.s 			page 36


 1558              	.LASF28:
 1559 00e6 64617461 		.ascii	"data_table\000"
 1559      5F746162 
 1559      6C6500
 1560              	.LASF14:
 1561 00f1 75696E74 		.ascii	"uint32\000"
 1561      333200
 1562              	.LASF39:
 1563 00f8 474E5520 		.ascii	"GNU C 4.9.3 20150303 (release) [ARM/embedded-4_9-br"
 1563      4320342E 
 1563      392E3320 
 1563      32303135 
 1563      30333033 
 1564 012b 616E6368 		.ascii	"anch revision 221220] -mcpu=cortex-m0 -mthumb -g -O"
 1564      20726576 
 1564      6973696F 
 1564      6E203232 
 1564      31323230 
 1565 015e 30202D66 		.ascii	"0 -ffunction-sections -ffat-lto-objects\000"
 1565      66756E63 
 1565      74696F6E 
 1565      2D736563 
 1565      74696F6E 
 1566              	.LASF0:
 1567 0186 756E7369 		.ascii	"unsigned int\000"
 1567      676E6564 
 1567      20696E74 
 1567      00
 1568              	.LASF35:
 1569 0193 61646472 		.ascii	"address\000"
 1569      65737300 
 1570              	.LASF8:
 1571 019b 6C6F6E67 		.ascii	"long long unsigned int\000"
 1571      206C6F6E 
 1571      6720756E 
 1571      7369676E 
 1571      65642069 
 1572              	.LASF37:
 1573 01b2 6366675F 		.ascii	"cfg_memset_t\000"
 1573      6D656D73 
 1573      65745F74 
 1573      00
 1574              	.LASF29:
 1575 01bf 62617365 		.ascii	"baseAddr\000"
 1575      41646472 
 1575      00
 1576              	.LASF9:
 1577 01c8 73697A65 		.ascii	"sizetype\000"
 1577      74797065 
 1577      00
 1578              	.LASF4:
 1579 01d1 73686F72 		.ascii	"short unsigned int\000"
 1579      7420756E 
 1579      7369676E 
 1579      65642069 
 1579      6E7400
 1580              	.LASF7:
ARM GAS  C:\Users\Nick\AppData\Local\Temp\ccazOhnz.s 			page 37


 1581 01e4 6C6F6E67 		.ascii	"long long int\000"
 1581      206C6F6E 
 1581      6720696E 
 1581      7400
 1582              	.LASF10:
 1583 01f2 63686172 		.ascii	"char\000"
 1583      00
 1584              	.LASF21:
 1585 01f7 63795F63 		.ascii	"cy_cfg_addrvalue_t\000"
 1585      66675F61 
 1585      64647276 
 1585      616C7565 
 1585      5F7400
 1586              	.LASF19:
 1587 020a 6F666673 		.ascii	"offset\000"
 1587      657400
 1588              	.LASF3:
 1589 0211 73686F72 		.ascii	"short int\000"
 1589      7420696E 
 1589      7400
 1590              	.LASF5:
 1591 021b 6C6F6E67 		.ascii	"long int\000"
 1591      20696E74 
 1591      00
 1592              	.LASF41:
 1593 0224 433A5C55 		.ascii	"C:\\Users\\Nick\\Documents\\PSoC Creator\\FSM.cywrk"
 1593      73657273 
 1593      5C4E6963 
 1593      6B5C446F 
 1593      63756D65 
 1594 0252 5C46534D 		.ascii	"\\FSM\\FSM.cydsn\000"
 1594      5C46534D 
 1594      2E637964 
 1594      736E00
 1595              	.LASF1:
 1596 0261 7369676E 		.ascii	"signed char\000"
 1596      65642063 
 1596      68617200 
 1597              	.LASF40:
 1598 026d 47656E65 		.ascii	"Generated_Source\\PSoC4\\cyfitter_cfg.c\000"
 1598      72617465 
 1598      645F536F 
 1598      75726365 
 1598      5C50536F 
 1599              	.LASF25:
 1600 0293 4359434F 		.ascii	"CYCONFIGCPYCODE\000"
 1600      4E464947 
 1600      43505943 
 1600      4F444500 
 1601              	.LASF23:
 1602 02a3 4359434F 		.ascii	"CYCONFIGCPY\000"
 1602      4E464947 
 1602      43505900 
 1603              		.ident	"GCC: (GNU Tools for ARM Embedded Processors) 4.9.3 20150303 (release) [ARM/embedded-4_9-br
