ARM GAS  C:\Users\Nick\AppData\Local\Temp\cctGexNN.s 			page 1


   1              		.cpu cortex-m0
   2              		.fpu softvfp
   3              		.eabi_attribute 20, 1
   4              		.eabi_attribute 21, 1
   5              		.eabi_attribute 23, 3
   6              		.eabi_attribute 24, 1
   7              		.eabi_attribute 25, 1
   8              		.eabi_attribute 26, 1
   9              		.eabi_attribute 30, 6
  10              		.eabi_attribute 34, 0
  11              		.eabi_attribute 18, 4
  12              		.code	16
  13              		.file	"filter.c"
  14              		.text
  15              	.Ltext0:
  16              		.cfi_sections	.debug_frame
  17              		.section	.text.filter_sample,"ax",%progbits
  18              		.align	2
  19              		.global	filter_sample
  20              		.code	16
  21              		.thumb_func
  22              		.type	filter_sample, %function
  23              	filter_sample:
  24              	.LFB37:
  25              		.file 1 "filter.c"
   1:filter.c      **** /* ========================================
   2:filter.c      ****  *
   3:filter.c      ****  * Copyright YOUR COMPANY, THE YEAR
   4:filter.c      ****  * All Rights Reserved
   5:filter.c      ****  * UNPUBLISHED, LICENSED SOFTWARE.
   6:filter.c      ****  *
   7:filter.c      ****  * CONFIDENTIAL AND PROPRIETARY INFORMATION
   8:filter.c      ****  * WHICH IS THE PROPERTY OF your company.
   9:filter.c      ****  *
  10:filter.c      ****  * ========================================
  11:filter.c      **** */
  12:filter.c      **** 
  13:filter.c      **** #include <project.h>
  14:filter.c      **** #include "filter.h"
  15:filter.c      **** 
  16:filter.c      **** int8 filter_sample(int8 reading, queue_t *prev) {
  26              		.loc 1 16 0
  27              		.cfi_startproc
  28 0000 80B5     		push	{r7, lr}
  29              		.cfi_def_cfa_offset 8
  30              		.cfi_offset 7, -8
  31              		.cfi_offset 14, -4
  32 0002 84B0     		sub	sp, sp, #16
  33              		.cfi_def_cfa_offset 24
  34 0004 00AF     		add	r7, sp, #0
  35              		.cfi_def_cfa_register 7
  36 0006 021C     		mov	r2, r0
  37 0008 3960     		str	r1, [r7]
  38 000a FB1D     		add	r3, r7, #7
  39 000c 1A70     		strb	r2, [r3]
  17:filter.c      ****     int temp = (int)reading;
  40              		.loc 1 17 0
ARM GAS  C:\Users\Nick\AppData\Local\Temp\cctGexNN.s 			page 2


  41 000e FB1D     		add	r3, r7, #7
  42 0010 1B78     		ldrb	r3, [r3]
  43 0012 5BB2     		sxtb	r3, r3
  44 0014 FB60     		str	r3, [r7, #12]
  18:filter.c      ****     temp += sum(prev);
  45              		.loc 1 18 0
  46 0016 3B68     		ldr	r3, [r7]
  47 0018 181C     		mov	r0, r3
  48 001a FFF7FEFF 		bl	sum
  49 001e 021C     		mov	r2, r0
  50 0020 FB68     		ldr	r3, [r7, #12]
  51 0022 9B18     		add	r3, r3, r2
  52 0024 FB60     		str	r3, [r7, #12]
  19:filter.c      ****     push(prev, reading);
  53              		.loc 1 19 0
  54 0026 3A68     		ldr	r2, [r7]
  55 0028 FB1D     		add	r3, r7, #7
  56 002a 1B78     		ldrb	r3, [r3]
  57 002c 5BB2     		sxtb	r3, r3
  58 002e 101C     		mov	r0, r2
  59 0030 191C     		mov	r1, r3
  60 0032 FFF7FEFF 		bl	push
  20:filter.c      ****     return (temp >> 2);
  61              		.loc 1 20 0
  62 0036 FB68     		ldr	r3, [r7, #12]
  63 0038 9B10     		asr	r3, r3, #2
  64 003a DBB2     		uxtb	r3, r3
  65 003c 5BB2     		sxtb	r3, r3
  21:filter.c      **** }
  66              		.loc 1 21 0
  67 003e 181C     		mov	r0, r3
  68 0040 BD46     		mov	sp, r7
  69 0042 04B0     		add	sp, sp, #16
  70              		@ sp needed
  71 0044 80BD     		pop	{r7, pc}
  72              		.cfi_endproc
  73              	.LFE37:
  74              		.size	filter_sample, .-filter_sample
  75 0046 C046     		.section	.text.filter_count,"ax",%progbits
  76              		.align	2
  77              		.global	filter_count
  78              		.code	16
  79              		.thumb_func
  80              		.type	filter_count, %function
  81              	filter_count:
  82              	.LFB38:
  22:filter.c      **** 
  23:filter.c      **** int filter_count(int8 reading, queue_t *prev, int count) {
  83              		.loc 1 23 0
  84              		.cfi_startproc
  85 0000 80B5     		push	{r7, lr}
  86              		.cfi_def_cfa_offset 8
  87              		.cfi_offset 7, -8
  88              		.cfi_offset 14, -4
  89 0002 84B0     		sub	sp, sp, #16
  90              		.cfi_def_cfa_offset 24
  91 0004 00AF     		add	r7, sp, #0
ARM GAS  C:\Users\Nick\AppData\Local\Temp\cctGexNN.s 			page 3


  92              		.cfi_def_cfa_register 7
  93 0006 B960     		str	r1, [r7, #8]
  94 0008 7A60     		str	r2, [r7, #4]
  95 000a 0F23     		mov	r3, #15
  96 000c FB18     		add	r3, r7, r3
  97 000e 021C     		add	r2, r0, #0
  98 0010 1A70     		strb	r2, [r3]
  24:filter.c      ****     if (filter_sample(reading, prev)) {
  99              		.loc 1 24 0
 100 0012 0F23     		mov	r3, #15
 101 0014 FB18     		add	r3, r7, r3
 102 0016 0022     		mov	r2, #0
 103 0018 9A56     		ldrsb	r2, [r3, r2]
 104 001a BB68     		ldr	r3, [r7, #8]
 105 001c 101C     		mov	r0, r2
 106 001e 191C     		mov	r1, r3
 107 0020 FFF7FEFF 		bl	filter_sample
 108 0024 031E     		sub	r3, r0, #0
 109 0026 03D0     		beq	.L4
  25:filter.c      ****         count++;
 110              		.loc 1 25 0
 111 0028 7B68     		ldr	r3, [r7, #4]
 112 002a 0133     		add	r3, r3, #1
 113 002c 7B60     		str	r3, [r7, #4]
 114 002e 05E0     		b	.L5
 115              	.L4:
  26:filter.c      ****     }
  27:filter.c      ****     else {
  28:filter.c      ****         if (count > 0) {
 116              		.loc 1 28 0
 117 0030 7B68     		ldr	r3, [r7, #4]
 118 0032 002B     		cmp	r3, #0
 119 0034 02DD     		ble	.L5
  29:filter.c      ****             count--;
 120              		.loc 1 29 0
 121 0036 7B68     		ldr	r3, [r7, #4]
 122 0038 013B     		sub	r3, r3, #1
 123 003a 7B60     		str	r3, [r7, #4]
 124              	.L5:
  30:filter.c      ****         }
  31:filter.c      ****     }
  32:filter.c      ****     return count;
 125              		.loc 1 32 0
 126 003c 7B68     		ldr	r3, [r7, #4]
  33:filter.c      **** }
 127              		.loc 1 33 0
 128 003e 181C     		mov	r0, r3
 129 0040 BD46     		mov	sp, r7
 130 0042 04B0     		add	sp, sp, #16
 131              		@ sp needed
 132 0044 80BD     		pop	{r7, pc}
 133              		.cfi_endproc
 134              	.LFE38:
 135              		.size	filter_count, .-filter_count
 136 0046 C046     		.text
 137              	.Letext0:
 138              		.file 2 "queue.h"
ARM GAS  C:\Users\Nick\AppData\Local\Temp\cctGexNN.s 			page 4


 139              		.file 3 "Generated_Source\\PSoC4/cytypes.h"
 140              		.section	.debug_info,"",%progbits
 141              	.Ldebug_info0:
 142 0000 56010000 		.4byte	0x156
 143 0004 0400     		.2byte	0x4
 144 0006 00000000 		.4byte	.Ldebug_abbrev0
 145 000a 04       		.byte	0x4
 146 000b 01       		.uleb128 0x1
 147 000c 0E000000 		.4byte	.LASF20
 148 0010 01       		.byte	0x1
 149 0011 4F010000 		.4byte	.LASF21
 150 0015 CD000000 		.4byte	.LASF22
 151 0019 00000000 		.4byte	.Ldebug_ranges0+0
 152 001d 00000000 		.4byte	0
 153 0021 00000000 		.4byte	.Ldebug_line0
 154 0025 02       		.uleb128 0x2
 155 0026 01       		.byte	0x1
 156 0027 06       		.byte	0x6
 157 0028 93010000 		.4byte	.LASF0
 158 002c 02       		.uleb128 0x2
 159 002d 01       		.byte	0x1
 160 002e 08       		.byte	0x8
 161 002f 33010000 		.4byte	.LASF1
 162 0033 02       		.uleb128 0x2
 163 0034 02       		.byte	0x2
 164 0035 05       		.byte	0x5
 165 0036 A5010000 		.4byte	.LASF2
 166 003a 02       		.uleb128 0x2
 167 003b 02       		.byte	0x2
 168 003c 07       		.byte	0x7
 169 003d 80010000 		.4byte	.LASF3
 170 0041 02       		.uleb128 0x2
 171 0042 04       		.byte	0x4
 172 0043 05       		.byte	0x5
 173 0044 5E010000 		.4byte	.LASF4
 174 0048 02       		.uleb128 0x2
 175 0049 04       		.byte	0x4
 176 004a 07       		.byte	0x7
 177 004b BB000000 		.4byte	.LASF5
 178 004f 02       		.uleb128 0x2
 179 0050 08       		.byte	0x8
 180 0051 05       		.byte	0x5
 181 0052 00000000 		.4byte	.LASF6
 182 0056 02       		.uleb128 0x2
 183 0057 08       		.byte	0x8
 184 0058 07       		.byte	0x7
 185 0059 0A010000 		.4byte	.LASF7
 186 005d 03       		.uleb128 0x3
 187 005e 04       		.byte	0x4
 188 005f 05       		.byte	0x5
 189 0060 696E7400 		.ascii	"int\000"
 190 0064 02       		.uleb128 0x2
 191 0065 04       		.byte	0x4
 192 0066 07       		.byte	0x7
 193 0067 9C000000 		.4byte	.LASF8
 194 006b 04       		.uleb128 0x4
 195 006c B6000000 		.4byte	.LASF15
ARM GAS  C:\Users\Nick\AppData\Local\Temp\cctGexNN.s 			page 5


 196 0070 03       		.byte	0x3
 197 0071 BC01     		.2byte	0x1bc
 198 0073 25000000 		.4byte	0x25
 199 0077 02       		.uleb128 0x2
 200 0078 04       		.byte	0x4
 201 0079 04       		.byte	0x4
 202 007a 9F010000 		.4byte	.LASF9
 203 007e 02       		.uleb128 0x2
 204 007f 08       		.byte	0x8
 205 0080 04       		.byte	0x4
 206 0081 79010000 		.4byte	.LASF10
 207 0085 02       		.uleb128 0x2
 208 0086 01       		.byte	0x1
 209 0087 08       		.byte	0x8
 210 0088 2E010000 		.4byte	.LASF11
 211 008c 02       		.uleb128 0x2
 212 008d 04       		.byte	0x4
 213 008e 07       		.byte	0x7
 214 008f B4010000 		.4byte	.LASF12
 215 0093 05       		.uleb128 0x5
 216 0094 0C       		.byte	0xc
 217 0095 02       		.byte	0x2
 218 0096 12       		.byte	0x12
 219 0097 B4000000 		.4byte	0xb4
 220 009b 06       		.uleb128 0x6
 221 009c 67010000 		.4byte	.LASF13
 222 00a0 02       		.byte	0x2
 223 00a1 13       		.byte	0x13
 224 00a2 5D000000 		.4byte	0x5d
 225 00a6 00       		.byte	0
 226 00a7 06       		.uleb128 0x6
 227 00a8 21010000 		.4byte	.LASF14
 228 00ac 02       		.byte	0x2
 229 00ad 14       		.byte	0x14
 230 00ae B4000000 		.4byte	0xb4
 231 00b2 04       		.byte	0x4
 232 00b3 00       		.byte	0
 233 00b4 07       		.uleb128 0x7
 234 00b5 6B000000 		.4byte	0x6b
 235 00b9 C4000000 		.4byte	0xc4
 236 00bd 08       		.uleb128 0x8
 237 00be 8C000000 		.4byte	0x8c
 238 00c2 05       		.byte	0x5
 239 00c3 00       		.byte	0
 240 00c4 09       		.uleb128 0x9
 241 00c5 26010000 		.4byte	.LASF16
 242 00c9 02       		.byte	0x2
 243 00ca 15       		.byte	0x15
 244 00cb 93000000 		.4byte	0x93
 245 00cf 0A       		.uleb128 0xa
 246 00d0 41010000 		.4byte	.LASF23
 247 00d4 01       		.byte	0x1
 248 00d5 10       		.byte	0x10
 249 00d6 6B000000 		.4byte	0x6b
 250 00da 00000000 		.4byte	.LFB37
 251 00de 46000000 		.4byte	.LFE37-.LFB37
 252 00e2 01       		.uleb128 0x1
ARM GAS  C:\Users\Nick\AppData\Local\Temp\cctGexNN.s 			page 6


 253 00e3 9C       		.byte	0x9c
 254 00e4 13010000 		.4byte	0x113
 255 00e8 0B       		.uleb128 0xb
 256 00e9 A9000000 		.4byte	.LASF17
 257 00ed 01       		.byte	0x1
 258 00ee 10       		.byte	0x10
 259 00ef 6B000000 		.4byte	0x6b
 260 00f3 02       		.uleb128 0x2
 261 00f4 91       		.byte	0x91
 262 00f5 6F       		.sleb128 -17
 263 00f6 0B       		.uleb128 0xb
 264 00f7 AF010000 		.4byte	.LASF18
 265 00fb 01       		.byte	0x1
 266 00fc 10       		.byte	0x10
 267 00fd 13010000 		.4byte	0x113
 268 0101 02       		.uleb128 0x2
 269 0102 91       		.byte	0x91
 270 0103 68       		.sleb128 -24
 271 0104 0C       		.uleb128 0xc
 272 0105 B1000000 		.4byte	.LASF24
 273 0109 01       		.byte	0x1
 274 010a 11       		.byte	0x11
 275 010b 5D000000 		.4byte	0x5d
 276 010f 02       		.uleb128 0x2
 277 0110 91       		.byte	0x91
 278 0111 74       		.sleb128 -12
 279 0112 00       		.byte	0
 280 0113 0D       		.uleb128 0xd
 281 0114 04       		.byte	0x4
 282 0115 C4000000 		.4byte	0xc4
 283 0119 0E       		.uleb128 0xe
 284 011a 6C010000 		.4byte	.LASF25
 285 011e 01       		.byte	0x1
 286 011f 17       		.byte	0x17
 287 0120 5D000000 		.4byte	0x5d
 288 0124 00000000 		.4byte	.LFB38
 289 0128 46000000 		.4byte	.LFE38-.LFB38
 290 012c 01       		.uleb128 0x1
 291 012d 9C       		.byte	0x9c
 292 012e 0B       		.uleb128 0xb
 293 012f A9000000 		.4byte	.LASF17
 294 0133 01       		.byte	0x1
 295 0134 17       		.byte	0x17
 296 0135 6B000000 		.4byte	0x6b
 297 0139 02       		.uleb128 0x2
 298 013a 91       		.byte	0x91
 299 013b 77       		.sleb128 -9
 300 013c 0B       		.uleb128 0xb
 301 013d AF010000 		.4byte	.LASF18
 302 0141 01       		.byte	0x1
 303 0142 17       		.byte	0x17
 304 0143 13010000 		.4byte	0x113
 305 0147 02       		.uleb128 0x2
 306 0148 91       		.byte	0x91
 307 0149 70       		.sleb128 -16
 308 014a 0B       		.uleb128 0xb
 309 014b 58010000 		.4byte	.LASF19
ARM GAS  C:\Users\Nick\AppData\Local\Temp\cctGexNN.s 			page 7


 310 014f 01       		.byte	0x1
 311 0150 17       		.byte	0x17
 312 0151 5D000000 		.4byte	0x5d
 313 0155 02       		.uleb128 0x2
 314 0156 91       		.byte	0x91
 315 0157 6C       		.sleb128 -20
 316 0158 00       		.byte	0
 317 0159 00       		.byte	0
 318              		.section	.debug_abbrev,"",%progbits
 319              	.Ldebug_abbrev0:
 320 0000 01       		.uleb128 0x1
 321 0001 11       		.uleb128 0x11
 322 0002 01       		.byte	0x1
 323 0003 25       		.uleb128 0x25
 324 0004 0E       		.uleb128 0xe
 325 0005 13       		.uleb128 0x13
 326 0006 0B       		.uleb128 0xb
 327 0007 03       		.uleb128 0x3
 328 0008 0E       		.uleb128 0xe
 329 0009 1B       		.uleb128 0x1b
 330 000a 0E       		.uleb128 0xe
 331 000b 55       		.uleb128 0x55
 332 000c 17       		.uleb128 0x17
 333 000d 11       		.uleb128 0x11
 334 000e 01       		.uleb128 0x1
 335 000f 10       		.uleb128 0x10
 336 0010 17       		.uleb128 0x17
 337 0011 00       		.byte	0
 338 0012 00       		.byte	0
 339 0013 02       		.uleb128 0x2
 340 0014 24       		.uleb128 0x24
 341 0015 00       		.byte	0
 342 0016 0B       		.uleb128 0xb
 343 0017 0B       		.uleb128 0xb
 344 0018 3E       		.uleb128 0x3e
 345 0019 0B       		.uleb128 0xb
 346 001a 03       		.uleb128 0x3
 347 001b 0E       		.uleb128 0xe
 348 001c 00       		.byte	0
 349 001d 00       		.byte	0
 350 001e 03       		.uleb128 0x3
 351 001f 24       		.uleb128 0x24
 352 0020 00       		.byte	0
 353 0021 0B       		.uleb128 0xb
 354 0022 0B       		.uleb128 0xb
 355 0023 3E       		.uleb128 0x3e
 356 0024 0B       		.uleb128 0xb
 357 0025 03       		.uleb128 0x3
 358 0026 08       		.uleb128 0x8
 359 0027 00       		.byte	0
 360 0028 00       		.byte	0
 361 0029 04       		.uleb128 0x4
 362 002a 16       		.uleb128 0x16
 363 002b 00       		.byte	0
 364 002c 03       		.uleb128 0x3
 365 002d 0E       		.uleb128 0xe
 366 002e 3A       		.uleb128 0x3a
ARM GAS  C:\Users\Nick\AppData\Local\Temp\cctGexNN.s 			page 8


 367 002f 0B       		.uleb128 0xb
 368 0030 3B       		.uleb128 0x3b
 369 0031 05       		.uleb128 0x5
 370 0032 49       		.uleb128 0x49
 371 0033 13       		.uleb128 0x13
 372 0034 00       		.byte	0
 373 0035 00       		.byte	0
 374 0036 05       		.uleb128 0x5
 375 0037 13       		.uleb128 0x13
 376 0038 01       		.byte	0x1
 377 0039 0B       		.uleb128 0xb
 378 003a 0B       		.uleb128 0xb
 379 003b 3A       		.uleb128 0x3a
 380 003c 0B       		.uleb128 0xb
 381 003d 3B       		.uleb128 0x3b
 382 003e 0B       		.uleb128 0xb
 383 003f 01       		.uleb128 0x1
 384 0040 13       		.uleb128 0x13
 385 0041 00       		.byte	0
 386 0042 00       		.byte	0
 387 0043 06       		.uleb128 0x6
 388 0044 0D       		.uleb128 0xd
 389 0045 00       		.byte	0
 390 0046 03       		.uleb128 0x3
 391 0047 0E       		.uleb128 0xe
 392 0048 3A       		.uleb128 0x3a
 393 0049 0B       		.uleb128 0xb
 394 004a 3B       		.uleb128 0x3b
 395 004b 0B       		.uleb128 0xb
 396 004c 49       		.uleb128 0x49
 397 004d 13       		.uleb128 0x13
 398 004e 38       		.uleb128 0x38
 399 004f 0B       		.uleb128 0xb
 400 0050 00       		.byte	0
 401 0051 00       		.byte	0
 402 0052 07       		.uleb128 0x7
 403 0053 01       		.uleb128 0x1
 404 0054 01       		.byte	0x1
 405 0055 49       		.uleb128 0x49
 406 0056 13       		.uleb128 0x13
 407 0057 01       		.uleb128 0x1
 408 0058 13       		.uleb128 0x13
 409 0059 00       		.byte	0
 410 005a 00       		.byte	0
 411 005b 08       		.uleb128 0x8
 412 005c 21       		.uleb128 0x21
 413 005d 00       		.byte	0
 414 005e 49       		.uleb128 0x49
 415 005f 13       		.uleb128 0x13
 416 0060 2F       		.uleb128 0x2f
 417 0061 0B       		.uleb128 0xb
 418 0062 00       		.byte	0
 419 0063 00       		.byte	0
 420 0064 09       		.uleb128 0x9
 421 0065 16       		.uleb128 0x16
 422 0066 00       		.byte	0
 423 0067 03       		.uleb128 0x3
ARM GAS  C:\Users\Nick\AppData\Local\Temp\cctGexNN.s 			page 9


 424 0068 0E       		.uleb128 0xe
 425 0069 3A       		.uleb128 0x3a
 426 006a 0B       		.uleb128 0xb
 427 006b 3B       		.uleb128 0x3b
 428 006c 0B       		.uleb128 0xb
 429 006d 49       		.uleb128 0x49
 430 006e 13       		.uleb128 0x13
 431 006f 00       		.byte	0
 432 0070 00       		.byte	0
 433 0071 0A       		.uleb128 0xa
 434 0072 2E       		.uleb128 0x2e
 435 0073 01       		.byte	0x1
 436 0074 3F       		.uleb128 0x3f
 437 0075 19       		.uleb128 0x19
 438 0076 03       		.uleb128 0x3
 439 0077 0E       		.uleb128 0xe
 440 0078 3A       		.uleb128 0x3a
 441 0079 0B       		.uleb128 0xb
 442 007a 3B       		.uleb128 0x3b
 443 007b 0B       		.uleb128 0xb
 444 007c 27       		.uleb128 0x27
 445 007d 19       		.uleb128 0x19
 446 007e 49       		.uleb128 0x49
 447 007f 13       		.uleb128 0x13
 448 0080 11       		.uleb128 0x11
 449 0081 01       		.uleb128 0x1
 450 0082 12       		.uleb128 0x12
 451 0083 06       		.uleb128 0x6
 452 0084 40       		.uleb128 0x40
 453 0085 18       		.uleb128 0x18
 454 0086 9642     		.uleb128 0x2116
 455 0088 19       		.uleb128 0x19
 456 0089 01       		.uleb128 0x1
 457 008a 13       		.uleb128 0x13
 458 008b 00       		.byte	0
 459 008c 00       		.byte	0
 460 008d 0B       		.uleb128 0xb
 461 008e 05       		.uleb128 0x5
 462 008f 00       		.byte	0
 463 0090 03       		.uleb128 0x3
 464 0091 0E       		.uleb128 0xe
 465 0092 3A       		.uleb128 0x3a
 466 0093 0B       		.uleb128 0xb
 467 0094 3B       		.uleb128 0x3b
 468 0095 0B       		.uleb128 0xb
 469 0096 49       		.uleb128 0x49
 470 0097 13       		.uleb128 0x13
 471 0098 02       		.uleb128 0x2
 472 0099 18       		.uleb128 0x18
 473 009a 00       		.byte	0
 474 009b 00       		.byte	0
 475 009c 0C       		.uleb128 0xc
 476 009d 34       		.uleb128 0x34
 477 009e 00       		.byte	0
 478 009f 03       		.uleb128 0x3
 479 00a0 0E       		.uleb128 0xe
 480 00a1 3A       		.uleb128 0x3a
ARM GAS  C:\Users\Nick\AppData\Local\Temp\cctGexNN.s 			page 10


 481 00a2 0B       		.uleb128 0xb
 482 00a3 3B       		.uleb128 0x3b
 483 00a4 0B       		.uleb128 0xb
 484 00a5 49       		.uleb128 0x49
 485 00a6 13       		.uleb128 0x13
 486 00a7 02       		.uleb128 0x2
 487 00a8 18       		.uleb128 0x18
 488 00a9 00       		.byte	0
 489 00aa 00       		.byte	0
 490 00ab 0D       		.uleb128 0xd
 491 00ac 0F       		.uleb128 0xf
 492 00ad 00       		.byte	0
 493 00ae 0B       		.uleb128 0xb
 494 00af 0B       		.uleb128 0xb
 495 00b0 49       		.uleb128 0x49
 496 00b1 13       		.uleb128 0x13
 497 00b2 00       		.byte	0
 498 00b3 00       		.byte	0
 499 00b4 0E       		.uleb128 0xe
 500 00b5 2E       		.uleb128 0x2e
 501 00b6 01       		.byte	0x1
 502 00b7 3F       		.uleb128 0x3f
 503 00b8 19       		.uleb128 0x19
 504 00b9 03       		.uleb128 0x3
 505 00ba 0E       		.uleb128 0xe
 506 00bb 3A       		.uleb128 0x3a
 507 00bc 0B       		.uleb128 0xb
 508 00bd 3B       		.uleb128 0x3b
 509 00be 0B       		.uleb128 0xb
 510 00bf 27       		.uleb128 0x27
 511 00c0 19       		.uleb128 0x19
 512 00c1 49       		.uleb128 0x49
 513 00c2 13       		.uleb128 0x13
 514 00c3 11       		.uleb128 0x11
 515 00c4 01       		.uleb128 0x1
 516 00c5 12       		.uleb128 0x12
 517 00c6 06       		.uleb128 0x6
 518 00c7 40       		.uleb128 0x40
 519 00c8 18       		.uleb128 0x18
 520 00c9 9642     		.uleb128 0x2116
 521 00cb 19       		.uleb128 0x19
 522 00cc 00       		.byte	0
 523 00cd 00       		.byte	0
 524 00ce 00       		.byte	0
 525              		.section	.debug_aranges,"",%progbits
 526 0000 24000000 		.4byte	0x24
 527 0004 0200     		.2byte	0x2
 528 0006 00000000 		.4byte	.Ldebug_info0
 529 000a 04       		.byte	0x4
 530 000b 00       		.byte	0
 531 000c 0000     		.2byte	0
 532 000e 0000     		.2byte	0
 533 0010 00000000 		.4byte	.LFB37
 534 0014 46000000 		.4byte	.LFE37-.LFB37
 535 0018 00000000 		.4byte	.LFB38
 536 001c 46000000 		.4byte	.LFE38-.LFB38
 537 0020 00000000 		.4byte	0
ARM GAS  C:\Users\Nick\AppData\Local\Temp\cctGexNN.s 			page 11


 538 0024 00000000 		.4byte	0
 539              		.section	.debug_ranges,"",%progbits
 540              	.Ldebug_ranges0:
 541 0000 00000000 		.4byte	.LFB37
 542 0004 46000000 		.4byte	.LFE37
 543 0008 00000000 		.4byte	.LFB38
 544 000c 46000000 		.4byte	.LFE38
 545 0010 00000000 		.4byte	0
 546 0014 00000000 		.4byte	0
 547              		.section	.debug_line,"",%progbits
 548              	.Ldebug_line0:
 549 0000 7D000000 		.section	.debug_str,"MS",%progbits,1
 549      02004E00 
 549      00000201 
 549      FB0E0D00 
 549      01010101 
 550              	.LASF6:
 551 0000 6C6F6E67 		.ascii	"long long int\000"
 551      206C6F6E 
 551      6720696E 
 551      7400
 552              	.LASF20:
 553 000e 474E5520 		.ascii	"GNU C 4.9.3 20150303 (release) [ARM/embedded-4_9-br"
 553      4320342E 
 553      392E3320 
 553      32303135 
 553      30333033 
 554 0041 616E6368 		.ascii	"anch revision 221220] -mcpu=cortex-m0 -mthumb -g -O"
 554      20726576 
 554      6973696F 
 554      6E203232 
 554      31323230 
 555 0074 30202D66 		.ascii	"0 -ffunction-sections -ffat-lto-objects\000"
 555      66756E63 
 555      74696F6E 
 555      2D736563 
 555      74696F6E 
 556              	.LASF8:
 557 009c 756E7369 		.ascii	"unsigned int\000"
 557      676E6564 
 557      20696E74 
 557      00
 558              	.LASF17:
 559 00a9 72656164 		.ascii	"reading\000"
 559      696E6700 
 560              	.LASF24:
 561 00b1 74656D70 		.ascii	"temp\000"
 561      00
 562              	.LASF15:
 563 00b6 696E7438 		.ascii	"int8\000"
 563      00
 564              	.LASF5:
 565 00bb 6C6F6E67 		.ascii	"long unsigned int\000"
 565      20756E73 
 565      69676E65 
 565      6420696E 
 565      7400
ARM GAS  C:\Users\Nick\AppData\Local\Temp\cctGexNN.s 			page 12


 566              	.LASF22:
 567 00cd 433A5C55 		.ascii	"C:\\Users\\Nick\\Documents\\PSoC Creator\\FSM.cywrk"
 567      73657273 
 567      5C4E6963 
 567      6B5C446F 
 567      63756D65 
 568 00fb 5C46534D 		.ascii	"\\FSM\\FSM.cydsn\000"
 568      5C46534D 
 568      2E637964 
 568      736E00
 569              	.LASF7:
 570 010a 6C6F6E67 		.ascii	"long long unsigned int\000"
 570      206C6F6E 
 570      6720756E 
 570      7369676E 
 570      65642069 
 571              	.LASF14:
 572 0121 64617461 		.ascii	"data\000"
 572      00
 573              	.LASF16:
 574 0126 71756575 		.ascii	"queue_t\000"
 574      655F7400 
 575              	.LASF11:
 576 012e 63686172 		.ascii	"char\000"
 576      00
 577              	.LASF1:
 578 0133 756E7369 		.ascii	"unsigned char\000"
 578      676E6564 
 578      20636861 
 578      7200
 579              	.LASF23:
 580 0141 66696C74 		.ascii	"filter_sample\000"
 580      65725F73 
 580      616D706C 
 580      6500
 581              	.LASF21:
 582 014f 66696C74 		.ascii	"filter.c\000"
 582      65722E63 
 582      00
 583              	.LASF19:
 584 0158 636F756E 		.ascii	"count\000"
 584      7400
 585              	.LASF4:
 586 015e 6C6F6E67 		.ascii	"long int\000"
 586      20696E74 
 586      00
 587              	.LASF13:
 588 0167 68656164 		.ascii	"head\000"
 588      00
 589              	.LASF25:
 590 016c 66696C74 		.ascii	"filter_count\000"
 590      65725F63 
 590      6F756E74 
 590      00
 591              	.LASF10:
 592 0179 646F7562 		.ascii	"double\000"
 592      6C6500
ARM GAS  C:\Users\Nick\AppData\Local\Temp\cctGexNN.s 			page 13


 593              	.LASF3:
 594 0180 73686F72 		.ascii	"short unsigned int\000"
 594      7420756E 
 594      7369676E 
 594      65642069 
 594      6E7400
 595              	.LASF0:
 596 0193 7369676E 		.ascii	"signed char\000"
 596      65642063 
 596      68617200 
 597              	.LASF9:
 598 019f 666C6F61 		.ascii	"float\000"
 598      7400
 599              	.LASF2:
 600 01a5 73686F72 		.ascii	"short int\000"
 600      7420696E 
 600      7400
 601              	.LASF18:
 602 01af 70726576 		.ascii	"prev\000"
 602      00
 603              	.LASF12:
 604 01b4 73697A65 		.ascii	"sizetype\000"
 604      74797065 
 604      00
 605              		.ident	"GCC: (GNU Tools for ARM Embedded Processors) 4.9.3 20150303 (release) [ARM/embedded-4_9-br
