ARM GAS  C:\Users\Nick\AppData\Local\Temp\ccfUgSss.s 			page 1


   1              		.cpu cortex-m0
   2              		.fpu softvfp
   3              		.eabi_attribute 20, 1
   4              		.eabi_attribute 21, 1
   5              		.eabi_attribute 23, 3
   6              		.eabi_attribute 24, 1
   7              		.eabi_attribute 25, 1
   8              		.eabi_attribute 26, 1
   9              		.eabi_attribute 30, 6
  10              		.eabi_attribute 34, 0
  11              		.eabi_attribute 18, 4
  12              		.code	16
  13              		.file	"print.c"
  14              		.text
  15              	.Ltext0:
  16              		.cfi_sections	.debug_frame
  17              		.section	.rodata
  18              		.align	2
  19              	.LC0:
  20 0000 307800   		.ascii	"0x\000"
  21 0003 00       		.section	.text.print_hex,"ax",%progbits
  22              		.align	2
  23              		.global	print_hex
  24              		.code	16
  25              		.thumb_func
  26              		.type	print_hex, %function
  27              	print_hex:
  28              	.LFB37:
  29              		.file 1 "print.c"
   1:print.c       **** /* ========================================
   2:print.c       ****  *
   3:print.c       ****  * Copyright YOUR COMPANY, THE YEAR
   4:print.c       ****  * All Rights Reserved
   5:print.c       ****  * UNPUBLISHED, LICENSED SOFTWARE.
   6:print.c       ****  *
   7:print.c       ****  * CONFIDENTIAL AND PROPRIETARY INFORMATION
   8:print.c       ****  * WHICH IS THE PROPERTY OF your company.
   9:print.c       ****  *
  10:print.c       ****  * ========================================
  11:print.c       **** */
  12:print.c       **** #include "print.h"
  13:print.c       **** #include <project.h>
  14:print.c       **** 
  15:print.c       **** void print_hex(int val) {
  30              		.loc 1 15 0
  31              		.cfi_startproc
  32 0000 80B5     		push	{r7, lr}
  33              		.cfi_def_cfa_offset 8
  34              		.cfi_offset 7, -8
  35              		.cfi_offset 14, -4
  36 0002 84B0     		sub	sp, sp, #16
  37              		.cfi_def_cfa_offset 24
  38 0004 00AF     		add	r7, sp, #0
  39              		.cfi_def_cfa_register 7
  40 0006 7860     		str	r0, [r7, #4]
  16:print.c       ****     UART_1_UartPutString("0x");
  41              		.loc 1 16 0
ARM GAS  C:\Users\Nick\AppData\Local\Temp\ccfUgSss.s 			page 2


  42 0008 124B     		ldr	r3, .L6
  43 000a 181C     		mov	r0, r3
  44 000c FFF7FEFF 		bl	UART_1_UartPutString
  17:print.c       ****     int temp;
  18:print.c       ****     int i;
  19:print.c       ****     for (i = 7; i >= 0; i++) {
  45              		.loc 1 19 0
  46 0010 0723     		mov	r3, #7
  47 0012 FB60     		str	r3, [r7, #12]
  48 0014 18E0     		b	.L2
  49              	.L5:
  20:print.c       ****         temp = (val >> (4*i)) & 0xF;
  50              		.loc 1 20 0
  51 0016 FB68     		ldr	r3, [r7, #12]
  52 0018 9B00     		lsl	r3, r3, #2
  53 001a 7A68     		ldr	r2, [r7, #4]
  54 001c 1A41     		asr	r2, r2, r3
  55 001e 131C     		mov	r3, r2
  56 0020 0F22     		mov	r2, #15
  57 0022 1340     		and	r3, r2
  58 0024 BB60     		str	r3, [r7, #8]
  21:print.c       ****         if (temp < 10) {
  59              		.loc 1 21 0
  60 0026 BB68     		ldr	r3, [r7, #8]
  61 0028 092B     		cmp	r3, #9
  62 002a 05DC     		bgt	.L3
  22:print.c       ****             UART_1_UartPutChar('0' + temp);
  63              		.loc 1 22 0
  64 002c BB68     		ldr	r3, [r7, #8]
  65 002e 3033     		add	r3, r3, #48
  66 0030 181C     		mov	r0, r3
  67 0032 FFF7FEFF 		bl	UART_1_SpiUartWriteTxData
  68 0036 04E0     		b	.L4
  69              	.L3:
  23:print.c       ****         }
  24:print.c       ****         else {
  25:print.c       ****             UART_1_UartPutChar('A' + temp - 10);
  70              		.loc 1 25 0
  71 0038 BB68     		ldr	r3, [r7, #8]
  72 003a 3733     		add	r3, r3, #55
  73 003c 181C     		mov	r0, r3
  74 003e FFF7FEFF 		bl	UART_1_SpiUartWriteTxData
  75              	.L4:
  19:print.c       ****         temp = (val >> (4*i)) & 0xF;
  76              		.loc 1 19 0 discriminator 2
  77 0042 FB68     		ldr	r3, [r7, #12]
  78 0044 0133     		add	r3, r3, #1
  79 0046 FB60     		str	r3, [r7, #12]
  80              	.L2:
  19:print.c       ****         temp = (val >> (4*i)) & 0xF;
  81              		.loc 1 19 0 is_stmt 0 discriminator 1
  82 0048 FB68     		ldr	r3, [r7, #12]
  83 004a 002B     		cmp	r3, #0
  84 004c E3DA     		bge	.L5
  26:print.c       ****         }
  27:print.c       ****     }
  28:print.c       **** }
ARM GAS  C:\Users\Nick\AppData\Local\Temp\ccfUgSss.s 			page 3


  85              		.loc 1 28 0 is_stmt 1
  86 004e BD46     		mov	sp, r7
  87 0050 04B0     		add	sp, sp, #16
  88              		@ sp needed
  89 0052 80BD     		pop	{r7, pc}
  90              	.L7:
  91              		.align	2
  92              	.L6:
  93 0054 00000000 		.word	.LC0
  94              		.cfi_endproc
  95              	.LFE37:
  96              		.size	print_hex, .-print_hex
  97              		.global	__aeabi_idivmod
  98              		.global	__aeabi_idiv
  99              		.section	.text.print_int,"ax",%progbits
 100              		.align	2
 101              		.global	print_int
 102              		.code	16
 103              		.thumb_func
 104              		.type	print_int, %function
 105              	print_int:
 106              	.LFB38:
  29:print.c       **** 
  30:print.c       **** void print_int (int val) {
 107              		.loc 1 30 0
 108              		.cfi_startproc
 109 0000 80B5     		push	{r7, lr}
 110              		.cfi_def_cfa_offset 8
 111              		.cfi_offset 7, -8
 112              		.cfi_offset 14, -4
 113 0002 88B0     		sub	sp, sp, #32
 114              		.cfi_def_cfa_offset 40
 115 0004 00AF     		add	r7, sp, #0
 116              		.cfi_def_cfa_register 7
 117 0006 7860     		str	r0, [r7, #4]
  31:print.c       ****     
  32:print.c       ****   if (val < 0) {
 118              		.loc 1 32 0
 119 0008 7B68     		ldr	r3, [r7, #4]
 120 000a 002B     		cmp	r3, #0
 121 000c 05DA     		bge	.L9
  33:print.c       ****     UART_1_UartPutChar('-');
 122              		.loc 1 33 0
 123 000e 2D20     		mov	r0, #45
 124 0010 FFF7FEFF 		bl	UART_1_SpiUartWriteTxData
  34:print.c       ****     val *= -1;
 125              		.loc 1 34 0
 126 0014 7B68     		ldr	r3, [r7, #4]
 127 0016 5B42     		neg	r3, r3
 128 0018 7B60     		str	r3, [r7, #4]
 129              	.L9:
  35:print.c       ****   }
  36:print.c       **** 
  37:print.c       ****   int temp = val;
 130              		.loc 1 37 0
 131 001a 7B68     		ldr	r3, [r7, #4]
 132 001c FB61     		str	r3, [r7, #28]
ARM GAS  C:\Users\Nick\AppData\Local\Temp\ccfUgSss.s 			page 4


  38:print.c       ****   int i = 0;
 133              		.loc 1 38 0
 134 001e 0023     		mov	r3, #0
 135 0020 BB61     		str	r3, [r7, #24]
  39:print.c       ****   int j, div;
  40:print.c       ****   int num_count = 1;
 136              		.loc 1 40 0
 137 0022 0123     		mov	r3, #1
 138 0024 FB60     		str	r3, [r7, #12]
  41:print.c       ****   int dig_count;
  42:print.c       **** 
  43:print.c       ****   while (num_count != 0) {
 139              		.loc 1 43 0
 140 0026 44E0     		b	.L10
 141              	.L18:
  44:print.c       **** 
  45:print.c       ****     if (i == 1) {
 142              		.loc 1 45 0
 143 0028 BB69     		ldr	r3, [r7, #24]
 144 002a 012B     		cmp	r3, #1
 145 002c 1BD1     		bne	.L11
  46:print.c       ****       div = 1;
 146              		.loc 1 46 0
 147 002e 0123     		mov	r3, #1
 148 0030 3B61     		str	r3, [r7, #16]
  47:print.c       ****       for ( j = num_count; j > 0; j-- ) {
 149              		.loc 1 47 0
 150 0032 FB68     		ldr	r3, [r7, #12]
 151 0034 7B61     		str	r3, [r7, #20]
 152 0036 08E0     		b	.L12
 153              	.L13:
  48:print.c       ****         div *= 10;
 154              		.loc 1 48 0 discriminator 3
 155 0038 3A69     		ldr	r2, [r7, #16]
 156 003a 131C     		mov	r3, r2
 157 003c 9B00     		lsl	r3, r3, #2
 158 003e 9B18     		add	r3, r3, r2
 159 0040 5B00     		lsl	r3, r3, #1
 160 0042 3B61     		str	r3, [r7, #16]
  47:print.c       ****       for ( j = num_count; j > 0; j-- ) {
 161              		.loc 1 47 0 discriminator 3
 162 0044 7B69     		ldr	r3, [r7, #20]
 163 0046 013B     		sub	r3, r3, #1
 164 0048 7B61     		str	r3, [r7, #20]
 165              	.L12:
  47:print.c       ****       for ( j = num_count; j > 0; j-- ) {
 166              		.loc 1 47 0 is_stmt 0 discriminator 1
 167 004a 7B69     		ldr	r3, [r7, #20]
 168 004c 002B     		cmp	r3, #0
 169 004e F3DC     		bgt	.L13
  49:print.c       ****       }
  50:print.c       ****       temp = val % div;
 170              		.loc 1 50 0 is_stmt 1
 171 0050 7B68     		ldr	r3, [r7, #4]
 172 0052 181C     		mov	r0, r3
 173 0054 3969     		ldr	r1, [r7, #16]
 174 0056 FFF7FEFF 		bl	__aeabi_idivmod
ARM GAS  C:\Users\Nick\AppData\Local\Temp\ccfUgSss.s 			page 5


 175 005a 0B1C     		mov	r3, r1
 176 005c FB61     		str	r3, [r7, #28]
  51:print.c       ****       num_count--;
 177              		.loc 1 51 0
 178 005e FB68     		ldr	r3, [r7, #12]
 179 0060 013B     		sub	r3, r3, #1
 180 0062 FB60     		str	r3, [r7, #12]
 181 0064 01E0     		b	.L14
 182              	.L11:
  52:print.c       ****     }
  53:print.c       ****     else {
  54:print.c       ****       num_count = 0;
 183              		.loc 1 54 0
 184 0066 0023     		mov	r3, #0
 185 0068 FB60     		str	r3, [r7, #12]
 186              	.L14:
  55:print.c       ****     }
  56:print.c       **** 
  57:print.c       ****     dig_count = 0;
 187              		.loc 1 57 0
 188 006a 0023     		mov	r3, #0
 189 006c BB60     		str	r3, [r7, #8]
  58:print.c       ****     
  59:print.c       ****     while (temp/10 != 0) {
 190              		.loc 1 59 0
 191 006e 0FE0     		b	.L15
 192              	.L16:
  60:print.c       ****       temp = temp/10;
 193              		.loc 1 60 0
 194 0070 FB69     		ldr	r3, [r7, #28]
 195 0072 181C     		mov	r0, r3
 196 0074 0A21     		mov	r1, #10
 197 0076 FFF7FEFF 		bl	__aeabi_idiv
 198 007a 031C     		mov	r3, r0
 199 007c FB61     		str	r3, [r7, #28]
  61:print.c       ****       dig_count++;
 200              		.loc 1 61 0
 201 007e BB68     		ldr	r3, [r7, #8]
 202 0080 0133     		add	r3, r3, #1
 203 0082 BB60     		str	r3, [r7, #8]
  62:print.c       ****       if ( i == 0 ) {
 204              		.loc 1 62 0
 205 0084 BB69     		ldr	r3, [r7, #24]
 206 0086 002B     		cmp	r3, #0
 207 0088 02D1     		bne	.L15
  63:print.c       ****         num_count++;
 208              		.loc 1 63 0
 209 008a FB68     		ldr	r3, [r7, #12]
 210 008c 0133     		add	r3, r3, #1
 211 008e FB60     		str	r3, [r7, #12]
 212              	.L15:
  59:print.c       ****       temp = temp/10;
 213              		.loc 1 59 0
 214 0090 FB69     		ldr	r3, [r7, #28]
 215 0092 0933     		add	r3, r3, #9
 216 0094 122B     		cmp	r3, #18
 217 0096 EBD8     		bhi	.L16
ARM GAS  C:\Users\Nick\AppData\Local\Temp\ccfUgSss.s 			page 6


  64:print.c       ****       }
  65:print.c       ****     }
  66:print.c       ****     
  67:print.c       ****     if (dig_count < num_count) {
 218              		.loc 1 67 0
 219 0098 BA68     		ldr	r2, [r7, #8]
 220 009a FB68     		ldr	r3, [r7, #12]
 221 009c 9A42     		cmp	r2, r3
 222 009e 01DA     		bge	.L17
  68:print.c       ****       temp = 0;
 223              		.loc 1 68 0
 224 00a0 0023     		mov	r3, #0
 225 00a2 FB61     		str	r3, [r7, #28]
 226              	.L17:
  69:print.c       ****     }
  70:print.c       ****     
  71:print.c       ****     UART_1_UartPutChar('0' + temp);
 227              		.loc 1 71 0
 228 00a4 FB69     		ldr	r3, [r7, #28]
 229 00a6 3033     		add	r3, r3, #48
 230 00a8 181C     		mov	r0, r3
 231 00aa FFF7FEFF 		bl	UART_1_SpiUartWriteTxData
  72:print.c       **** 
  73:print.c       ****     i = 1;
 232              		.loc 1 73 0
 233 00ae 0123     		mov	r3, #1
 234 00b0 BB61     		str	r3, [r7, #24]
 235              	.L10:
  43:print.c       **** 
 236              		.loc 1 43 0
 237 00b2 FB68     		ldr	r3, [r7, #12]
 238 00b4 002B     		cmp	r3, #0
 239 00b6 B7D1     		bne	.L18
  74:print.c       ****   }
  75:print.c       **** }
 240              		.loc 1 75 0
 241 00b8 BD46     		mov	sp, r7
 242 00ba 08B0     		add	sp, sp, #32
 243              		@ sp needed
 244 00bc 80BD     		pop	{r7, pc}
 245              		.cfi_endproc
 246              	.LFE38:
 247              		.size	print_int, .-print_int
 248 00be C046     		.text
 249              	.Letext0:
 250              		.file 2 "Generated_Source\\PSoC4/cytypes.h"
 251              		.section	.debug_info,"",%progbits
 252              	.Ldebug_info0:
 253 0000 3E010000 		.4byte	0x13e
 254 0004 0400     		.2byte	0x4
 255 0006 00000000 		.4byte	.Ldebug_abbrev0
 256 000a 04       		.byte	0x4
 257 000b 01       		.uleb128 0x1
 258 000c A1000000 		.4byte	.LASF16
 259 0010 01       		.byte	0x1
 260 0011 55010000 		.4byte	.LASF17
 261 0015 43000000 		.4byte	.LASF18
ARM GAS  C:\Users\Nick\AppData\Local\Temp\ccfUgSss.s 			page 7


 262 0019 00000000 		.4byte	.Ldebug_ranges0+0
 263 001d 00000000 		.4byte	0
 264 0021 00000000 		.4byte	.Ldebug_line0
 265 0025 02       		.uleb128 0x2
 266 0026 01       		.byte	0x1
 267 0027 06       		.byte	0x6
 268 0028 77010000 		.4byte	.LASF0
 269 002c 02       		.uleb128 0x2
 270 002d 01       		.byte	0x1
 271 002e 08       		.byte	0x8
 272 002f 2F010000 		.4byte	.LASF1
 273 0033 02       		.uleb128 0x2
 274 0034 02       		.byte	0x2
 275 0035 05       		.byte	0x5
 276 0036 89010000 		.4byte	.LASF2
 277 003a 02       		.uleb128 0x2
 278 003b 02       		.byte	0x2
 279 003c 07       		.byte	0x7
 280 003d 64010000 		.4byte	.LASF3
 281 0041 02       		.uleb128 0x2
 282 0042 04       		.byte	0x4
 283 0043 05       		.byte	0x5
 284 0044 4C010000 		.4byte	.LASF4
 285 0048 02       		.uleb128 0x2
 286 0049 04       		.byte	0x4
 287 004a 07       		.byte	0x7
 288 004b 31000000 		.4byte	.LASF5
 289 004f 02       		.uleb128 0x2
 290 0050 08       		.byte	0x8
 291 0051 05       		.byte	0x5
 292 0052 00000000 		.4byte	.LASF6
 293 0056 02       		.uleb128 0x2
 294 0057 08       		.byte	0x8
 295 0058 07       		.byte	0x7
 296 0059 80000000 		.4byte	.LASF7
 297 005d 03       		.uleb128 0x3
 298 005e 04       		.byte	0x4
 299 005f 05       		.byte	0x5
 300 0060 696E7400 		.ascii	"int\000"
 301 0064 02       		.uleb128 0x2
 302 0065 04       		.byte	0x4
 303 0066 07       		.byte	0x7
 304 0067 15000000 		.4byte	.LASF8
 305 006b 04       		.uleb128 0x4
 306 006c 0E000000 		.4byte	.LASF19
 307 0070 02       		.byte	0x2
 308 0071 BB01     		.2byte	0x1bb
 309 0073 48000000 		.4byte	0x48
 310 0077 02       		.uleb128 0x2
 311 0078 04       		.byte	0x4
 312 0079 04       		.byte	0x4
 313 007a 83010000 		.4byte	.LASF9
 314 007e 02       		.uleb128 0x2
 315 007f 08       		.byte	0x8
 316 0080 04       		.byte	0x4
 317 0081 5D010000 		.4byte	.LASF10
 318 0085 02       		.uleb128 0x2
ARM GAS  C:\Users\Nick\AppData\Local\Temp\ccfUgSss.s 			page 8


 319 0086 01       		.byte	0x1
 320 0087 08       		.byte	0x8
 321 0088 3D010000 		.4byte	.LASF11
 322 008c 02       		.uleb128 0x2
 323 008d 04       		.byte	0x4
 324 008e 07       		.byte	0x7
 325 008f 9D010000 		.4byte	.LASF12
 326 0093 05       		.uleb128 0x5
 327 0094 42010000 		.4byte	.LASF20
 328 0098 01       		.byte	0x1
 329 0099 0F       		.byte	0xf
 330 009a 00000000 		.4byte	.LFB37
 331 009e 58000000 		.4byte	.LFE37-.LFB37
 332 00a2 01       		.uleb128 0x1
 333 00a3 9C       		.byte	0x9c
 334 00a4 D1000000 		.4byte	0xd1
 335 00a8 06       		.uleb128 0x6
 336 00a9 76616C00 		.ascii	"val\000"
 337 00ad 01       		.byte	0x1
 338 00ae 0F       		.byte	0xf
 339 00af 5D000000 		.4byte	0x5d
 340 00b3 02       		.uleb128 0x2
 341 00b4 91       		.byte	0x91
 342 00b5 6C       		.sleb128 -20
 343 00b6 07       		.uleb128 0x7
 344 00b7 22000000 		.4byte	.LASF13
 345 00bb 01       		.byte	0x1
 346 00bc 11       		.byte	0x11
 347 00bd 5D000000 		.4byte	0x5d
 348 00c1 02       		.uleb128 0x2
 349 00c2 91       		.byte	0x91
 350 00c3 70       		.sleb128 -16
 351 00c4 08       		.uleb128 0x8
 352 00c5 6900     		.ascii	"i\000"
 353 00c7 01       		.byte	0x1
 354 00c8 12       		.byte	0x12
 355 00c9 5D000000 		.4byte	0x5d
 356 00cd 02       		.uleb128 0x2
 357 00ce 91       		.byte	0x91
 358 00cf 74       		.sleb128 -12
 359 00d0 00       		.byte	0
 360 00d1 09       		.uleb128 0x9
 361 00d2 93010000 		.4byte	.LASF21
 362 00d6 01       		.byte	0x1
 363 00d7 1E       		.byte	0x1e
 364 00d8 00000000 		.4byte	.LFB38
 365 00dc BE000000 		.4byte	.LFE38-.LFB38
 366 00e0 01       		.uleb128 0x1
 367 00e1 9C       		.byte	0x9c
 368 00e2 06       		.uleb128 0x6
 369 00e3 76616C00 		.ascii	"val\000"
 370 00e7 01       		.byte	0x1
 371 00e8 1E       		.byte	0x1e
 372 00e9 5D000000 		.4byte	0x5d
 373 00ed 02       		.uleb128 0x2
 374 00ee 91       		.byte	0x91
 375 00ef 5C       		.sleb128 -36
ARM GAS  C:\Users\Nick\AppData\Local\Temp\ccfUgSss.s 			page 9


 376 00f0 07       		.uleb128 0x7
 377 00f1 22000000 		.4byte	.LASF13
 378 00f5 01       		.byte	0x1
 379 00f6 25       		.byte	0x25
 380 00f7 5D000000 		.4byte	0x5d
 381 00fb 02       		.uleb128 0x2
 382 00fc 91       		.byte	0x91
 383 00fd 74       		.sleb128 -12
 384 00fe 08       		.uleb128 0x8
 385 00ff 6900     		.ascii	"i\000"
 386 0101 01       		.byte	0x1
 387 0102 26       		.byte	0x26
 388 0103 5D000000 		.4byte	0x5d
 389 0107 02       		.uleb128 0x2
 390 0108 91       		.byte	0x91
 391 0109 70       		.sleb128 -16
 392 010a 08       		.uleb128 0x8
 393 010b 6A00     		.ascii	"j\000"
 394 010d 01       		.byte	0x1
 395 010e 27       		.byte	0x27
 396 010f 5D000000 		.4byte	0x5d
 397 0113 02       		.uleb128 0x2
 398 0114 91       		.byte	0x91
 399 0115 6C       		.sleb128 -20
 400 0116 08       		.uleb128 0x8
 401 0117 64697600 		.ascii	"div\000"
 402 011b 01       		.byte	0x1
 403 011c 27       		.byte	0x27
 404 011d 5D000000 		.4byte	0x5d
 405 0121 02       		.uleb128 0x2
 406 0122 91       		.byte	0x91
 407 0123 68       		.sleb128 -24
 408 0124 07       		.uleb128 0x7
 409 0125 27000000 		.4byte	.LASF14
 410 0129 01       		.byte	0x1
 411 012a 28       		.byte	0x28
 412 012b 5D000000 		.4byte	0x5d
 413 012f 02       		.uleb128 0x2
 414 0130 91       		.byte	0x91
 415 0131 64       		.sleb128 -28
 416 0132 07       		.uleb128 0x7
 417 0133 97000000 		.4byte	.LASF15
 418 0137 01       		.byte	0x1
 419 0138 29       		.byte	0x29
 420 0139 5D000000 		.4byte	0x5d
 421 013d 02       		.uleb128 0x2
 422 013e 91       		.byte	0x91
 423 013f 60       		.sleb128 -32
 424 0140 00       		.byte	0
 425 0141 00       		.byte	0
 426              		.section	.debug_abbrev,"",%progbits
 427              	.Ldebug_abbrev0:
 428 0000 01       		.uleb128 0x1
 429 0001 11       		.uleb128 0x11
 430 0002 01       		.byte	0x1
 431 0003 25       		.uleb128 0x25
 432 0004 0E       		.uleb128 0xe
ARM GAS  C:\Users\Nick\AppData\Local\Temp\ccfUgSss.s 			page 10


 433 0005 13       		.uleb128 0x13
 434 0006 0B       		.uleb128 0xb
 435 0007 03       		.uleb128 0x3
 436 0008 0E       		.uleb128 0xe
 437 0009 1B       		.uleb128 0x1b
 438 000a 0E       		.uleb128 0xe
 439 000b 55       		.uleb128 0x55
 440 000c 17       		.uleb128 0x17
 441 000d 11       		.uleb128 0x11
 442 000e 01       		.uleb128 0x1
 443 000f 10       		.uleb128 0x10
 444 0010 17       		.uleb128 0x17
 445 0011 00       		.byte	0
 446 0012 00       		.byte	0
 447 0013 02       		.uleb128 0x2
 448 0014 24       		.uleb128 0x24
 449 0015 00       		.byte	0
 450 0016 0B       		.uleb128 0xb
 451 0017 0B       		.uleb128 0xb
 452 0018 3E       		.uleb128 0x3e
 453 0019 0B       		.uleb128 0xb
 454 001a 03       		.uleb128 0x3
 455 001b 0E       		.uleb128 0xe
 456 001c 00       		.byte	0
 457 001d 00       		.byte	0
 458 001e 03       		.uleb128 0x3
 459 001f 24       		.uleb128 0x24
 460 0020 00       		.byte	0
 461 0021 0B       		.uleb128 0xb
 462 0022 0B       		.uleb128 0xb
 463 0023 3E       		.uleb128 0x3e
 464 0024 0B       		.uleb128 0xb
 465 0025 03       		.uleb128 0x3
 466 0026 08       		.uleb128 0x8
 467 0027 00       		.byte	0
 468 0028 00       		.byte	0
 469 0029 04       		.uleb128 0x4
 470 002a 16       		.uleb128 0x16
 471 002b 00       		.byte	0
 472 002c 03       		.uleb128 0x3
 473 002d 0E       		.uleb128 0xe
 474 002e 3A       		.uleb128 0x3a
 475 002f 0B       		.uleb128 0xb
 476 0030 3B       		.uleb128 0x3b
 477 0031 05       		.uleb128 0x5
 478 0032 49       		.uleb128 0x49
 479 0033 13       		.uleb128 0x13
 480 0034 00       		.byte	0
 481 0035 00       		.byte	0
 482 0036 05       		.uleb128 0x5
 483 0037 2E       		.uleb128 0x2e
 484 0038 01       		.byte	0x1
 485 0039 3F       		.uleb128 0x3f
 486 003a 19       		.uleb128 0x19
 487 003b 03       		.uleb128 0x3
 488 003c 0E       		.uleb128 0xe
 489 003d 3A       		.uleb128 0x3a
ARM GAS  C:\Users\Nick\AppData\Local\Temp\ccfUgSss.s 			page 11


 490 003e 0B       		.uleb128 0xb
 491 003f 3B       		.uleb128 0x3b
 492 0040 0B       		.uleb128 0xb
 493 0041 27       		.uleb128 0x27
 494 0042 19       		.uleb128 0x19
 495 0043 11       		.uleb128 0x11
 496 0044 01       		.uleb128 0x1
 497 0045 12       		.uleb128 0x12
 498 0046 06       		.uleb128 0x6
 499 0047 40       		.uleb128 0x40
 500 0048 18       		.uleb128 0x18
 501 0049 9642     		.uleb128 0x2116
 502 004b 19       		.uleb128 0x19
 503 004c 01       		.uleb128 0x1
 504 004d 13       		.uleb128 0x13
 505 004e 00       		.byte	0
 506 004f 00       		.byte	0
 507 0050 06       		.uleb128 0x6
 508 0051 05       		.uleb128 0x5
 509 0052 00       		.byte	0
 510 0053 03       		.uleb128 0x3
 511 0054 08       		.uleb128 0x8
 512 0055 3A       		.uleb128 0x3a
 513 0056 0B       		.uleb128 0xb
 514 0057 3B       		.uleb128 0x3b
 515 0058 0B       		.uleb128 0xb
 516 0059 49       		.uleb128 0x49
 517 005a 13       		.uleb128 0x13
 518 005b 02       		.uleb128 0x2
 519 005c 18       		.uleb128 0x18
 520 005d 00       		.byte	0
 521 005e 00       		.byte	0
 522 005f 07       		.uleb128 0x7
 523 0060 34       		.uleb128 0x34
 524 0061 00       		.byte	0
 525 0062 03       		.uleb128 0x3
 526 0063 0E       		.uleb128 0xe
 527 0064 3A       		.uleb128 0x3a
 528 0065 0B       		.uleb128 0xb
 529 0066 3B       		.uleb128 0x3b
 530 0067 0B       		.uleb128 0xb
 531 0068 49       		.uleb128 0x49
 532 0069 13       		.uleb128 0x13
 533 006a 02       		.uleb128 0x2
 534 006b 18       		.uleb128 0x18
 535 006c 00       		.byte	0
 536 006d 00       		.byte	0
 537 006e 08       		.uleb128 0x8
 538 006f 34       		.uleb128 0x34
 539 0070 00       		.byte	0
 540 0071 03       		.uleb128 0x3
 541 0072 08       		.uleb128 0x8
 542 0073 3A       		.uleb128 0x3a
 543 0074 0B       		.uleb128 0xb
 544 0075 3B       		.uleb128 0x3b
 545 0076 0B       		.uleb128 0xb
 546 0077 49       		.uleb128 0x49
ARM GAS  C:\Users\Nick\AppData\Local\Temp\ccfUgSss.s 			page 12


 547 0078 13       		.uleb128 0x13
 548 0079 02       		.uleb128 0x2
 549 007a 18       		.uleb128 0x18
 550 007b 00       		.byte	0
 551 007c 00       		.byte	0
 552 007d 09       		.uleb128 0x9
 553 007e 2E       		.uleb128 0x2e
 554 007f 01       		.byte	0x1
 555 0080 3F       		.uleb128 0x3f
 556 0081 19       		.uleb128 0x19
 557 0082 03       		.uleb128 0x3
 558 0083 0E       		.uleb128 0xe
 559 0084 3A       		.uleb128 0x3a
 560 0085 0B       		.uleb128 0xb
 561 0086 3B       		.uleb128 0x3b
 562 0087 0B       		.uleb128 0xb
 563 0088 27       		.uleb128 0x27
 564 0089 19       		.uleb128 0x19
 565 008a 11       		.uleb128 0x11
 566 008b 01       		.uleb128 0x1
 567 008c 12       		.uleb128 0x12
 568 008d 06       		.uleb128 0x6
 569 008e 40       		.uleb128 0x40
 570 008f 18       		.uleb128 0x18
 571 0090 9642     		.uleb128 0x2116
 572 0092 19       		.uleb128 0x19
 573 0093 00       		.byte	0
 574 0094 00       		.byte	0
 575 0095 00       		.byte	0
 576              		.section	.debug_aranges,"",%progbits
 577 0000 24000000 		.4byte	0x24
 578 0004 0200     		.2byte	0x2
 579 0006 00000000 		.4byte	.Ldebug_info0
 580 000a 04       		.byte	0x4
 581 000b 00       		.byte	0
 582 000c 0000     		.2byte	0
 583 000e 0000     		.2byte	0
 584 0010 00000000 		.4byte	.LFB37
 585 0014 58000000 		.4byte	.LFE37-.LFB37
 586 0018 00000000 		.4byte	.LFB38
 587 001c BE000000 		.4byte	.LFE38-.LFB38
 588 0020 00000000 		.4byte	0
 589 0024 00000000 		.4byte	0
 590              		.section	.debug_ranges,"",%progbits
 591              	.Ldebug_ranges0:
 592 0000 00000000 		.4byte	.LFB37
 593 0004 58000000 		.4byte	.LFE37
 594 0008 00000000 		.4byte	.LFB38
 595 000c BE000000 		.4byte	.LFE38
 596 0010 00000000 		.4byte	0
 597 0014 00000000 		.4byte	0
 598              		.section	.debug_line,"",%progbits
 599              	.Ldebug_line0:
 600 0000 AC000000 		.section	.debug_str,"MS",%progbits,1
 600      02004200 
 600      00000201 
 600      FB0E0D00 
ARM GAS  C:\Users\Nick\AppData\Local\Temp\ccfUgSss.s 			page 13


 600      01010101 
 601              	.LASF6:
 602 0000 6C6F6E67 		.ascii	"long long int\000"
 602      206C6F6E 
 602      6720696E 
 602      7400
 603              	.LASF19:
 604 000e 75696E74 		.ascii	"uint32\000"
 604      333200
 605              	.LASF8:
 606 0015 756E7369 		.ascii	"unsigned int\000"
 606      676E6564 
 606      20696E74 
 606      00
 607              	.LASF13:
 608 0022 74656D70 		.ascii	"temp\000"
 608      00
 609              	.LASF14:
 610 0027 6E756D5F 		.ascii	"num_count\000"
 610      636F756E 
 610      7400
 611              	.LASF5:
 612 0031 6C6F6E67 		.ascii	"long unsigned int\000"
 612      20756E73 
 612      69676E65 
 612      6420696E 
 612      7400
 613              	.LASF18:
 614 0043 433A5C55 		.ascii	"C:\\Users\\Nick\\Documents\\PSoC Creator\\FSM.cywrk"
 614      73657273 
 614      5C4E6963 
 614      6B5C446F 
 614      63756D65 
 615 0071 5C46534D 		.ascii	"\\FSM\\FSM.cydsn\000"
 615      5C46534D 
 615      2E637964 
 615      736E00
 616              	.LASF7:
 617 0080 6C6F6E67 		.ascii	"long long unsigned int\000"
 617      206C6F6E 
 617      6720756E 
 617      7369676E 
 617      65642069 
 618              	.LASF15:
 619 0097 6469675F 		.ascii	"dig_count\000"
 619      636F756E 
 619      7400
 620              	.LASF16:
 621 00a1 474E5520 		.ascii	"GNU C 4.9.3 20150303 (release) [ARM/embedded-4_9-br"
 621      4320342E 
 621      392E3320 
 621      32303135 
 621      30333033 
 622 00d4 616E6368 		.ascii	"anch revision 221220] -mcpu=cortex-m0 -mthumb -g -O"
 622      20726576 
 622      6973696F 
 622      6E203232 
ARM GAS  C:\Users\Nick\AppData\Local\Temp\ccfUgSss.s 			page 14


 622      31323230 
 623 0107 30202D66 		.ascii	"0 -ffunction-sections -ffat-lto-objects\000"
 623      66756E63 
 623      74696F6E 
 623      2D736563 
 623      74696F6E 
 624              	.LASF1:
 625 012f 756E7369 		.ascii	"unsigned char\000"
 625      676E6564 
 625      20636861 
 625      7200
 626              	.LASF11:
 627 013d 63686172 		.ascii	"char\000"
 627      00
 628              	.LASF20:
 629 0142 7072696E 		.ascii	"print_hex\000"
 629      745F6865 
 629      7800
 630              	.LASF4:
 631 014c 6C6F6E67 		.ascii	"long int\000"
 631      20696E74 
 631      00
 632              	.LASF17:
 633 0155 7072696E 		.ascii	"print.c\000"
 633      742E6300 
 634              	.LASF10:
 635 015d 646F7562 		.ascii	"double\000"
 635      6C6500
 636              	.LASF3:
 637 0164 73686F72 		.ascii	"short unsigned int\000"
 637      7420756E 
 637      7369676E 
 637      65642069 
 637      6E7400
 638              	.LASF0:
 639 0177 7369676E 		.ascii	"signed char\000"
 639      65642063 
 639      68617200 
 640              	.LASF9:
 641 0183 666C6F61 		.ascii	"float\000"
 641      7400
 642              	.LASF2:
 643 0189 73686F72 		.ascii	"short int\000"
 643      7420696E 
 643      7400
 644              	.LASF21:
 645 0193 7072696E 		.ascii	"print_int\000"
 645      745F696E 
 645      7400
 646              	.LASF12:
 647 019d 73697A65 		.ascii	"sizetype\000"
 647      74797065 
 647      00
 648              		.ident	"GCC: (GNU Tools for ARM Embedded Processors) 4.9.3 20150303 (release) [ARM/embedded-4_9-br
