ARM GAS  C:\Users\Nick\AppData\Local\Temp\cccwMsGR.s 			page 1


   1              		.cpu cortex-m0
   2              		.fpu softvfp
   3              		.eabi_attribute 20, 1
   4              		.eabi_attribute 21, 1
   5              		.eabi_attribute 23, 3
   6              		.eabi_attribute 24, 1
   7              		.eabi_attribute 25, 1
   8              		.eabi_attribute 26, 1
   9              		.eabi_attribute 30, 6
  10              		.eabi_attribute 34, 0
  11              		.eabi_attribute 18, 4
  12              		.code	16
  13              		.file	"queue.c"
  14              		.text
  15              	.Ltext0:
  16              		.cfi_sections	.debug_frame
  17              		.section	.text.sum,"ax",%progbits
  18              		.align	2
  19              		.global	sum
  20              		.code	16
  21              		.thumb_func
  22              		.type	sum, %function
  23              	sum:
  24              	.LFB37:
  25              		.file 1 "queue.c"
   1:queue.c       **** /* ========================================
   2:queue.c       ****  *
   3:queue.c       ****  * Copyright YOUR COMPANY, THE YEAR
   4:queue.c       ****  * All Rights Reserved
   5:queue.c       ****  * UNPUBLISHED, LICENSED SOFTWARE.
   6:queue.c       ****  *
   7:queue.c       ****  * CONFIDENTIAL AND PROPRIETARY INFORMATION
   8:queue.c       ****  * WHICH IS THE PROPERTY OF your company.
   9:queue.c       ****  *
  10:queue.c       ****  * ========================================
  11:queue.c       **** */
  12:queue.c       **** #include "queue.h"
  13:queue.c       **** 
  14:queue.c       **** int sum(queue_t *queue) {
  26              		.loc 1 14 0
  27              		.cfi_startproc
  28 0000 80B5     		push	{r7, lr}
  29              		.cfi_def_cfa_offset 8
  30              		.cfi_offset 7, -8
  31              		.cfi_offset 14, -4
  32 0002 84B0     		sub	sp, sp, #16
  33              		.cfi_def_cfa_offset 24
  34 0004 00AF     		add	r7, sp, #0
  35              		.cfi_def_cfa_register 7
  36 0006 7860     		str	r0, [r7, #4]
  15:queue.c       ****     int sum = 0;
  37              		.loc 1 15 0
  38 0008 0023     		mov	r3, #0
  39 000a FB60     		str	r3, [r7, #12]
  16:queue.c       ****     int i;
  17:queue.c       ****     for(i = 0; i < QUEUE_SIZE; i++) {
  40              		.loc 1 17 0
ARM GAS  C:\Users\Nick\AppData\Local\Temp\cccwMsGR.s 			page 2


  41 000c 0023     		mov	r3, #0
  42 000e BB60     		str	r3, [r7, #8]
  43 0010 0AE0     		b	.L2
  44              	.L3:
  18:queue.c       ****         sum += (int)(queue->data[i]);
  45              		.loc 1 18 0 discriminator 3
  46 0012 7A68     		ldr	r2, [r7, #4]
  47 0014 BB68     		ldr	r3, [r7, #8]
  48 0016 D318     		add	r3, r2, r3
  49 0018 1B79     		ldrb	r3, [r3, #4]
  50 001a 5BB2     		sxtb	r3, r3
  51 001c FA68     		ldr	r2, [r7, #12]
  52 001e D318     		add	r3, r2, r3
  53 0020 FB60     		str	r3, [r7, #12]
  17:queue.c       ****         sum += (int)(queue->data[i]);
  54              		.loc 1 17 0 discriminator 3
  55 0022 BB68     		ldr	r3, [r7, #8]
  56 0024 0133     		add	r3, r3, #1
  57 0026 BB60     		str	r3, [r7, #8]
  58              	.L2:
  17:queue.c       ****         sum += (int)(queue->data[i]);
  59              		.loc 1 17 0 is_stmt 0 discriminator 1
  60 0028 BB68     		ldr	r3, [r7, #8]
  61 002a 052B     		cmp	r3, #5
  62 002c F1DD     		ble	.L3
  19:queue.c       ****     }
  20:queue.c       ****     return sum;
  63              		.loc 1 20 0 is_stmt 1
  64 002e FB68     		ldr	r3, [r7, #12]
  21:queue.c       **** }
  65              		.loc 1 21 0
  66 0030 181C     		mov	r0, r3
  67 0032 BD46     		mov	sp, r7
  68 0034 04B0     		add	sp, sp, #16
  69              		@ sp needed
  70 0036 80BD     		pop	{r7, pc}
  71              		.cfi_endproc
  72              	.LFE37:
  73              		.size	sum, .-sum
  74              		.global	__aeabi_idivmod
  75              		.section	.text.push,"ax",%progbits
  76              		.align	2
  77              		.global	push
  78              		.code	16
  79              		.thumb_func
  80              		.type	push, %function
  81              	push:
  82              	.LFB38:
  22:queue.c       **** 
  23:queue.c       **** void push(queue_t *queue, int8 val) {
  83              		.loc 1 23 0
  84              		.cfi_startproc
  85 0000 80B5     		push	{r7, lr}
  86              		.cfi_def_cfa_offset 8
  87              		.cfi_offset 7, -8
  88              		.cfi_offset 14, -4
  89 0002 82B0     		sub	sp, sp, #8
ARM GAS  C:\Users\Nick\AppData\Local\Temp\cccwMsGR.s 			page 3


  90              		.cfi_def_cfa_offset 16
  91 0004 00AF     		add	r7, sp, #0
  92              		.cfi_def_cfa_register 7
  93 0006 7860     		str	r0, [r7, #4]
  94 0008 0A1C     		mov	r2, r1
  95 000a FB1C     		add	r3, r7, #3
  96 000c 1A70     		strb	r2, [r3]
  24:queue.c       ****     queue->head = (queue->head + 1) % QUEUE_SIZE;
  97              		.loc 1 24 0
  98 000e 7B68     		ldr	r3, [r7, #4]
  99 0010 1B68     		ldr	r3, [r3]
 100 0012 0133     		add	r3, r3, #1
 101 0014 181C     		mov	r0, r3
 102 0016 0621     		mov	r1, #6
 103 0018 FFF7FEFF 		bl	__aeabi_idivmod
 104 001c 0B1C     		mov	r3, r1
 105 001e 1A1C     		mov	r2, r3
 106 0020 7B68     		ldr	r3, [r7, #4]
 107 0022 1A60     		str	r2, [r3]
  25:queue.c       ****     queue->data[queue->head] = val;
 108              		.loc 1 25 0
 109 0024 7B68     		ldr	r3, [r7, #4]
 110 0026 1B68     		ldr	r3, [r3]
 111 0028 7968     		ldr	r1, [r7, #4]
 112 002a FA1C     		add	r2, r7, #3
 113 002c CB18     		add	r3, r1, r3
 114 002e 1278     		ldrb	r2, [r2]
 115 0030 1A71     		strb	r2, [r3, #4]
  26:queue.c       **** }
 116              		.loc 1 26 0
 117 0032 BD46     		mov	sp, r7
 118 0034 02B0     		add	sp, sp, #8
 119              		@ sp needed
 120 0036 80BD     		pop	{r7, pc}
 121              		.cfi_endproc
 122              	.LFE38:
 123              		.size	push, .-push
 124              		.section	.text.init_queue,"ax",%progbits
 125              		.align	2
 126              		.global	init_queue
 127              		.code	16
 128              		.thumb_func
 129              		.type	init_queue, %function
 130              	init_queue:
 131              	.LFB39:
  27:queue.c       **** 
  28:queue.c       **** void init_queue(queue_t *queue) {
 132              		.loc 1 28 0
 133              		.cfi_startproc
 134 0000 80B5     		push	{r7, lr}
 135              		.cfi_def_cfa_offset 8
 136              		.cfi_offset 7, -8
 137              		.cfi_offset 14, -4
 138 0002 84B0     		sub	sp, sp, #16
 139              		.cfi_def_cfa_offset 24
 140 0004 00AF     		add	r7, sp, #0
 141              		.cfi_def_cfa_register 7
ARM GAS  C:\Users\Nick\AppData\Local\Temp\cccwMsGR.s 			page 4


 142 0006 7860     		str	r0, [r7, #4]
  29:queue.c       ****     int i;
  30:queue.c       ****     queue->head = -1;
 143              		.loc 1 30 0
 144 0008 7B68     		ldr	r3, [r7, #4]
 145 000a 0122     		mov	r2, #1
 146 000c 5242     		neg	r2, r2
 147 000e 1A60     		str	r2, [r3]
  31:queue.c       ****     for (i = 0; i < QUEUE_SIZE; i++) {
 148              		.loc 1 31 0
 149 0010 0023     		mov	r3, #0
 150 0012 FB60     		str	r3, [r7, #12]
 151 0014 07E0     		b	.L7
 152              	.L8:
  32:queue.c       ****         queue->data[i] = 0;
 153              		.loc 1 32 0 discriminator 3
 154 0016 7A68     		ldr	r2, [r7, #4]
 155 0018 FB68     		ldr	r3, [r7, #12]
 156 001a D318     		add	r3, r2, r3
 157 001c 0022     		mov	r2, #0
 158 001e 1A71     		strb	r2, [r3, #4]
  31:queue.c       ****     for (i = 0; i < QUEUE_SIZE; i++) {
 159              		.loc 1 31 0 discriminator 3
 160 0020 FB68     		ldr	r3, [r7, #12]
 161 0022 0133     		add	r3, r3, #1
 162 0024 FB60     		str	r3, [r7, #12]
 163              	.L7:
  31:queue.c       ****     for (i = 0; i < QUEUE_SIZE; i++) {
 164              		.loc 1 31 0 is_stmt 0 discriminator 1
 165 0026 FB68     		ldr	r3, [r7, #12]
 166 0028 052B     		cmp	r3, #5
 167 002a F4DD     		ble	.L8
  33:queue.c       ****     }
  34:queue.c       **** }
 168              		.loc 1 34 0 is_stmt 1
 169 002c BD46     		mov	sp, r7
 170 002e 04B0     		add	sp, sp, #16
 171              		@ sp needed
 172 0030 80BD     		pop	{r7, pc}
 173              		.cfi_endproc
 174              	.LFE39:
 175              		.size	init_queue, .-init_queue
 176 0032 C046     		.section	.text.peek,"ax",%progbits
 177              		.align	2
 178              		.global	peek
 179              		.code	16
 180              		.thumb_func
 181              		.type	peek, %function
 182              	peek:
 183              	.LFB40:
  35:queue.c       **** 
  36:queue.c       **** int8 peek(queue_t *queue) {
 184              		.loc 1 36 0
 185              		.cfi_startproc
 186 0000 80B5     		push	{r7, lr}
 187              		.cfi_def_cfa_offset 8
 188              		.cfi_offset 7, -8
ARM GAS  C:\Users\Nick\AppData\Local\Temp\cccwMsGR.s 			page 5


 189              		.cfi_offset 14, -4
 190 0002 82B0     		sub	sp, sp, #8
 191              		.cfi_def_cfa_offset 16
 192 0004 00AF     		add	r7, sp, #0
 193              		.cfi_def_cfa_register 7
 194 0006 7860     		str	r0, [r7, #4]
  37:queue.c       ****     return queue->data[queue->head];
 195              		.loc 1 37 0
 196 0008 7B68     		ldr	r3, [r7, #4]
 197 000a 1B68     		ldr	r3, [r3]
 198 000c 7A68     		ldr	r2, [r7, #4]
 199 000e D318     		add	r3, r2, r3
 200 0010 1B79     		ldrb	r3, [r3, #4]
 201 0012 5BB2     		sxtb	r3, r3
  38:queue.c       **** }
 202              		.loc 1 38 0
 203 0014 181C     		mov	r0, r3
 204 0016 BD46     		mov	sp, r7
 205 0018 02B0     		add	sp, sp, #8
 206              		@ sp needed
 207 001a 80BD     		pop	{r7, pc}
 208              		.cfi_endproc
 209              	.LFE40:
 210              		.size	peek, .-peek
 211              		.text
 212              	.Letext0:
 213              		.file 2 "queue.h"
 214              		.file 3 "Generated_Source\\PSoC4/cytypes.h"
 215              		.section	.debug_info,"",%progbits
 216              	.Ldebug_info0:
 217 0000 9A010000 		.4byte	0x19a
 218 0004 0400     		.2byte	0x4
 219 0006 00000000 		.4byte	.Ldebug_abbrev0
 220 000a 04       		.byte	0x4
 221 000b 01       		.uleb128 0x1
 222 000c 0E000000 		.4byte	.LASF21
 223 0010 01       		.byte	0x1
 224 0011 B3000000 		.4byte	.LASF22
 225 0015 CD000000 		.4byte	.LASF23
 226 0019 00000000 		.4byte	.Ldebug_ranges0+0
 227 001d 00000000 		.4byte	0
 228 0021 00000000 		.4byte	.Ldebug_line0
 229 0025 02       		.uleb128 0x2
 230 0026 01       		.byte	0x1
 231 0027 06       		.byte	0x6
 232 0028 7A010000 		.4byte	.LASF0
 233 002c 02       		.uleb128 0x2
 234 002d 01       		.byte	0x1
 235 002e 08       		.byte	0x8
 236 002f 3F010000 		.4byte	.LASF1
 237 0033 02       		.uleb128 0x2
 238 0034 02       		.byte	0x2
 239 0035 05       		.byte	0x5
 240 0036 91010000 		.4byte	.LASF2
 241 003a 02       		.uleb128 0x2
 242 003b 02       		.byte	0x2
 243 003c 07       		.byte	0x7
ARM GAS  C:\Users\Nick\AppData\Local\Temp\cccwMsGR.s 			page 6


 244 003d 67010000 		.4byte	.LASF3
 245 0041 02       		.uleb128 0x2
 246 0042 04       		.byte	0x4
 247 0043 05       		.byte	0x5
 248 0044 52010000 		.4byte	.LASF4
 249 0048 02       		.uleb128 0x2
 250 0049 04       		.byte	0x4
 251 004a 07       		.byte	0x7
 252 004b BB000000 		.4byte	.LASF5
 253 004f 02       		.uleb128 0x2
 254 0050 08       		.byte	0x8
 255 0051 05       		.byte	0x5
 256 0052 00000000 		.4byte	.LASF6
 257 0056 02       		.uleb128 0x2
 258 0057 08       		.byte	0x8
 259 0058 07       		.byte	0x7
 260 0059 0A010000 		.4byte	.LASF7
 261 005d 03       		.uleb128 0x3
 262 005e 04       		.byte	0x4
 263 005f 05       		.byte	0x5
 264 0060 696E7400 		.ascii	"int\000"
 265 0064 02       		.uleb128 0x2
 266 0065 04       		.byte	0x4
 267 0066 07       		.byte	0x7
 268 0067 A1000000 		.4byte	.LASF8
 269 006b 04       		.uleb128 0x4
 270 006c AE000000 		.4byte	.LASF15
 271 0070 03       		.byte	0x3
 272 0071 BC01     		.2byte	0x1bc
 273 0073 25000000 		.4byte	0x25
 274 0077 02       		.uleb128 0x2
 275 0078 04       		.byte	0x4
 276 0079 04       		.byte	0x4
 277 007a 8B010000 		.4byte	.LASF9
 278 007e 02       		.uleb128 0x2
 279 007f 08       		.byte	0x8
 280 0080 04       		.byte	0x4
 281 0081 60010000 		.4byte	.LASF10
 282 0085 02       		.uleb128 0x2
 283 0086 01       		.byte	0x1
 284 0087 08       		.byte	0x8
 285 0088 3A010000 		.4byte	.LASF11
 286 008c 02       		.uleb128 0x2
 287 008d 04       		.byte	0x4
 288 008e 07       		.byte	0x7
 289 008f 9B010000 		.4byte	.LASF12
 290 0093 05       		.uleb128 0x5
 291 0094 0C       		.byte	0xc
 292 0095 02       		.byte	0x2
 293 0096 12       		.byte	0x12
 294 0097 B4000000 		.4byte	0xb4
 295 009b 06       		.uleb128 0x6
 296 009c 5B010000 		.4byte	.LASF13
 297 00a0 02       		.byte	0x2
 298 00a1 13       		.byte	0x13
 299 00a2 5D000000 		.4byte	0x5d
 300 00a6 00       		.byte	0
ARM GAS  C:\Users\Nick\AppData\Local\Temp\cccwMsGR.s 			page 7


 301 00a7 06       		.uleb128 0x6
 302 00a8 4D010000 		.4byte	.LASF14
 303 00ac 02       		.byte	0x2
 304 00ad 14       		.byte	0x14
 305 00ae B4000000 		.4byte	0xb4
 306 00b2 04       		.byte	0x4
 307 00b3 00       		.byte	0
 308 00b4 07       		.uleb128 0x7
 309 00b5 6B000000 		.4byte	0x6b
 310 00b9 C4000000 		.4byte	0xc4
 311 00bd 08       		.uleb128 0x8
 312 00be 8C000000 		.4byte	0x8c
 313 00c2 05       		.byte	0x5
 314 00c3 00       		.byte	0
 315 00c4 09       		.uleb128 0x9
 316 00c5 27010000 		.4byte	.LASF16
 317 00c9 02       		.byte	0x2
 318 00ca 15       		.byte	0x15
 319 00cb 93000000 		.4byte	0x93
 320 00cf 0A       		.uleb128 0xa
 321 00d0 73756D00 		.ascii	"sum\000"
 322 00d4 01       		.byte	0x1
 323 00d5 0E       		.byte	0xe
 324 00d6 5D000000 		.4byte	0x5d
 325 00da 00000000 		.4byte	.LFB37
 326 00de 38000000 		.4byte	.LFE37-.LFB37
 327 00e2 01       		.uleb128 0x1
 328 00e3 9C       		.byte	0x9c
 329 00e4 11010000 		.4byte	0x111
 330 00e8 0B       		.uleb128 0xb
 331 00e9 21010000 		.4byte	.LASF17
 332 00ed 01       		.byte	0x1
 333 00ee 0E       		.byte	0xe
 334 00ef 11010000 		.4byte	0x111
 335 00f3 02       		.uleb128 0x2
 336 00f4 91       		.byte	0x91
 337 00f5 6C       		.sleb128 -20
 338 00f6 0C       		.uleb128 0xc
 339 00f7 73756D00 		.ascii	"sum\000"
 340 00fb 01       		.byte	0x1
 341 00fc 0F       		.byte	0xf
 342 00fd 5D000000 		.4byte	0x5d
 343 0101 02       		.uleb128 0x2
 344 0102 91       		.byte	0x91
 345 0103 74       		.sleb128 -12
 346 0104 0C       		.uleb128 0xc
 347 0105 6900     		.ascii	"i\000"
 348 0107 01       		.byte	0x1
 349 0108 10       		.byte	0x10
 350 0109 5D000000 		.4byte	0x5d
 351 010d 02       		.uleb128 0x2
 352 010e 91       		.byte	0x91
 353 010f 70       		.sleb128 -16
 354 0110 00       		.byte	0
 355 0111 0D       		.uleb128 0xd
 356 0112 04       		.byte	0x4
 357 0113 C4000000 		.4byte	0xc4
ARM GAS  C:\Users\Nick\AppData\Local\Temp\cccwMsGR.s 			page 8


 358 0117 0E       		.uleb128 0xe
 359 0118 86010000 		.4byte	.LASF18
 360 011c 01       		.byte	0x1
 361 011d 17       		.byte	0x17
 362 011e 00000000 		.4byte	.LFB38
 363 0122 38000000 		.4byte	.LFE38-.LFB38
 364 0126 01       		.uleb128 0x1
 365 0127 9C       		.byte	0x9c
 366 0128 49010000 		.4byte	0x149
 367 012c 0B       		.uleb128 0xb
 368 012d 21010000 		.4byte	.LASF17
 369 0131 01       		.byte	0x1
 370 0132 17       		.byte	0x17
 371 0133 11010000 		.4byte	0x111
 372 0137 02       		.uleb128 0x2
 373 0138 91       		.byte	0x91
 374 0139 74       		.sleb128 -12
 375 013a 0F       		.uleb128 0xf
 376 013b 76616C00 		.ascii	"val\000"
 377 013f 01       		.byte	0x1
 378 0140 17       		.byte	0x17
 379 0141 6B000000 		.4byte	0x6b
 380 0145 02       		.uleb128 0x2
 381 0146 91       		.byte	0x91
 382 0147 73       		.sleb128 -13
 383 0148 00       		.byte	0
 384 0149 10       		.uleb128 0x10
 385 014a 2F010000 		.4byte	.LASF19
 386 014e 01       		.byte	0x1
 387 014f 1C       		.byte	0x1c
 388 0150 00000000 		.4byte	.LFB39
 389 0154 32000000 		.4byte	.LFE39-.LFB39
 390 0158 01       		.uleb128 0x1
 391 0159 9C       		.byte	0x9c
 392 015a 79010000 		.4byte	0x179
 393 015e 0B       		.uleb128 0xb
 394 015f 21010000 		.4byte	.LASF17
 395 0163 01       		.byte	0x1
 396 0164 1C       		.byte	0x1c
 397 0165 11010000 		.4byte	0x111
 398 0169 02       		.uleb128 0x2
 399 016a 91       		.byte	0x91
 400 016b 6C       		.sleb128 -20
 401 016c 0C       		.uleb128 0xc
 402 016d 6900     		.ascii	"i\000"
 403 016f 01       		.byte	0x1
 404 0170 1D       		.byte	0x1d
 405 0171 5D000000 		.4byte	0x5d
 406 0175 02       		.uleb128 0x2
 407 0176 91       		.byte	0x91
 408 0177 74       		.sleb128 -12
 409 0178 00       		.byte	0
 410 0179 11       		.uleb128 0x11
 411 017a 9C000000 		.4byte	.LASF20
 412 017e 01       		.byte	0x1
 413 017f 24       		.byte	0x24
 414 0180 6B000000 		.4byte	0x6b
ARM GAS  C:\Users\Nick\AppData\Local\Temp\cccwMsGR.s 			page 9


 415 0184 00000000 		.4byte	.LFB40
 416 0188 1C000000 		.4byte	.LFE40-.LFB40
 417 018c 01       		.uleb128 0x1
 418 018d 9C       		.byte	0x9c
 419 018e 0B       		.uleb128 0xb
 420 018f 21010000 		.4byte	.LASF17
 421 0193 01       		.byte	0x1
 422 0194 24       		.byte	0x24
 423 0195 11010000 		.4byte	0x111
 424 0199 02       		.uleb128 0x2
 425 019a 91       		.byte	0x91
 426 019b 74       		.sleb128 -12
 427 019c 00       		.byte	0
 428 019d 00       		.byte	0
 429              		.section	.debug_abbrev,"",%progbits
 430              	.Ldebug_abbrev0:
 431 0000 01       		.uleb128 0x1
 432 0001 11       		.uleb128 0x11
 433 0002 01       		.byte	0x1
 434 0003 25       		.uleb128 0x25
 435 0004 0E       		.uleb128 0xe
 436 0005 13       		.uleb128 0x13
 437 0006 0B       		.uleb128 0xb
 438 0007 03       		.uleb128 0x3
 439 0008 0E       		.uleb128 0xe
 440 0009 1B       		.uleb128 0x1b
 441 000a 0E       		.uleb128 0xe
 442 000b 55       		.uleb128 0x55
 443 000c 17       		.uleb128 0x17
 444 000d 11       		.uleb128 0x11
 445 000e 01       		.uleb128 0x1
 446 000f 10       		.uleb128 0x10
 447 0010 17       		.uleb128 0x17
 448 0011 00       		.byte	0
 449 0012 00       		.byte	0
 450 0013 02       		.uleb128 0x2
 451 0014 24       		.uleb128 0x24
 452 0015 00       		.byte	0
 453 0016 0B       		.uleb128 0xb
 454 0017 0B       		.uleb128 0xb
 455 0018 3E       		.uleb128 0x3e
 456 0019 0B       		.uleb128 0xb
 457 001a 03       		.uleb128 0x3
 458 001b 0E       		.uleb128 0xe
 459 001c 00       		.byte	0
 460 001d 00       		.byte	0
 461 001e 03       		.uleb128 0x3
 462 001f 24       		.uleb128 0x24
 463 0020 00       		.byte	0
 464 0021 0B       		.uleb128 0xb
 465 0022 0B       		.uleb128 0xb
 466 0023 3E       		.uleb128 0x3e
 467 0024 0B       		.uleb128 0xb
 468 0025 03       		.uleb128 0x3
 469 0026 08       		.uleb128 0x8
 470 0027 00       		.byte	0
 471 0028 00       		.byte	0
ARM GAS  C:\Users\Nick\AppData\Local\Temp\cccwMsGR.s 			page 10


 472 0029 04       		.uleb128 0x4
 473 002a 16       		.uleb128 0x16
 474 002b 00       		.byte	0
 475 002c 03       		.uleb128 0x3
 476 002d 0E       		.uleb128 0xe
 477 002e 3A       		.uleb128 0x3a
 478 002f 0B       		.uleb128 0xb
 479 0030 3B       		.uleb128 0x3b
 480 0031 05       		.uleb128 0x5
 481 0032 49       		.uleb128 0x49
 482 0033 13       		.uleb128 0x13
 483 0034 00       		.byte	0
 484 0035 00       		.byte	0
 485 0036 05       		.uleb128 0x5
 486 0037 13       		.uleb128 0x13
 487 0038 01       		.byte	0x1
 488 0039 0B       		.uleb128 0xb
 489 003a 0B       		.uleb128 0xb
 490 003b 3A       		.uleb128 0x3a
 491 003c 0B       		.uleb128 0xb
 492 003d 3B       		.uleb128 0x3b
 493 003e 0B       		.uleb128 0xb
 494 003f 01       		.uleb128 0x1
 495 0040 13       		.uleb128 0x13
 496 0041 00       		.byte	0
 497 0042 00       		.byte	0
 498 0043 06       		.uleb128 0x6
 499 0044 0D       		.uleb128 0xd
 500 0045 00       		.byte	0
 501 0046 03       		.uleb128 0x3
 502 0047 0E       		.uleb128 0xe
 503 0048 3A       		.uleb128 0x3a
 504 0049 0B       		.uleb128 0xb
 505 004a 3B       		.uleb128 0x3b
 506 004b 0B       		.uleb128 0xb
 507 004c 49       		.uleb128 0x49
 508 004d 13       		.uleb128 0x13
 509 004e 38       		.uleb128 0x38
 510 004f 0B       		.uleb128 0xb
 511 0050 00       		.byte	0
 512 0051 00       		.byte	0
 513 0052 07       		.uleb128 0x7
 514 0053 01       		.uleb128 0x1
 515 0054 01       		.byte	0x1
 516 0055 49       		.uleb128 0x49
 517 0056 13       		.uleb128 0x13
 518 0057 01       		.uleb128 0x1
 519 0058 13       		.uleb128 0x13
 520 0059 00       		.byte	0
 521 005a 00       		.byte	0
 522 005b 08       		.uleb128 0x8
 523 005c 21       		.uleb128 0x21
 524 005d 00       		.byte	0
 525 005e 49       		.uleb128 0x49
 526 005f 13       		.uleb128 0x13
 527 0060 2F       		.uleb128 0x2f
 528 0061 0B       		.uleb128 0xb
ARM GAS  C:\Users\Nick\AppData\Local\Temp\cccwMsGR.s 			page 11


 529 0062 00       		.byte	0
 530 0063 00       		.byte	0
 531 0064 09       		.uleb128 0x9
 532 0065 16       		.uleb128 0x16
 533 0066 00       		.byte	0
 534 0067 03       		.uleb128 0x3
 535 0068 0E       		.uleb128 0xe
 536 0069 3A       		.uleb128 0x3a
 537 006a 0B       		.uleb128 0xb
 538 006b 3B       		.uleb128 0x3b
 539 006c 0B       		.uleb128 0xb
 540 006d 49       		.uleb128 0x49
 541 006e 13       		.uleb128 0x13
 542 006f 00       		.byte	0
 543 0070 00       		.byte	0
 544 0071 0A       		.uleb128 0xa
 545 0072 2E       		.uleb128 0x2e
 546 0073 01       		.byte	0x1
 547 0074 3F       		.uleb128 0x3f
 548 0075 19       		.uleb128 0x19
 549 0076 03       		.uleb128 0x3
 550 0077 08       		.uleb128 0x8
 551 0078 3A       		.uleb128 0x3a
 552 0079 0B       		.uleb128 0xb
 553 007a 3B       		.uleb128 0x3b
 554 007b 0B       		.uleb128 0xb
 555 007c 27       		.uleb128 0x27
 556 007d 19       		.uleb128 0x19
 557 007e 49       		.uleb128 0x49
 558 007f 13       		.uleb128 0x13
 559 0080 11       		.uleb128 0x11
 560 0081 01       		.uleb128 0x1
 561 0082 12       		.uleb128 0x12
 562 0083 06       		.uleb128 0x6
 563 0084 40       		.uleb128 0x40
 564 0085 18       		.uleb128 0x18
 565 0086 9742     		.uleb128 0x2117
 566 0088 19       		.uleb128 0x19
 567 0089 01       		.uleb128 0x1
 568 008a 13       		.uleb128 0x13
 569 008b 00       		.byte	0
 570 008c 00       		.byte	0
 571 008d 0B       		.uleb128 0xb
 572 008e 05       		.uleb128 0x5
 573 008f 00       		.byte	0
 574 0090 03       		.uleb128 0x3
 575 0091 0E       		.uleb128 0xe
 576 0092 3A       		.uleb128 0x3a
 577 0093 0B       		.uleb128 0xb
 578 0094 3B       		.uleb128 0x3b
 579 0095 0B       		.uleb128 0xb
 580 0096 49       		.uleb128 0x49
 581 0097 13       		.uleb128 0x13
 582 0098 02       		.uleb128 0x2
 583 0099 18       		.uleb128 0x18
 584 009a 00       		.byte	0
 585 009b 00       		.byte	0
ARM GAS  C:\Users\Nick\AppData\Local\Temp\cccwMsGR.s 			page 12


 586 009c 0C       		.uleb128 0xc
 587 009d 34       		.uleb128 0x34
 588 009e 00       		.byte	0
 589 009f 03       		.uleb128 0x3
 590 00a0 08       		.uleb128 0x8
 591 00a1 3A       		.uleb128 0x3a
 592 00a2 0B       		.uleb128 0xb
 593 00a3 3B       		.uleb128 0x3b
 594 00a4 0B       		.uleb128 0xb
 595 00a5 49       		.uleb128 0x49
 596 00a6 13       		.uleb128 0x13
 597 00a7 02       		.uleb128 0x2
 598 00a8 18       		.uleb128 0x18
 599 00a9 00       		.byte	0
 600 00aa 00       		.byte	0
 601 00ab 0D       		.uleb128 0xd
 602 00ac 0F       		.uleb128 0xf
 603 00ad 00       		.byte	0
 604 00ae 0B       		.uleb128 0xb
 605 00af 0B       		.uleb128 0xb
 606 00b0 49       		.uleb128 0x49
 607 00b1 13       		.uleb128 0x13
 608 00b2 00       		.byte	0
 609 00b3 00       		.byte	0
 610 00b4 0E       		.uleb128 0xe
 611 00b5 2E       		.uleb128 0x2e
 612 00b6 01       		.byte	0x1
 613 00b7 3F       		.uleb128 0x3f
 614 00b8 19       		.uleb128 0x19
 615 00b9 03       		.uleb128 0x3
 616 00ba 0E       		.uleb128 0xe
 617 00bb 3A       		.uleb128 0x3a
 618 00bc 0B       		.uleb128 0xb
 619 00bd 3B       		.uleb128 0x3b
 620 00be 0B       		.uleb128 0xb
 621 00bf 27       		.uleb128 0x27
 622 00c0 19       		.uleb128 0x19
 623 00c1 11       		.uleb128 0x11
 624 00c2 01       		.uleb128 0x1
 625 00c3 12       		.uleb128 0x12
 626 00c4 06       		.uleb128 0x6
 627 00c5 40       		.uleb128 0x40
 628 00c6 18       		.uleb128 0x18
 629 00c7 9642     		.uleb128 0x2116
 630 00c9 19       		.uleb128 0x19
 631 00ca 01       		.uleb128 0x1
 632 00cb 13       		.uleb128 0x13
 633 00cc 00       		.byte	0
 634 00cd 00       		.byte	0
 635 00ce 0F       		.uleb128 0xf
 636 00cf 05       		.uleb128 0x5
 637 00d0 00       		.byte	0
 638 00d1 03       		.uleb128 0x3
 639 00d2 08       		.uleb128 0x8
 640 00d3 3A       		.uleb128 0x3a
 641 00d4 0B       		.uleb128 0xb
 642 00d5 3B       		.uleb128 0x3b
ARM GAS  C:\Users\Nick\AppData\Local\Temp\cccwMsGR.s 			page 13


 643 00d6 0B       		.uleb128 0xb
 644 00d7 49       		.uleb128 0x49
 645 00d8 13       		.uleb128 0x13
 646 00d9 02       		.uleb128 0x2
 647 00da 18       		.uleb128 0x18
 648 00db 00       		.byte	0
 649 00dc 00       		.byte	0
 650 00dd 10       		.uleb128 0x10
 651 00de 2E       		.uleb128 0x2e
 652 00df 01       		.byte	0x1
 653 00e0 3F       		.uleb128 0x3f
 654 00e1 19       		.uleb128 0x19
 655 00e2 03       		.uleb128 0x3
 656 00e3 0E       		.uleb128 0xe
 657 00e4 3A       		.uleb128 0x3a
 658 00e5 0B       		.uleb128 0xb
 659 00e6 3B       		.uleb128 0x3b
 660 00e7 0B       		.uleb128 0xb
 661 00e8 27       		.uleb128 0x27
 662 00e9 19       		.uleb128 0x19
 663 00ea 11       		.uleb128 0x11
 664 00eb 01       		.uleb128 0x1
 665 00ec 12       		.uleb128 0x12
 666 00ed 06       		.uleb128 0x6
 667 00ee 40       		.uleb128 0x40
 668 00ef 18       		.uleb128 0x18
 669 00f0 9742     		.uleb128 0x2117
 670 00f2 19       		.uleb128 0x19
 671 00f3 01       		.uleb128 0x1
 672 00f4 13       		.uleb128 0x13
 673 00f5 00       		.byte	0
 674 00f6 00       		.byte	0
 675 00f7 11       		.uleb128 0x11
 676 00f8 2E       		.uleb128 0x2e
 677 00f9 01       		.byte	0x1
 678 00fa 3F       		.uleb128 0x3f
 679 00fb 19       		.uleb128 0x19
 680 00fc 03       		.uleb128 0x3
 681 00fd 0E       		.uleb128 0xe
 682 00fe 3A       		.uleb128 0x3a
 683 00ff 0B       		.uleb128 0xb
 684 0100 3B       		.uleb128 0x3b
 685 0101 0B       		.uleb128 0xb
 686 0102 27       		.uleb128 0x27
 687 0103 19       		.uleb128 0x19
 688 0104 49       		.uleb128 0x49
 689 0105 13       		.uleb128 0x13
 690 0106 11       		.uleb128 0x11
 691 0107 01       		.uleb128 0x1
 692 0108 12       		.uleb128 0x12
 693 0109 06       		.uleb128 0x6
 694 010a 40       		.uleb128 0x40
 695 010b 18       		.uleb128 0x18
 696 010c 9742     		.uleb128 0x2117
 697 010e 19       		.uleb128 0x19
 698 010f 00       		.byte	0
 699 0110 00       		.byte	0
ARM GAS  C:\Users\Nick\AppData\Local\Temp\cccwMsGR.s 			page 14


 700 0111 00       		.byte	0
 701              		.section	.debug_aranges,"",%progbits
 702 0000 34000000 		.4byte	0x34
 703 0004 0200     		.2byte	0x2
 704 0006 00000000 		.4byte	.Ldebug_info0
 705 000a 04       		.byte	0x4
 706 000b 00       		.byte	0
 707 000c 0000     		.2byte	0
 708 000e 0000     		.2byte	0
 709 0010 00000000 		.4byte	.LFB37
 710 0014 38000000 		.4byte	.LFE37-.LFB37
 711 0018 00000000 		.4byte	.LFB38
 712 001c 38000000 		.4byte	.LFE38-.LFB38
 713 0020 00000000 		.4byte	.LFB39
 714 0024 32000000 		.4byte	.LFE39-.LFB39
 715 0028 00000000 		.4byte	.LFB40
 716 002c 1C000000 		.4byte	.LFE40-.LFB40
 717 0030 00000000 		.4byte	0
 718 0034 00000000 		.4byte	0
 719              		.section	.debug_ranges,"",%progbits
 720              	.Ldebug_ranges0:
 721 0000 00000000 		.4byte	.LFB37
 722 0004 38000000 		.4byte	.LFE37
 723 0008 00000000 		.4byte	.LFB38
 724 000c 38000000 		.4byte	.LFE38
 725 0010 00000000 		.4byte	.LFB39
 726 0014 32000000 		.4byte	.LFE39
 727 0018 00000000 		.4byte	.LFB40
 728 001c 1C000000 		.4byte	.LFE40
 729 0020 00000000 		.4byte	0
 730 0024 00000000 		.4byte	0
 731              		.section	.debug_line,"",%progbits
 732              	.Ldebug_line0:
 733 0000 BD000000 		.section	.debug_str,"MS",%progbits,1
 733      02004D00 
 733      00000201 
 733      FB0E0D00 
 733      01010101 
 734              	.LASF6:
 735 0000 6C6F6E67 		.ascii	"long long int\000"
 735      206C6F6E 
 735      6720696E 
 735      7400
 736              	.LASF21:
 737 000e 474E5520 		.ascii	"GNU C 4.9.3 20150303 (release) [ARM/embedded-4_9-br"
 737      4320342E 
 737      392E3320 
 737      32303135 
 737      30333033 
 738 0041 616E6368 		.ascii	"anch revision 221220] -mcpu=cortex-m0 -mthumb -g -O"
 738      20726576 
 738      6973696F 
 738      6E203232 
 738      31323230 
 739 0074 30202D66 		.ascii	"0 -ffunction-sections -ffat-lto-objects\000"
 739      66756E63 
 739      74696F6E 
ARM GAS  C:\Users\Nick\AppData\Local\Temp\cccwMsGR.s 			page 15


 739      2D736563 
 739      74696F6E 
 740              	.LASF20:
 741 009c 7065656B 		.ascii	"peek\000"
 741      00
 742              	.LASF8:
 743 00a1 756E7369 		.ascii	"unsigned int\000"
 743      676E6564 
 743      20696E74 
 743      00
 744              	.LASF15:
 745 00ae 696E7438 		.ascii	"int8\000"
 745      00
 746              	.LASF22:
 747 00b3 71756575 		.ascii	"queue.c\000"
 747      652E6300 
 748              	.LASF5:
 749 00bb 6C6F6E67 		.ascii	"long unsigned int\000"
 749      20756E73 
 749      69676E65 
 749      6420696E 
 749      7400
 750              	.LASF23:
 751 00cd 433A5C55 		.ascii	"C:\\Users\\Nick\\Documents\\PSoC Creator\\FSM.cywrk"
 751      73657273 
 751      5C4E6963 
 751      6B5C446F 
 751      63756D65 
 752 00fb 5C46534D 		.ascii	"\\FSM\\FSM.cydsn\000"
 752      5C46534D 
 752      2E637964 
 752      736E00
 753              	.LASF7:
 754 010a 6C6F6E67 		.ascii	"long long unsigned int\000"
 754      206C6F6E 
 754      6720756E 
 754      7369676E 
 754      65642069 
 755              	.LASF17:
 756 0121 71756575 		.ascii	"queue\000"
 756      6500
 757              	.LASF16:
 758 0127 71756575 		.ascii	"queue_t\000"
 758      655F7400 
 759              	.LASF19:
 760 012f 696E6974 		.ascii	"init_queue\000"
 760      5F717565 
 760      756500
 761              	.LASF11:
 762 013a 63686172 		.ascii	"char\000"
 762      00
 763              	.LASF1:
 764 013f 756E7369 		.ascii	"unsigned char\000"
 764      676E6564 
 764      20636861 
 764      7200
 765              	.LASF14:
ARM GAS  C:\Users\Nick\AppData\Local\Temp\cccwMsGR.s 			page 16


 766 014d 64617461 		.ascii	"data\000"
 766      00
 767              	.LASF4:
 768 0152 6C6F6E67 		.ascii	"long int\000"
 768      20696E74 
 768      00
 769              	.LASF13:
 770 015b 68656164 		.ascii	"head\000"
 770      00
 771              	.LASF10:
 772 0160 646F7562 		.ascii	"double\000"
 772      6C6500
 773              	.LASF3:
 774 0167 73686F72 		.ascii	"short unsigned int\000"
 774      7420756E 
 774      7369676E 
 774      65642069 
 774      6E7400
 775              	.LASF0:
 776 017a 7369676E 		.ascii	"signed char\000"
 776      65642063 
 776      68617200 
 777              	.LASF18:
 778 0186 70757368 		.ascii	"push\000"
 778      00
 779              	.LASF9:
 780 018b 666C6F61 		.ascii	"float\000"
 780      7400
 781              	.LASF2:
 782 0191 73686F72 		.ascii	"short int\000"
 782      7420696E 
 782      7400
 783              	.LASF12:
 784 019b 73697A65 		.ascii	"sizetype\000"
 784      74797065 
 784      00
 785              		.ident	"GCC: (GNU Tools for ARM Embedded Processors) 4.9.3 20150303 (release) [ARM/embedded-4_9-br
